---------------------------------------------------------------
[ 2017-11-14T14:25:26+08:00 ] 127.0.0.1 127.0.0.1 GET /myProject/tp5/public/index.php/demo/Index/hello
[ error ] [1]Call to undefined method app\demo\controller\Index::fetch()
---------------------------------------------------------------
[ 2017-11-14T14:26:40+08:00 ] 127.0.0.1 127.0.0.1 GET /myProject/tp5/public/index.php/demo/Index/hello
[ error ] [0]模板文件不存在:E:\study\graduationProject\shua\tp5\public/../application/demo\view\index\hello.html
---------------------------------------------------------------
[ 2017-11-14T14:26:42+08:00 ] 127.0.0.1 127.0.0.1 GET /myProject/tp5/public/index.php/demo/Index/hello
[ error ] [0]模板文件不存在:E:\study\graduationProject\shua\tp5\public/../application/demo\view\index\hello.html
---------------------------------------------------------------
[ 2017-11-14T14:31:03+08:00 ] 127.0.0.1 127.0.0.1 GET /myProject/tp5/public/index.php/demo/Index/hello
[ info ] localhost/myProject/tp5/public/index.php/demo/Index/hello [运行时间：0.123007s][吞吐率：8.13req/s] [内存消耗：1,969.48kb] [文件加载：49]
[ info ] [ LANG ] E:\study\graduationProject\shua\tp5\thinkphp\lang\zh-cn.php
[ info ] [ ROUTE ] array (
  'type' => 'module',
  'module' => 
  array (
    0 => 'demo',
    1 => 'Index',
    2 => 'hello',
  ),
)
[ info ] [ HEADER ] array (
  'accept' => 'text/html, application/xhtml+xml, */*',
  'accept-language' => 'en-US',
  'user-agent' => 'Mozilla/5.0 (Windows NT 6.1; Trident/7.0; rv:11.0) like Gecko',
  'accept-encoding' => 'gzip, deflate',
  'host' => 'localhost',
  'connection' => 'Keep-Alive',
)
[ info ] [ PARAM ] array (
)
[ info ] [ RUN ] app\demo\controller\Index->hello[ E:\study\graduationProject\shua\tp5\application\demo\controller\Index.php ]
[ info ] [ LOG ] INIT File
[ error ] [0]模板文件不存在:E:\study\graduationProject\shua\tp5\public/../application/demo\view\index\hello.html[E:\study\graduationProject\shua\tp5\thinkphp\library\think\view\driver\Think.php:80]
---------------------------------------------------------------
[ 2017-11-14T14:31:46+08:00 ] 127.0.0.1 127.0.0.1 GET /myProject/tp5/public/index.php/demo/Index/hello
[ info ] localhost/myProject/tp5/public/index.php/demo/Index/hello [运行时间：0.162009s][吞吐率：6.17req/s] [内存消耗：2,079.84kb] [文件加载：49]
[ info ] [ LANG ] E:\study\graduationProject\shua\tp5\thinkphp\lang\zh-cn.php
[ info ] [ ROUTE ] array (
  'type' => 'module',
  'module' => 
  array (
    0 => 'demo',
    1 => 'Index',
    2 => 'hello',
  ),
)
[ info ] [ HEADER ] array (
  'accept' => 'text/html, application/xhtml+xml, */*',
  'accept-language' => 'en-US',
  'user-agent' => 'Mozilla/5.0 (Windows NT 6.1; Trident/7.0; rv:11.0) like Gecko',
  'accept-encoding' => 'gzip, deflate',
  'host' => 'localhost',
  'connection' => 'Keep-Alive',
)
[ info ] [ PARAM ] array (
)
[ info ] [ RUN ] app\demo\controller\Index->hello[ E:\study\graduationProject\shua\tp5\application\demo\controller\Index.php ]
[ info ] [ VIEW ] E:\study\graduationProject\shua\tp5\public/../application/demo\view\index\hello.html [ array (
) ]
[ info ] [ LOG ] INIT File
