---------------------------------------------------------------
[ 2017-11-15T10:47:46+08:00 ] 127.0.0.1 127.0.0.1 GET /myProject/tp5/public/
[ info ] localhost/myProject/tp5/public/ [运行时间：0.557032s][吞吐率：1.80req/s] [内存消耗：1,599.59kb] [文件加载：38]
[ info ] [ LANG ] E:\study\graduationProject\shua\tp5\thinkphp\lang\zh-cn.php
[ info ] [ ROUTE ] array (
  'type' => 'module',
  'module' => 
  array (
    0 => '',
    1 => NULL,
    2 => NULL,
  ),
)
[ info ] [ HEADER ] array (
  'accept' => 'text/html, application/xhtml+xml, */*',
  'accept-language' => 'en-US',
  'user-agent' => 'Mozilla/5.0 (Windows NT 6.1; Trident/7.0; rv:11.0) like Gecko',
  'accept-encoding' => 'gzip, deflate',
  'host' => 'localhost',
  'connection' => 'Keep-Alive',
)
[ info ] [ PARAM ] array (
)
[ info ] [ RUN ] app\index\controller\Index->index[ E:\study\graduationProject\shua\tp5\application\index\controller\Index.php ]
[ info ] [ LOG ] INIT File
---------------------------------------------------------------
[ 2017-11-15T11:20:26+08:00 ] 127.0.0.1 127.0.0.1 GET /myProject/tp5/public/
[ info ] localhost/myProject/tp5/public/ [运行时间：0.324018s][吞吐率：3.09req/s] [内存消耗：1,599.60kb] [文件加载：38]
[ info ] [ LANG ] E:\study\graduationProject\shua\tp5\thinkphp\lang\zh-cn.php
[ info ] [ ROUTE ] array (
  'type' => 'module',
  'module' => 
  array (
    0 => '',
    1 => NULL,
    2 => NULL,
  ),
)
[ info ] [ HEADER ] array (
  'accept' => 'text/html, application/xhtml+xml, */*',
  'accept-language' => 'en-US',
  'user-agent' => 'Mozilla/5.0 (Windows NT 6.1; Trident/7.0; rv:11.0) like Gecko',
  'accept-encoding' => 'gzip, deflate',
  'host' => 'localhost',
  'connection' => 'Keep-Alive',
)
[ info ] [ PARAM ] array (
)
[ info ] [ RUN ] app\index\controller\Index->index[ E:\study\graduationProject\shua\tp5\application\index\controller\Index.php ]
[ info ] [ LOG ] INIT File
