---------------------------------------------------------------
[ 2018-04-01T15:16:21+08:00 ] 127.0.0.1 127.0.0.1 GET /
[ info ] www.blog.wang.com/ [运行时间：0.755044s][吞吐率：1.32req/s] [内存消耗：1,725.98kb] [文件加载：50]
[ info ] [ LANG ] C:\Thankphp\Thinkphp\thinkphp\lang\zh-cn.php
[ info ] [ ROUTE ] array (
  'type' => 'module',
  'module' => 
  array (
    0 => '',
    1 => NULL,
    2 => NULL,
  ),
)
[ info ] [ HEADER ] array (
  'cookie' => 'Hm_lvt_bf5b4f36371b120b4279881e456bad4a=1512214604,1513077412; XDEBUG_SESSION=XDEBUG_ECLIPSE; Hm_lvt_bf5b4f36371b120b4279881e456bad4a=1522293783',
  'accept-language' => 'zh-CN,zh;q=0.9',
  'accept-encoding' => 'gzip, deflate',
  'accept' => 'text/html,application/xhtml+xml,application/xml;q=0.9,image/webp,image/apng,*/*;q=0.8',
  'user-agent' => 'Mozilla/5.0 (Windows NT 6.1; Win64; x64) AppleWebKit/537.36 (KHTML, like Gecko) Chrome/64.0.3282.119 Safari/537.36',
  'upgrade-insecure-requests' => '1',
  'connection' => 'close',
  'host' => 'www.blog.wang.com',
)
[ info ] [ PARAM ] array (
)
[ info ] [ RUN ] app\admin\controller\LoginController->login[ C:\Thankphp\Thinkphp\application\admin\controller\LoginController.php ]
[ info ] [ VIEW ] C:\Thankphp\Thinkphp\public/../application/admin\view\login\index.html [ array (
) ]
[ info ] [ LOG ] INIT File
---------------------------------------------------------------
[ 2018-04-01T15:16:22+08:00 ] 127.0.0.1 127.0.0.1 GET /captcha.html
[ info ] www.blog.wang.com/captcha.html [运行时间：0.649037s][吞吐率：1.54req/s] [内存消耗：1,463.82kb] [文件加载：41]
[ info ] [ LANG ] C:\Thankphp\Thinkphp\thinkphp\lang\zh-cn.php
[ info ] [ ROUTE ] array (
  'type' => 'method',
  'method' => 
  array (
    0 => '\\think\\captcha\\CaptchaController',
    1 => 'index',
  ),
  'var' => 
  array (
  ),
)
[ info ] [ HEADER ] array (
  'cookie' => 'Hm_lvt_bf5b4f36371b120b4279881e456bad4a=1512214604,1513077412; XDEBUG_SESSION=XDEBUG_ECLIPSE; Hm_lvt_bf5b4f36371b120b4279881e456bad4a=1522293783',
  'accept-language' => 'zh-CN,zh;q=0.9',
  'accept-encoding' => 'gzip, deflate',
  'referer' => 'http://www.blog.wang.com/',
  'accept' => 'image/webp,image/apng,image/*,*/*;q=0.8',
  'user-agent' => 'Mozilla/5.0 (Windows NT 6.1; Win64; x64) AppleWebKit/537.36 (KHTML, like Gecko) Chrome/64.0.3282.119 Safari/537.36',
  'connection' => 'close',
  'host' => 'www.blog.wang.com',
)
[ info ] [ PARAM ] array (
  'id' => NULL,
)
[ info ] [ RUN ] think\captcha\CaptchaController->index[ C:\Thankphp\Thinkphp\vendor\topthink\think-captcha\src\CaptchaController.php ]
[ info ] [ SESSION ] INIT array (
  'id' => '',
  'var_session_id' => '',
  'prefix' => 'think',
  'type' => '',
  'auto_start' => true,
)
[ info ] [ LOG ] INIT File
---------------------------------------------------------------
[ 2018-04-01T15:16:25+08:00 ] 127.0.0.1 127.0.0.1 GET /captcha.html
[ info ] www.blog.wang.com/captcha.html [运行时间：0.750043s][吞吐率：1.33req/s] [内存消耗：1,463.91kb] [文件加载：41]
[ info ] [ LANG ] C:\Thankphp\Thinkphp\thinkphp\lang\zh-cn.php
[ info ] [ ROUTE ] array (
  'type' => 'method',
  'method' => 
  array (
    0 => '\\think\\captcha\\CaptchaController',
    1 => 'index',
  ),
  'var' => 
  array (
  ),
)
[ info ] [ HEADER ] array (
  'cookie' => 'Hm_lvt_bf5b4f36371b120b4279881e456bad4a=1512214604,1513077412; XDEBUG_SESSION=XDEBUG_ECLIPSE; Hm_lvt_bf5b4f36371b120b4279881e456bad4a=1522293783; PHPSESSID=mseikjv0f5q92868buuavn58h0',
  'accept-language' => 'zh-CN,zh;q=0.9',
  'accept-encoding' => 'gzip, deflate',
  'referer' => 'http://www.blog.wang.com/',
  'accept' => 'image/webp,image/apng,image/*,*/*;q=0.8',
  'user-agent' => 'Mozilla/5.0 (Windows NT 6.1; Win64; x64) AppleWebKit/537.36 (KHTML, like Gecko) Chrome/64.0.3282.119 Safari/537.36',
  'connection' => 'close',
  'host' => 'www.blog.wang.com',
)
[ info ] [ PARAM ] array (
  'id' => NULL,
)
[ info ] [ RUN ] think\captcha\CaptchaController->index[ C:\Thankphp\Thinkphp\vendor\topthink\think-captcha\src\CaptchaController.php ]
[ info ] [ SESSION ] INIT array (
  'id' => '',
  'var_session_id' => '',
  'prefix' => 'think',
  'type' => '',
  'auto_start' => true,
)
[ info ] [ LOG ] INIT File
---------------------------------------------------------------
[ 2018-04-01T15:16:37+08:00 ] 127.0.0.1 127.0.0.1 POST /
[ info ] www.blog.wang.com/ [运行时间：0.572033s][吞吐率：1.75req/s] [内存消耗：2,703.84kb] [文件加载：60]
[ info ] [ LANG ] C:\Thankphp\Thinkphp\thinkphp\lang\zh-cn.php
[ info ] [ ROUTE ] array (
  'type' => 'module',
  'module' => 
  array (
    0 => '',
    1 => NULL,
    2 => NULL,
  ),
)
[ info ] [ HEADER ] array (
  'cookie' => 'Hm_lvt_bf5b4f36371b120b4279881e456bad4a=1512214604,1513077412; XDEBUG_SESSION=XDEBUG_ECLIPSE; Hm_lvt_bf5b4f36371b120b4279881e456bad4a=1522293783; PHPSESSID=mseikjv0f5q92868buuavn58h0',
  'accept-language' => 'zh-CN,zh;q=0.9',
  'accept-encoding' => 'gzip, deflate',
  'referer' => 'http://www.blog.wang.com/',
  'accept' => 'text/html,application/xhtml+xml,application/xml;q=0.9,image/webp,image/apng,*/*;q=0.8',
  'user-agent' => 'Mozilla/5.0 (Windows NT 6.1; Win64; x64) AppleWebKit/537.36 (KHTML, like Gecko) Chrome/64.0.3282.119 Safari/537.36',
  'content-type' => 'application/x-www-form-urlencoded',
  'upgrade-insecure-requests' => '1',
  'origin' => 'http://www.blog.wang.com',
  'cache-control' => 'max-age=0',
  'content-length' => '43',
  'connection' => 'close',
  'host' => 'www.blog.wang.com',
)
[ info ] [ PARAM ] array (
  'username' => 'admin',
  'password' => 'admin888',
  'code' => 'vx38v',
)
[ info ] [ RUN ] app\admin\controller\LoginController->login[ C:\Thankphp\Thinkphp\application\admin\controller\LoginController.php ]
[ info ] [ DB ] INIT mysql
[ info ] [ SESSION ] INIT array (
  'id' => '',
  'var_session_id' => '',
  'prefix' => 'think',
  'type' => '',
  'auto_start' => true,
)
[ info ] [ VIEW ] C:\Thankphp\Thinkphp\thinkphp\tpl\dispatch_jump.tpl [ array (
  0 => 'code',
  1 => 'msg',
  2 => 'data',
  3 => 'url',
  4 => 'wait',
) ]
[ info ] [ LOG ] INIT File
---------------------------------------------------------------
[ 2018-04-01T15:16:40+08:00 ] 127.0.0.1 127.0.0.1 GET /
[ info ] www.blog.wang.com/ [运行时间：0.509029s][吞吐率：1.96req/s] [内存消耗：1,726.12kb] [文件加载：50]
[ info ] [ LANG ] C:\Thankphp\Thinkphp\thinkphp\lang\zh-cn.php
[ info ] [ ROUTE ] array (
  'type' => 'module',
  'module' => 
  array (
    0 => '',
    1 => NULL,
    2 => NULL,
  ),
)
[ info ] [ HEADER ] array (
  'cookie' => 'Hm_lvt_bf5b4f36371b120b4279881e456bad4a=1512214604,1513077412; XDEBUG_SESSION=XDEBUG_ECLIPSE; Hm_lvt_bf5b4f36371b120b4279881e456bad4a=1522293783; PHPSESSID=mseikjv0f5q92868buuavn58h0',
  'accept-language' => 'zh-CN,zh;q=0.9',
  'accept-encoding' => 'gzip, deflate',
  'accept' => 'text/html,application/xhtml+xml,application/xml;q=0.9,image/webp,image/apng,*/*;q=0.8',
  'user-agent' => 'Mozilla/5.0 (Windows NT 6.1; Win64; x64) AppleWebKit/537.36 (KHTML, like Gecko) Chrome/64.0.3282.119 Safari/537.36',
  'upgrade-insecure-requests' => '1',
  'connection' => 'close',
  'host' => 'www.blog.wang.com',
)
[ info ] [ PARAM ] array (
)
[ info ] [ RUN ] app\admin\controller\LoginController->login[ C:\Thankphp\Thinkphp\application\admin\controller\LoginController.php ]
[ info ] [ VIEW ] C:\Thankphp\Thinkphp\public/../application/admin\view\login\index.html [ array (
) ]
[ info ] [ LOG ] INIT File
---------------------------------------------------------------
[ 2018-04-01T15:16:53+08:00 ] 127.0.0.1 127.0.0.1 POST /
[ info ] www.blog.wang.com/ [运行时间：0.557031s][吞吐率：1.80req/s] [内存消耗：2,703.84kb] [文件加载：60]
[ info ] [ LANG ] C:\Thankphp\Thinkphp\thinkphp\lang\zh-cn.php
[ info ] [ ROUTE ] array (
  'type' => 'module',
  'module' => 
  array (
    0 => '',
    1 => NULL,
    2 => NULL,
  ),
)
[ info ] [ HEADER ] array (
  'cookie' => 'Hm_lvt_bf5b4f36371b120b4279881e456bad4a=1512214604,1513077412; XDEBUG_SESSION=XDEBUG_ECLIPSE; Hm_lvt_bf5b4f36371b120b4279881e456bad4a=1522293783; PHPSESSID=mseikjv0f5q92868buuavn58h0',
  'accept-language' => 'zh-CN,zh;q=0.9',
  'accept-encoding' => 'gzip, deflate',
  'referer' => 'http://www.blog.wang.com/',
  'accept' => 'text/html,application/xhtml+xml,application/xml;q=0.9,image/webp,image/apng,*/*;q=0.8',
  'user-agent' => 'Mozilla/5.0 (Windows NT 6.1; Win64; x64) AppleWebKit/537.36 (KHTML, like Gecko) Chrome/64.0.3282.119 Safari/537.36',
  'content-type' => 'application/x-www-form-urlencoded',
  'upgrade-insecure-requests' => '1',
  'origin' => 'http://www.blog.wang.com',
  'cache-control' => 'max-age=0',
  'content-length' => '43',
  'connection' => 'close',
  'host' => 'www.blog.wang.com',
)
[ info ] [ PARAM ] array (
  'username' => 'admin',
  'password' => 'admin888',
  'code' => 'vx38v',
)
[ info ] [ RUN ] app\admin\controller\LoginController->login[ C:\Thankphp\Thinkphp\application\admin\controller\LoginController.php ]
[ info ] [ DB ] INIT mysql
[ info ] [ SESSION ] INIT array (
  'id' => '',
  'var_session_id' => '',
  'prefix' => 'think',
  'type' => '',
  'auto_start' => true,
)
[ info ] [ VIEW ] C:\Thankphp\Thinkphp\thinkphp\tpl\dispatch_jump.tpl [ array (
  0 => 'code',
  1 => 'msg',
  2 => 'data',
  3 => 'url',
  4 => 'wait',
) ]
[ info ] [ LOG ] INIT File
---------------------------------------------------------------
[ 2018-04-01T15:16:57+08:00 ] 127.0.0.1 127.0.0.1 GET /
[ info ] www.blog.wang.com/ [运行时间：0.570033s][吞吐率：1.75req/s] [内存消耗：1,726.12kb] [文件加载：50]
[ info ] [ LANG ] C:\Thankphp\Thinkphp\thinkphp\lang\zh-cn.php
[ info ] [ ROUTE ] array (
  'type' => 'module',
  'module' => 
  array (
    0 => '',
    1 => NULL,
    2 => NULL,
  ),
)
[ info ] [ HEADER ] array (
  'cookie' => 'Hm_lvt_bf5b4f36371b120b4279881e456bad4a=1512214604,1513077412; XDEBUG_SESSION=XDEBUG_ECLIPSE; Hm_lvt_bf5b4f36371b120b4279881e456bad4a=1522293783; PHPSESSID=mseikjv0f5q92868buuavn58h0',
  'accept-language' => 'zh-CN,zh;q=0.9',
  'accept-encoding' => 'gzip, deflate',
  'accept' => 'text/html,application/xhtml+xml,application/xml;q=0.9,image/webp,image/apng,*/*;q=0.8',
  'user-agent' => 'Mozilla/5.0 (Windows NT 6.1; Win64; x64) AppleWebKit/537.36 (KHTML, like Gecko) Chrome/64.0.3282.119 Safari/537.36',
  'upgrade-insecure-requests' => '1',
  'connection' => 'close',
  'host' => 'www.blog.wang.com',
)
[ info ] [ PARAM ] array (
)
[ info ] [ RUN ] app\admin\controller\LoginController->login[ C:\Thankphp\Thinkphp\application\admin\controller\LoginController.php ]
[ info ] [ VIEW ] C:\Thankphp\Thinkphp\public/../application/admin\view\login\index.html [ array (
) ]
[ info ] [ LOG ] INIT File
---------------------------------------------------------------
[ 2018-04-01T15:17:07+08:00 ] 127.0.0.1 127.0.0.1 GET /
[ info ] www.blog.wang.com/ [运行时间：0.519030s][吞吐率：1.93req/s] [内存消耗：1,726.12kb] [文件加载：50]
[ info ] [ LANG ] C:\Thankphp\Thinkphp\thinkphp\lang\zh-cn.php
[ info ] [ ROUTE ] array (
  'type' => 'module',
  'module' => 
  array (
    0 => '',
    1 => NULL,
    2 => NULL,
  ),
)
[ info ] [ HEADER ] array (
  'cookie' => 'Hm_lvt_bf5b4f36371b120b4279881e456bad4a=1512214604,1513077412; XDEBUG_SESSION=XDEBUG_ECLIPSE; Hm_lvt_bf5b4f36371b120b4279881e456bad4a=1522293783; PHPSESSID=mseikjv0f5q92868buuavn58h0',
  'accept-language' => 'zh-CN,zh;q=0.9',
  'accept-encoding' => 'gzip, deflate',
  'accept' => 'text/html,application/xhtml+xml,application/xml;q=0.9,image/webp,image/apng,*/*;q=0.8',
  'user-agent' => 'Mozilla/5.0 (Windows NT 6.1; Win64; x64) AppleWebKit/537.36 (KHTML, like Gecko) Chrome/64.0.3282.119 Safari/537.36',
  'upgrade-insecure-requests' => '1',
  'connection' => 'close',
  'host' => 'www.blog.wang.com',
)
[ info ] [ PARAM ] array (
)
[ info ] [ RUN ] app\admin\controller\LoginController->login[ C:\Thankphp\Thinkphp\application\admin\controller\LoginController.php ]
[ info ] [ VIEW ] C:\Thankphp\Thinkphp\public/../application/admin\view\login\index.html [ array (
) ]
[ info ] [ LOG ] INIT File
---------------------------------------------------------------
[ 2018-04-01T15:17:08+08:00 ] 127.0.0.1 127.0.0.1 GET /captcha.html
[ info ] www.blog.wang.com/captcha.html [运行时间：0.657037s][吞吐率：1.52req/s] [内存消耗：1,463.91kb] [文件加载：41]
[ info ] [ LANG ] C:\Thankphp\Thinkphp\thinkphp\lang\zh-cn.php
[ info ] [ ROUTE ] array (
  'type' => 'method',
  'method' => 
  array (
    0 => '\\think\\captcha\\CaptchaController',
    1 => 'index',
  ),
  'var' => 
  array (
  ),
)
[ info ] [ HEADER ] array (
  'cookie' => 'Hm_lvt_bf5b4f36371b120b4279881e456bad4a=1512214604,1513077412; XDEBUG_SESSION=XDEBUG_ECLIPSE; Hm_lvt_bf5b4f36371b120b4279881e456bad4a=1522293783; PHPSESSID=mseikjv0f5q92868buuavn58h0',
  'accept-language' => 'zh-CN,zh;q=0.9',
  'accept-encoding' => 'gzip, deflate',
  'referer' => 'http://www.blog.wang.com/',
  'accept' => 'image/webp,image/apng,image/*,*/*;q=0.8',
  'user-agent' => 'Mozilla/5.0 (Windows NT 6.1; Win64; x64) AppleWebKit/537.36 (KHTML, like Gecko) Chrome/64.0.3282.119 Safari/537.36',
  'connection' => 'close',
  'host' => 'www.blog.wang.com',
)
[ info ] [ PARAM ] array (
  'id' => NULL,
)
[ info ] [ RUN ] think\captcha\CaptchaController->index[ C:\Thankphp\Thinkphp\vendor\topthink\think-captcha\src\CaptchaController.php ]
[ info ] [ SESSION ] INIT array (
  'id' => '',
  'var_session_id' => '',
  'prefix' => 'think',
  'type' => '',
  'auto_start' => true,
)
[ info ] [ LOG ] INIT File
---------------------------------------------------------------
[ 2018-04-01T15:17:18+08:00 ] 127.0.0.1 127.0.0.1 POST /
[ info ] www.blog.wang.com/ [运行时间：0.646037s][吞吐率：1.55req/s] [内存消耗：2,863.02kb] [文件加载：64]
[ info ] [ LANG ] C:\Thankphp\Thinkphp\thinkphp\lang\zh-cn.php
[ info ] [ ROUTE ] array (
  'type' => 'module',
  'module' => 
  array (
    0 => '',
    1 => NULL,
    2 => NULL,
  ),
)
[ info ] [ HEADER ] array (
  'cookie' => 'Hm_lvt_bf5b4f36371b120b4279881e456bad4a=1512214604,1513077412; XDEBUG_SESSION=XDEBUG_ECLIPSE; Hm_lvt_bf5b4f36371b120b4279881e456bad4a=1522293783; PHPSESSID=mseikjv0f5q92868buuavn58h0',
  'accept-language' => 'zh-CN,zh;q=0.9',
  'accept-encoding' => 'gzip, deflate',
  'referer' => 'http://www.blog.wang.com/',
  'accept' => 'text/html,application/xhtml+xml,application/xml;q=0.9,image/webp,image/apng,*/*;q=0.8',
  'user-agent' => 'Mozilla/5.0 (Windows NT 6.1; Win64; x64) AppleWebKit/537.36 (KHTML, like Gecko) Chrome/64.0.3282.119 Safari/537.36',
  'content-type' => 'application/x-www-form-urlencoded',
  'upgrade-insecure-requests' => '1',
  'origin' => 'http://www.blog.wang.com',
  'cache-control' => 'max-age=0',
  'content-length' => '43',
  'connection' => 'close',
  'host' => 'www.blog.wang.com',
)
[ info ] [ PARAM ] array (
  'username' => 'admin',
  'password' => 'admin888',
  'code' => 'uqs6u',
)
[ info ] [ RUN ] app\admin\controller\LoginController->login[ C:\Thankphp\Thinkphp\application\admin\controller\LoginController.php ]
[ info ] [ DB ] INIT mysql
[ info ] [ SESSION ] INIT array (
  'id' => '',
  'var_session_id' => '',
  'prefix' => 'think',
  'type' => '',
  'auto_start' => true,
)
[ info ] [ VIEW ] C:\Thankphp\Thinkphp\thinkphp\tpl\dispatch_jump.tpl [ array (
  0 => 'code',
  1 => 'msg',
  2 => 'data',
  3 => 'url',
  4 => 'wait',
) ]
[ info ] [ LOG ] INIT File
[ sql ] [ DB ] CONNECT:[ UseTime:0.015001s ] mysql:host=127.0.0.1;dbname=test;charset=utf8
[ sql ] [ SQL ] SHOW COLUMNS FROM `admin` [ RunTime:0.033002s ]
[ sql ] [ SQL ] SELECT * FROM `admin` WHERE  `username` = 'admin'  AND `password` = 'h3vPU8JGuF3VS/uxIpjRSw==' LIMIT 1 [ RunTime:0.008001s ]
---------------------------------------------------------------
[ 2018-04-01T15:17:22+08:00 ] 127.0.0.1 127.0.0.1 GET /admin/entry/adminindex.html
[ info ] www.blog.wang.com/admin/entry/adminindex.html [运行时间：0.560032s][吞吐率：1.79req/s] [内存消耗：1,743.26kb] [文件加载：51]
[ info ] [ LANG ] C:\Thankphp\Thinkphp\thinkphp\lang\zh-cn.php
[ info ] [ ROUTE ] array (
  'type' => 'module',
  'module' => 
  array (
    0 => 'admin',
    1 => 'entry',
    2 => 'adminindex',
  ),
)
[ info ] [ HEADER ] array (
  'cookie' => 'Hm_lvt_bf5b4f36371b120b4279881e456bad4a=1512214604,1513077412; XDEBUG_SESSION=XDEBUG_ECLIPSE; Hm_lvt_bf5b4f36371b120b4279881e456bad4a=1522293783; PHPSESSID=mseikjv0f5q92868buuavn58h0',
  'accept-language' => 'zh-CN,zh;q=0.9',
  'accept-encoding' => 'gzip, deflate',
  'referer' => 'http://www.blog.wang.com/',
  'accept' => 'text/html,application/xhtml+xml,application/xml;q=0.9,image/webp,image/apng,*/*;q=0.8',
  'user-agent' => 'Mozilla/5.0 (Windows NT 6.1; Win64; x64) AppleWebKit/537.36 (KHTML, like Gecko) Chrome/64.0.3282.119 Safari/537.36',
  'upgrade-insecure-requests' => '1',
  'connection' => 'close',
  'host' => 'www.blog.wang.com',
)
[ info ] [ PARAM ] array (
)
[ info ] [ SESSION ] INIT array (
  'id' => '',
  'var_session_id' => '',
  'prefix' => 'think',
  'type' => '',
  'auto_start' => true,
)
[ info ] [ RUN ] app\admin\controller\EntryController->adminindex[ C:\Thankphp\Thinkphp\application\admin\controller\EntryController.php ]
[ info ] [ VIEW ] C:\Thankphp\Thinkphp\public/../application/admin\view\entry\adminindex.html [ array (
) ]
[ info ] [ LOG ] INIT File
---------------------------------------------------------------
[ 2018-04-01T15:17:28+08:00 ] 127.0.0.1 127.0.0.1 GET /admin/category/index.html
[ info ] www.blog.wang.com/admin/category/index.html [运行时间：0.746043s][吞吐率：1.34req/s] [内存消耗：2,885.97kb] [文件加载：61]
[ info ] [ LANG ] C:\Thankphp\Thinkphp\thinkphp\lang\zh-cn.php
[ info ] [ ROUTE ] array (
  'type' => 'module',
  'module' => 
  array (
    0 => 'admin',
    1 => 'category',
    2 => 'index',
  ),
)
[ info ] [ HEADER ] array (
  'cookie' => 'Hm_lvt_bf5b4f36371b120b4279881e456bad4a=1512214604,1513077412; XDEBUG_SESSION=XDEBUG_ECLIPSE; Hm_lvt_bf5b4f36371b120b4279881e456bad4a=1522293783; PHPSESSID=mseikjv0f5q92868buuavn58h0',
  'accept-language' => 'zh-CN,zh;q=0.9',
  'accept-encoding' => 'gzip, deflate',
  'referer' => 'http://www.blog.wang.com/admin/entry/adminindex.html',
  'accept' => 'text/html,application/xhtml+xml,application/xml;q=0.9,image/webp,image/apng,*/*;q=0.8',
  'user-agent' => 'Mozilla/5.0 (Windows NT 6.1; Win64; x64) AppleWebKit/537.36 (KHTML, like Gecko) Chrome/64.0.3282.119 Safari/537.36',
  'upgrade-insecure-requests' => '1',
  'connection' => 'close',
  'host' => 'www.blog.wang.com',
)
[ info ] [ PARAM ] array (
)
[ info ] [ DB ] INIT mysql
[ info ] [ RUN ] app\admin\controller\CategoryController->index[ C:\Thankphp\Thinkphp\application\admin\controller\CategoryController.php ]
[ info ] [ VIEW ] C:\Thankphp\Thinkphp\public/../application/admin\view\category\index.html [ array (
  0 => 'field',
) ]
[ info ] [ SESSION ] INIT array (
  'id' => '',
  'var_session_id' => '',
  'prefix' => 'think',
  'type' => '',
  'auto_start' => true,
)
[ info ] [ LOG ] INIT File
[ sql ] [ DB ] CONNECT:[ UseTime:0.001000s ] mysql:host=127.0.0.1;dbname=test;charset=utf8
[ sql ] [ SQL ] SHOW COLUMNS FROM `cate` [ RunTime:0.016001s ]
[ sql ] [ SQL ] SELECT * FROM `cate` ORDER BY sort desc,id [ RunTime:0.003001s ]
---------------------------------------------------------------
[ 2018-04-01T15:17:31+08:00 ] 127.0.0.1 127.0.0.1 GET /admin/tag/index.html
[ info ] www.blog.wang.com/admin/tag/index.html [运行时间：0.660037s][吞吐率：1.52req/s] [内存消耗：2,891.41kb] [文件加载：62]
[ info ] [ LANG ] C:\Thankphp\Thinkphp\thinkphp\lang\zh-cn.php
[ info ] [ ROUTE ] array (
  'type' => 'module',
  'module' => 
  array (
    0 => 'admin',
    1 => 'tag',
    2 => 'index',
  ),
)
[ info ] [ HEADER ] array (
  'cookie' => 'Hm_lvt_bf5b4f36371b120b4279881e456bad4a=1512214604,1513077412; XDEBUG_SESSION=XDEBUG_ECLIPSE; Hm_lvt_bf5b4f36371b120b4279881e456bad4a=1522293783; PHPSESSID=mseikjv0f5q92868buuavn58h0',
  'accept-language' => 'zh-CN,zh;q=0.9',
  'accept-encoding' => 'gzip, deflate',
  'referer' => 'http://www.blog.wang.com/admin/category/index.html',
  'accept' => 'text/html,application/xhtml+xml,application/xml;q=0.9,image/webp,image/apng,*/*;q=0.8',
  'user-agent' => 'Mozilla/5.0 (Windows NT 6.1; Win64; x64) AppleWebKit/537.36 (KHTML, like Gecko) Chrome/64.0.3282.119 Safari/537.36',
  'upgrade-insecure-requests' => '1',
  'connection' => 'close',
  'host' => 'www.blog.wang.com',
)
[ info ] [ PARAM ] array (
)
[ info ] [ DB ] INIT mysql
[ info ] [ RUN ] app\admin\controller\TagController->index[ C:\Thankphp\Thinkphp\application\admin\controller\TagController.php ]
[ info ] [ VIEW ] C:\Thankphp\Thinkphp\public/../application/admin\view\tag\index.html [ array (
  0 => 'field',
  1 => 'page',
) ]
[ info ] [ SESSION ] INIT array (
  'id' => '',
  'var_session_id' => '',
  'prefix' => 'think',
  'type' => '',
  'auto_start' => true,
)
[ info ] [ LOG ] INIT File
[ sql ] [ DB ] CONNECT:[ UseTime:0.010001s ] mysql:host=127.0.0.1;dbname=test;charset=utf8
[ sql ] [ SQL ] SHOW COLUMNS FROM `tag` [ RunTime:0.015001s ]
[ sql ] [ SQL ] SELECT COUNT(*) AS tp_count FROM `tag` LIMIT 1 [ RunTime:0.003000s ]
[ sql ] [ SQL ] SELECT * FROM `tag` LIMIT 0,4 [ RunTime:0.001000s ]
---------------------------------------------------------------
[ 2018-04-01T15:17:35+08:00 ] 127.0.0.1 127.0.0.1 GET /admin/article/index.html
[ info ] www.blog.wang.com/admin/article/index.html [运行时间：0.694040s][吞吐率：1.44req/s] [内存消耗：2,939.55kb] [文件加载：62]
[ info ] [ LANG ] C:\Thankphp\Thinkphp\thinkphp\lang\zh-cn.php
[ info ] [ ROUTE ] array (
  'type' => 'module',
  'module' => 
  array (
    0 => 'admin',
    1 => 'article',
    2 => 'index',
  ),
)
[ info ] [ HEADER ] array (
  'cookie' => 'Hm_lvt_bf5b4f36371b120b4279881e456bad4a=1512214604,1513077412; XDEBUG_SESSION=XDEBUG_ECLIPSE; Hm_lvt_bf5b4f36371b120b4279881e456bad4a=1522293783; PHPSESSID=mseikjv0f5q92868buuavn58h0',
  'accept-language' => 'zh-CN,zh;q=0.9',
  'accept-encoding' => 'gzip, deflate',
  'referer' => 'http://www.blog.wang.com/admin/tag/index.html',
  'accept' => 'text/html,application/xhtml+xml,application/xml;q=0.9,image/webp,image/apng,*/*;q=0.8',
  'user-agent' => 'Mozilla/5.0 (Windows NT 6.1; Win64; x64) AppleWebKit/537.36 (KHTML, like Gecko) Chrome/64.0.3282.119 Safari/537.36',
  'upgrade-insecure-requests' => '1',
  'connection' => 'close',
  'host' => 'www.blog.wang.com',
)
[ info ] [ PARAM ] array (
)
[ info ] [ DB ] INIT mysql
[ info ] [ RUN ] app\admin\controller\ArticleController->index[ C:\Thankphp\Thinkphp\application\admin\controller\ArticleController.php ]
[ info ] [ VIEW ] C:\Thankphp\Thinkphp\public/../application/admin\view\article\index.html [ array (
  0 => 'field',
) ]
[ info ] [ SESSION ] INIT array (
  'id' => '',
  'var_session_id' => '',
  'prefix' => 'think',
  'type' => '',
  'auto_start' => true,
)
[ info ] [ LOG ] INIT File
[ sql ] [ DB ] CONNECT:[ UseTime:0.010001s ] mysql:host=127.0.0.1;dbname=test;charset=utf8
[ sql ] [ SQL ] SHOW COLUMNS FROM `article` [ RunTime:0.014001s ]
[ sql ] [ SQL ] SELECT COUNT(*) AS tp_count FROM `article` `a` INNER JOIN `cate` `c` ON `a`.`cate_id`=`c`.`id` WHERE  `a`.`recovery` = 2 LIMIT 1 [ RunTime:0.002000s ]
[ sql ] [ SQL ] SELECT `a`.`articleid`,`a`.`title`,`a`.`author`,`a`.`sort`,`a`.`sendtime`,`a`.`updatetime`,`c`.`name` FROM `article` `a` INNER JOIN `cate` `c` ON `a`.`cate_id`=`c`.`id` WHERE  `a`.`recovery` = 2 ORDER BY a.sort,a.sendtime,a.articleid LIMIT 0,5 [ RunTime:0.002001s ]
---------------------------------------------------------------
[ 2018-04-01T15:17:37+08:00 ] 127.0.0.1 127.0.0.1 GET /admin/article/recycle.html
[ info ] www.blog.wang.com/admin/article/recycle.html [运行时间：0.663038s][吞吐率：1.51req/s] [内存消耗：2,922.38kb] [文件加载：62]
[ info ] [ LANG ] C:\Thankphp\Thinkphp\thinkphp\lang\zh-cn.php
[ info ] [ ROUTE ] array (
  'type' => 'module',
  'module' => 
  array (
    0 => 'admin',
    1 => 'article',
    2 => 'recycle',
  ),
)
[ info ] [ HEADER ] array (
  'cookie' => 'Hm_lvt_bf5b4f36371b120b4279881e456bad4a=1512214604,1513077412; XDEBUG_SESSION=XDEBUG_ECLIPSE; Hm_lvt_bf5b4f36371b120b4279881e456bad4a=1522293783; PHPSESSID=mseikjv0f5q92868buuavn58h0',
  'accept-language' => 'zh-CN,zh;q=0.9',
  'accept-encoding' => 'gzip, deflate',
  'referer' => 'http://www.blog.wang.com/admin/article/index.html',
  'accept' => 'text/html,application/xhtml+xml,application/xml;q=0.9,image/webp,image/apng,*/*;q=0.8',
  'user-agent' => 'Mozilla/5.0 (Windows NT 6.1; Win64; x64) AppleWebKit/537.36 (KHTML, like Gecko) Chrome/64.0.3282.119 Safari/537.36',
  'upgrade-insecure-requests' => '1',
  'connection' => 'close',
  'host' => 'www.blog.wang.com',
)
[ info ] [ PARAM ] array (
)
[ info ] [ DB ] INIT mysql
[ info ] [ RUN ] app\admin\controller\ArticleController->recycle[ C:\Thankphp\Thinkphp\application\admin\controller\ArticleController.php ]
[ info ] [ VIEW ] C:\Thankphp\Thinkphp\public/../application/admin\view\article\recycle.html [ array (
  0 => 'field',
) ]
[ info ] [ SESSION ] INIT array (
  'id' => '',
  'var_session_id' => '',
  'prefix' => 'think',
  'type' => '',
  'auto_start' => true,
)
[ info ] [ LOG ] INIT File
[ sql ] [ DB ] CONNECT:[ UseTime:0.001000s ] mysql:host=127.0.0.1;dbname=test;charset=utf8
[ sql ] [ SQL ] SHOW COLUMNS FROM `article` [ RunTime:0.013001s ]
[ sql ] [ SQL ] SELECT COUNT(*) AS tp_count FROM `article` `a` INNER JOIN `cate` `c` ON `a`.`cate_id`=`c`.`id` WHERE  `a`.`recovery` = 1 LIMIT 1 [ RunTime:0.002000s ]
[ sql ] [ SQL ] SELECT `a`.`articleid`,`a`.`title`,`a`.`author`,`a`.`sort`,`a`.`sendtime`,`a`.`updatetime`,`c`.`name` FROM `article` `a` INNER JOIN `cate` `c` ON `a`.`cate_id`=`c`.`id` WHERE  `a`.`recovery` = 1 ORDER BY a.sort,a.sendtime,a.articleid LIMIT 0,5 [ RunTime:0.001000s ]
---------------------------------------------------------------
[ 2018-04-01T15:17:45+08:00 ] 127.0.0.1 127.0.0.1 GET /admin/link/index.html
[ info ] www.blog.wang.com/admin/link/index.html [运行时间：0.656038s][吞吐率：1.52req/s] [内存消耗：3,058.05kb] [文件加载：64]
[ info ] [ LANG ] C:\Thankphp\Thinkphp\thinkphp\lang\zh-cn.php
[ info ] [ ROUTE ] array (
  'type' => 'module',
  'module' => 
  array (
    0 => 'admin',
    1 => 'link',
    2 => 'index',
  ),
)
[ info ] [ HEADER ] array (
  'cookie' => 'Hm_lvt_bf5b4f36371b120b4279881e456bad4a=1512214604,1513077412; XDEBUG_SESSION=XDEBUG_ECLIPSE; Hm_lvt_bf5b4f36371b120b4279881e456bad4a=1522293783; PHPSESSID=mseikjv0f5q92868buuavn58h0',
  'accept-language' => 'zh-CN,zh;q=0.9',
  'accept-encoding' => 'gzip, deflate',
  'referer' => 'http://www.blog.wang.com/admin/article/recycle.html',
  'accept' => 'text/html,application/xhtml+xml,application/xml;q=0.9,image/webp,image/apng,*/*;q=0.8',
  'user-agent' => 'Mozilla/5.0 (Windows NT 6.1; Win64; x64) AppleWebKit/537.36 (KHTML, like Gecko) Chrome/64.0.3282.119 Safari/537.36',
  'upgrade-insecure-requests' => '1',
  'connection' => 'close',
  'host' => 'www.blog.wang.com',
)
[ info ] [ PARAM ] array (
)
[ info ] [ DB ] INIT mysql
[ info ] [ RUN ] app\admin\controller\LinkController->index[ C:\Thankphp\Thinkphp\application\admin\controller\LinkController.php ]
[ info ] [ VIEW ] C:\Thankphp\Thinkphp\public/../application/admin\view\link\index.html [ array (
  0 => 'field',
) ]
[ info ] [ SESSION ] INIT array (
  'id' => '',
  'var_session_id' => '',
  'prefix' => 'think',
  'type' => '',
  'auto_start' => true,
)
[ info ] [ LOG ] INIT File
[ sql ] [ DB ] CONNECT:[ UseTime:0.001000s ] mysql:host=127.0.0.1;dbname=test;charset=utf8
[ sql ] [ SQL ] SHOW COLUMNS FROM `link` [ RunTime:0.014001s ]
[ sql ] [ SQL ] SELECT COUNT(*) AS tp_count FROM `link` LIMIT 1 [ RunTime:0.001000s ]
[ sql ] [ SQL ] SELECT * FROM `link` ORDER BY linkSort desc,linkId desc LIMIT 0,1 [ RunTime:0.001000s ]
---------------------------------------------------------------
[ 2018-04-01T15:17:47+08:00 ] 127.0.0.1 127.0.0.1 GET /admin/webset/index.html
[ info ] www.blog.wang.com/admin/webset/index.html [运行时间：0.650038s][吞吐率：1.54req/s] [内存消耗：3,055.44kb] [文件加载：64]
[ info ] [ LANG ] C:\Thankphp\Thinkphp\thinkphp\lang\zh-cn.php
[ info ] [ ROUTE ] array (
  'type' => 'module',
  'module' => 
  array (
    0 => 'admin',
    1 => 'webset',
    2 => 'index',
  ),
)
[ info ] [ HEADER ] array (
  'cookie' => 'Hm_lvt_bf5b4f36371b120b4279881e456bad4a=1512214604,1513077412; XDEBUG_SESSION=XDEBUG_ECLIPSE; Hm_lvt_bf5b4f36371b120b4279881e456bad4a=1522293783; PHPSESSID=mseikjv0f5q92868buuavn58h0',
  'accept-language' => 'zh-CN,zh;q=0.9',
  'accept-encoding' => 'gzip, deflate',
  'referer' => 'http://www.blog.wang.com/admin/link/index.html',
  'accept' => 'text/html,application/xhtml+xml,application/xml;q=0.9,image/webp,image/apng,*/*;q=0.8',
  'user-agent' => 'Mozilla/5.0 (Windows NT 6.1; Win64; x64) AppleWebKit/537.36 (KHTML, like Gecko) Chrome/64.0.3282.119 Safari/537.36',
  'upgrade-insecure-requests' => '1',
  'connection' => 'close',
  'host' => 'www.blog.wang.com',
)
[ info ] [ PARAM ] array (
)
[ info ] [ DB ] INIT mysql
[ info ] [ RUN ] app\admin\controller\WebsetController->index[ C:\Thankphp\Thinkphp\application\admin\controller\WebsetController.php ]
[ info ] [ VIEW ] C:\Thankphp\Thinkphp\public/../application/admin\view\webset\index.html [ array (
  0 => 'field',
) ]
[ info ] [ SESSION ] INIT array (
  'id' => '',
  'var_session_id' => '',
  'prefix' => 'think',
  'type' => '',
  'auto_start' => true,
)
[ info ] [ LOG ] INIT File
[ sql ] [ DB ] CONNECT:[ UseTime:0.001000s ] mysql:host=127.0.0.1;dbname=test;charset=utf8
[ sql ] [ SQL ] SHOW COLUMNS FROM `webset` [ RunTime:0.015000s ]
[ sql ] [ SQL ] SELECT COUNT(*) AS tp_count FROM `webset` LIMIT 1 [ RunTime:0.001000s ]
[ sql ] [ SQL ] SELECT * FROM `webset` LIMIT 0,2 [ RunTime:0.001000s ]
---------------------------------------------------------------
[ 2018-04-01T15:18:10+08:00 ] 127.0.0.1 127.0.0.1 GET /admin/link/index.html
[ info ] www.blog.wang.com/admin/link/index.html [运行时间：0.641037s][吞吐率：1.56req/s] [内存消耗：2,891.45kb] [文件加载：62]
[ info ] [ LANG ] C:\Thankphp\Thinkphp\thinkphp\lang\zh-cn.php
[ info ] [ ROUTE ] array (
  'type' => 'module',
  'module' => 
  array (
    0 => 'admin',
    1 => 'link',
    2 => 'index',
  ),
)
[ info ] [ HEADER ] array (
  'cookie' => 'Hm_lvt_bf5b4f36371b120b4279881e456bad4a=1512214604,1513077412; XDEBUG_SESSION=XDEBUG_ECLIPSE; Hm_lvt_bf5b4f36371b120b4279881e456bad4a=1522293783; PHPSESSID=mseikjv0f5q92868buuavn58h0',
  'accept-language' => 'zh-CN,zh;q=0.9',
  'accept-encoding' => 'gzip, deflate',
  'referer' => 'http://www.blog.wang.com/admin/article/recycle.html',
  'accept' => 'text/html,application/xhtml+xml,application/xml;q=0.9,image/webp,image/apng,*/*;q=0.8',
  'user-agent' => 'Mozilla/5.0 (Windows NT 6.1; Win64; x64) AppleWebKit/537.36 (KHTML, like Gecko) Chrome/64.0.3282.119 Safari/537.36',
  'upgrade-insecure-requests' => '1',
  'connection' => 'close',
  'host' => 'www.blog.wang.com',
)
[ info ] [ PARAM ] array (
)
[ info ] [ DB ] INIT mysql
[ info ] [ RUN ] app\admin\controller\LinkController->index[ C:\Thankphp\Thinkphp\application\admin\controller\LinkController.php ]
[ info ] [ VIEW ] C:\Thankphp\Thinkphp\public/../application/admin\view\link\index.html [ array (
  0 => 'field',
) ]
[ info ] [ SESSION ] INIT array (
  'id' => '',
  'var_session_id' => '',
  'prefix' => 'think',
  'type' => '',
  'auto_start' => true,
)
[ info ] [ LOG ] INIT File
[ sql ] [ DB ] CONNECT:[ UseTime:0.001000s ] mysql:host=127.0.0.1;dbname=test;charset=utf8
[ sql ] [ SQL ] SHOW COLUMNS FROM `link` [ RunTime:0.013001s ]
[ sql ] [ SQL ] SELECT COUNT(*) AS tp_count FROM `link` LIMIT 1 [ RunTime:0.001000s ]
[ sql ] [ SQL ] SELECT * FROM `link` ORDER BY linkSort desc,linkId desc LIMIT 0,1 [ RunTime:0.002000s ]
---------------------------------------------------------------
[ 2018-04-01T15:18:20+08:00 ] 127.0.0.1 127.0.0.1 GET /
[ info ] www.blog.wang.com/ [运行时间：0.523030s][吞吐率：1.91req/s] [内存消耗：1,726.12kb] [文件加载：50]
[ info ] [ LANG ] C:\Thankphp\Thinkphp\thinkphp\lang\zh-cn.php
[ info ] [ ROUTE ] array (
  'type' => 'module',
  'module' => 
  array (
    0 => '',
    1 => NULL,
    2 => NULL,
  ),
)
[ info ] [ HEADER ] array (
  'cookie' => 'Hm_lvt_bf5b4f36371b120b4279881e456bad4a=1512214604,1513077412; XDEBUG_SESSION=XDEBUG_ECLIPSE; Hm_lvt_bf5b4f36371b120b4279881e456bad4a=1522293783; PHPSESSID=mseikjv0f5q92868buuavn58h0',
  'accept-language' => 'zh-CN,zh;q=0.9',
  'accept-encoding' => 'gzip, deflate',
  'accept' => 'text/html,application/xhtml+xml,application/xml;q=0.9,image/webp,image/apng,*/*;q=0.8',
  'user-agent' => 'Mozilla/5.0 (Windows NT 6.1; Win64; x64) AppleWebKit/537.36 (KHTML, like Gecko) Chrome/64.0.3282.119 Safari/537.36',
  'upgrade-insecure-requests' => '1',
  'connection' => 'close',
  'host' => 'www.blog.wang.com',
)
[ info ] [ PARAM ] array (
)
[ info ] [ RUN ] app\admin\controller\LoginController->login[ C:\Thankphp\Thinkphp\application\admin\controller\LoginController.php ]
[ info ] [ VIEW ] C:\Thankphp\Thinkphp\public/../application/admin\view\login\index.html [ array (
) ]
[ info ] [ LOG ] INIT File
---------------------------------------------------------------
[ 2018-04-01T15:18:21+08:00 ] 127.0.0.1 127.0.0.1 GET /captcha.html
[ info ] www.blog.wang.com/captcha.html [运行时间：0.647037s][吞吐率：1.55req/s] [内存消耗：1,464.51kb] [文件加载：41]
[ info ] [ LANG ] C:\Thankphp\Thinkphp\thinkphp\lang\zh-cn.php
[ info ] [ ROUTE ] array (
  'type' => 'method',
  'method' => 
  array (
    0 => '\\think\\captcha\\CaptchaController',
    1 => 'index',
  ),
  'var' => 
  array (
  ),
)
[ info ] [ HEADER ] array (
  'cookie' => 'Hm_lvt_bf5b4f36371b120b4279881e456bad4a=1512214604,1513077412; XDEBUG_SESSION=XDEBUG_ECLIPSE; Hm_lvt_bf5b4f36371b120b4279881e456bad4a=1522293783; PHPSESSID=mseikjv0f5q92868buuavn58h0',
  'accept-language' => 'zh-CN,zh;q=0.9',
  'accept-encoding' => 'gzip, deflate',
  'referer' => 'http://www.blog.wang.com/',
  'accept' => 'image/webp,image/apng,image/*,*/*;q=0.8',
  'user-agent' => 'Mozilla/5.0 (Windows NT 6.1; Win64; x64) AppleWebKit/537.36 (KHTML, like Gecko) Chrome/64.0.3282.119 Safari/537.36',
  'connection' => 'close',
  'host' => 'www.blog.wang.com',
)
[ info ] [ PARAM ] array (
  'id' => NULL,
)
[ info ] [ RUN ] think\captcha\CaptchaController->index[ C:\Thankphp\Thinkphp\vendor\topthink\think-captcha\src\CaptchaController.php ]
[ info ] [ SESSION ] INIT array (
  'id' => '',
  'var_session_id' => '',
  'prefix' => 'think',
  'type' => '',
  'auto_start' => true,
)
[ info ] [ LOG ] INIT File
---------------------------------------------------------------
[ 2018-04-01T15:18:22+08:00 ] 127.0.0.1 127.0.0.1 GET /captcha.html
[ info ] www.blog.wang.com/captcha.html [运行时间：0.652037s][吞吐率：1.53req/s] [内存消耗：1,464.63kb] [文件加载：41]
[ info ] [ LANG ] C:\Thankphp\Thinkphp\thinkphp\lang\zh-cn.php
[ info ] [ ROUTE ] array (
  'type' => 'method',
  'method' => 
  array (
    0 => '\\think\\captcha\\CaptchaController',
    1 => 'index',
  ),
  'var' => 
  array (
  ),
)
[ info ] [ HEADER ] array (
  'cookie' => 'Hm_lvt_bf5b4f36371b120b4279881e456bad4a=1512214604,1513077412; XDEBUG_SESSION=XDEBUG_ECLIPSE; Hm_lvt_bf5b4f36371b120b4279881e456bad4a=1522293783; PHPSESSID=mseikjv0f5q92868buuavn58h0',
  'accept-language' => 'zh-CN,zh;q=0.9',
  'accept-encoding' => 'gzip, deflate',
  'referer' => 'http://www.blog.wang.com/',
  'accept' => 'image/webp,image/apng,image/*,*/*;q=0.8',
  'user-agent' => 'Mozilla/5.0 (Windows NT 6.1; Win64; x64) AppleWebKit/537.36 (KHTML, like Gecko) Chrome/64.0.3282.119 Safari/537.36',
  'connection' => 'close',
  'host' => 'www.blog.wang.com',
)
[ info ] [ PARAM ] array (
  'id' => NULL,
)
[ info ] [ RUN ] think\captcha\CaptchaController->index[ C:\Thankphp\Thinkphp\vendor\topthink\think-captcha\src\CaptchaController.php ]
[ info ] [ SESSION ] INIT array (
  'id' => '',
  'var_session_id' => '',
  'prefix' => 'think',
  'type' => '',
  'auto_start' => true,
)
[ info ] [ LOG ] INIT File
---------------------------------------------------------------
[ 2018-04-01T15:18:34+08:00 ] 127.0.0.1 127.0.0.1 GET /
[ info ] www.blog.wang.com/ [运行时间：0.518029s][吞吐率：1.93req/s] [内存消耗：1,726.41kb] [文件加载：50]
[ info ] [ LANG ] C:\Thankphp\Thinkphp\thinkphp\lang\zh-cn.php
[ info ] [ ROUTE ] array (
  'type' => 'module',
  'module' => 
  array (
    0 => '',
    1 => NULL,
    2 => NULL,
  ),
)
[ info ] [ HEADER ] array (
  'cookie' => 'Hm_lvt_bf5b4f36371b120b4279881e456bad4a=1512214604,1513077412; XDEBUG_SESSION=XDEBUG_ECLIPSE; Hm_lvt_bf5b4f36371b120b4279881e456bad4a=1522293783; PHPSESSID=mseikjv0f5q92868buuavn58h0',
  'accept-language' => 'zh-CN,zh;q=0.9',
  'accept-encoding' => 'gzip, deflate',
  'referer' => 'http://www.blog.wang.com/',
  'accept' => 'text/html,application/xhtml+xml,application/xml;q=0.9,image/webp,image/apng,*/*;q=0.8',
  'user-agent' => 'Mozilla/5.0 (Windows NT 6.1; Win64; x64) AppleWebKit/537.36 (KHTML, like Gecko) Chrome/64.0.3282.119 Safari/537.36',
  'upgrade-insecure-requests' => '1',
  'connection' => 'close',
  'host' => 'www.blog.wang.com',
)
[ info ] [ PARAM ] array (
)
[ info ] [ RUN ] app\admin\controller\LoginController->login[ C:\Thankphp\Thinkphp\application\admin\controller\LoginController.php ]
[ info ] [ VIEW ] C:\Thankphp\Thinkphp\public/../application/admin\view\login\index.html [ array (
) ]
[ info ] [ LOG ] INIT File
---------------------------------------------------------------
[ 2018-04-01T15:18:36+08:00 ] 127.0.0.1 127.0.0.1 GET /captcha.html
[ info ] www.blog.wang.com/captcha.html [运行时间：0.649038s][吞吐率：1.54req/s] [内存消耗：1,464.63kb] [文件加载：41]
[ info ] [ LANG ] C:\Thankphp\Thinkphp\thinkphp\lang\zh-cn.php
[ info ] [ ROUTE ] array (
  'type' => 'method',
  'method' => 
  array (
    0 => '\\think\\captcha\\CaptchaController',
    1 => 'index',
  ),
  'var' => 
  array (
  ),
)
[ info ] [ HEADER ] array (
  'cookie' => 'Hm_lvt_bf5b4f36371b120b4279881e456bad4a=1512214604,1513077412; XDEBUG_SESSION=XDEBUG_ECLIPSE; Hm_lvt_bf5b4f36371b120b4279881e456bad4a=1522293783; PHPSESSID=mseikjv0f5q92868buuavn58h0',
  'accept-language' => 'zh-CN,zh;q=0.9',
  'accept-encoding' => 'gzip, deflate',
  'referer' => 'http://www.blog.wang.com/',
  'accept' => 'image/webp,image/apng,image/*,*/*;q=0.8',
  'user-agent' => 'Mozilla/5.0 (Windows NT 6.1; Win64; x64) AppleWebKit/537.36 (KHTML, like Gecko) Chrome/64.0.3282.119 Safari/537.36',
  'connection' => 'close',
  'host' => 'www.blog.wang.com',
)
[ info ] [ PARAM ] array (
  'id' => NULL,
)
[ info ] [ RUN ] think\captcha\CaptchaController->index[ C:\Thankphp\Thinkphp\vendor\topthink\think-captcha\src\CaptchaController.php ]
[ info ] [ SESSION ] INIT array (
  'id' => '',
  'var_session_id' => '',
  'prefix' => 'think',
  'type' => '',
  'auto_start' => true,
)
[ info ] [ LOG ] INIT File
---------------------------------------------------------------
[ 2018-04-01T15:22:22+08:00 ] 127.0.0.1 127.0.0.1 GET /
[ info ] www.blog.wang.com/ [运行时间：0.531030s][吞吐率：1.88req/s] [内存消耗：1,863.29kb] [文件加载：52]
[ info ] [ LANG ] C:\Thankphp\Thinkphp\thinkphp\lang\zh-cn.php
[ info ] [ ROUTE ] array (
  'type' => 'module',
  'module' => 
  array (
    0 => '',
    1 => NULL,
    2 => NULL,
  ),
)
[ info ] [ HEADER ] array (
  'cookie' => 'Hm_lvt_bf5b4f36371b120b4279881e456bad4a=1512214604,1513077412; XDEBUG_SESSION=XDEBUG_ECLIPSE; Hm_lvt_bf5b4f36371b120b4279881e456bad4a=1522293783; PHPSESSID=mseikjv0f5q92868buuavn58h0',
  'accept-language' => 'zh-CN,zh;q=0.9',
  'accept-encoding' => 'gzip, deflate',
  'referer' => 'http://www.blog.wang.com/',
  'accept' => 'text/html,application/xhtml+xml,application/xml;q=0.9,image/webp,image/apng,*/*;q=0.8',
  'user-agent' => 'Mozilla/5.0 (Windows NT 6.1; Win64; x64) AppleWebKit/537.36 (KHTML, like Gecko) Chrome/64.0.3282.119 Safari/537.36',
  'upgrade-insecure-requests' => '1',
  'cache-control' => 'max-age=0',
  'connection' => 'close',
  'host' => 'www.blog.wang.com',
)
[ info ] [ PARAM ] array (
)
[ info ] [ RUN ] app\admin\controller\LoginController->login[ C:\Thankphp\Thinkphp\application\admin\controller\LoginController.php ]
[ info ] [ VIEW ] C:\Thankphp\Thinkphp\public/../application/admin\view\login\index.html [ array (
) ]
[ info ] [ LOG ] INIT File
---------------------------------------------------------------
[ 2018-04-01T15:22:23+08:00 ] 127.0.0.1 127.0.0.1 GET /captcha.html
[ info ] www.blog.wang.com/captcha.html [运行时间：0.720041s][吞吐率：1.39req/s] [内存消耗：1,464.63kb] [文件加载：41]
[ info ] [ LANG ] C:\Thankphp\Thinkphp\thinkphp\lang\zh-cn.php
[ info ] [ ROUTE ] array (
  'type' => 'method',
  'method' => 
  array (
    0 => '\\think\\captcha\\CaptchaController',
    1 => 'index',
  ),
  'var' => 
  array (
  ),
)
[ info ] [ HEADER ] array (
  'cookie' => 'Hm_lvt_bf5b4f36371b120b4279881e456bad4a=1512214604,1513077412; XDEBUG_SESSION=XDEBUG_ECLIPSE; Hm_lvt_bf5b4f36371b120b4279881e456bad4a=1522293783; PHPSESSID=mseikjv0f5q92868buuavn58h0',
  'accept-language' => 'zh-CN,zh;q=0.9',
  'accept-encoding' => 'gzip, deflate',
  'referer' => 'http://www.blog.wang.com/',
  'accept' => 'image/webp,image/apng,image/*,*/*;q=0.8',
  'user-agent' => 'Mozilla/5.0 (Windows NT 6.1; Win64; x64) AppleWebKit/537.36 (KHTML, like Gecko) Chrome/64.0.3282.119 Safari/537.36',
  'connection' => 'close',
  'host' => 'www.blog.wang.com',
)
[ info ] [ PARAM ] array (
  'id' => NULL,
)
[ info ] [ RUN ] think\captcha\CaptchaController->index[ C:\Thankphp\Thinkphp\vendor\topthink\think-captcha\src\CaptchaController.php ]
[ info ] [ SESSION ] INIT array (
  'id' => '',
  'var_session_id' => '',
  'prefix' => 'think',
  'type' => '',
  'auto_start' => true,
)
[ info ] [ LOG ] INIT File
---------------------------------------------------------------
[ 2018-04-01T15:22:51+08:00 ] 127.0.0.1 127.0.0.1 GET /
[ info ] www.blog.wang.com/ [运行时间：0.547031s][吞吐率：1.83req/s] [内存消耗：1,863.29kb] [文件加载：52]
[ info ] [ LANG ] C:\Thankphp\Thinkphp\thinkphp\lang\zh-cn.php
[ info ] [ ROUTE ] array (
  'type' => 'module',
  'module' => 
  array (
    0 => '',
    1 => NULL,
    2 => NULL,
  ),
)
[ info ] [ HEADER ] array (
  'cookie' => 'Hm_lvt_bf5b4f36371b120b4279881e456bad4a=1512214604,1513077412; XDEBUG_SESSION=XDEBUG_ECLIPSE; Hm_lvt_bf5b4f36371b120b4279881e456bad4a=1522293783; PHPSESSID=mseikjv0f5q92868buuavn58h0',
  'accept-language' => 'zh-CN,zh;q=0.9',
  'accept-encoding' => 'gzip, deflate',
  'referer' => 'http://www.blog.wang.com/',
  'accept' => 'text/html,application/xhtml+xml,application/xml;q=0.9,image/webp,image/apng,*/*;q=0.8',
  'user-agent' => 'Mozilla/5.0 (Windows NT 6.1; Win64; x64) AppleWebKit/537.36 (KHTML, like Gecko) Chrome/64.0.3282.119 Safari/537.36',
  'upgrade-insecure-requests' => '1',
  'cache-control' => 'max-age=0',
  'connection' => 'close',
  'host' => 'www.blog.wang.com',
)
[ info ] [ PARAM ] array (
)
[ info ] [ RUN ] app\admin\controller\LoginController->login[ C:\Thankphp\Thinkphp\application\admin\controller\LoginController.php ]
[ info ] [ VIEW ] C:\Thankphp\Thinkphp\public/../application/admin\view\login\index.html [ array (
) ]
[ info ] [ LOG ] INIT File
---------------------------------------------------------------
[ 2018-04-01T15:22:55+08:00 ] 127.0.0.1 127.0.0.1 GET /
[ info ] www.blog.wang.com/ [运行时间：0.520030s][吞吐率：1.92req/s] [内存消耗：1,726.47kb] [文件加载：50]
[ info ] [ LANG ] C:\Thankphp\Thinkphp\thinkphp\lang\zh-cn.php
[ info ] [ ROUTE ] array (
  'type' => 'module',
  'module' => 
  array (
    0 => '',
    1 => NULL,
    2 => NULL,
  ),
)
[ info ] [ HEADER ] array (
  'cookie' => 'Hm_lvt_bf5b4f36371b120b4279881e456bad4a=1512214604,1513077412; XDEBUG_SESSION=XDEBUG_ECLIPSE; Hm_lvt_bf5b4f36371b120b4279881e456bad4a=1522293783; PHPSESSID=mseikjv0f5q92868buuavn58h0',
  'accept-language' => 'zh-CN,zh;q=0.9',
  'accept-encoding' => 'gzip, deflate',
  'referer' => 'http://www.blog.wang.com/',
  'accept' => 'text/html,application/xhtml+xml,application/xml;q=0.9,image/webp,image/apng,*/*;q=0.8',
  'user-agent' => 'Mozilla/5.0 (Windows NT 6.1; Win64; x64) AppleWebKit/537.36 (KHTML, like Gecko) Chrome/64.0.3282.119 Safari/537.36',
  'upgrade-insecure-requests' => '1',
  'cache-control' => 'max-age=0',
  'connection' => 'close',
  'host' => 'www.blog.wang.com',
)
[ info ] [ PARAM ] array (
)
[ info ] [ RUN ] app\admin\controller\LoginController->login[ C:\Thankphp\Thinkphp\application\admin\controller\LoginController.php ]
[ info ] [ VIEW ] C:\Thankphp\Thinkphp\public/../application/admin\view\login\index.html [ array (
) ]
[ info ] [ LOG ] INIT File
---------------------------------------------------------------
[ 2018-04-01T15:22:56+08:00 ] 127.0.0.1 127.0.0.1 GET /captcha.html
[ info ] www.blog.wang.com/captcha.html [运行时间：0.721041s][吞吐率：1.39req/s] [内存消耗：1,464.63kb] [文件加载：41]
[ info ] [ LANG ] C:\Thankphp\Thinkphp\thinkphp\lang\zh-cn.php
[ info ] [ ROUTE ] array (
  'type' => 'method',
  'method' => 
  array (
    0 => '\\think\\captcha\\CaptchaController',
    1 => 'index',
  ),
  'var' => 
  array (
  ),
)
[ info ] [ HEADER ] array (
  'cookie' => 'Hm_lvt_bf5b4f36371b120b4279881e456bad4a=1512214604,1513077412; XDEBUG_SESSION=XDEBUG_ECLIPSE; Hm_lvt_bf5b4f36371b120b4279881e456bad4a=1522293783; PHPSESSID=mseikjv0f5q92868buuavn58h0',
  'accept-language' => 'zh-CN,zh;q=0.9',
  'accept-encoding' => 'gzip, deflate',
  'referer' => 'http://www.blog.wang.com/',
  'accept' => 'image/webp,image/apng,image/*,*/*;q=0.8',
  'user-agent' => 'Mozilla/5.0 (Windows NT 6.1; Win64; x64) AppleWebKit/537.36 (KHTML, like Gecko) Chrome/64.0.3282.119 Safari/537.36',
  'connection' => 'close',
  'host' => 'www.blog.wang.com',
)
[ info ] [ PARAM ] array (
  'id' => NULL,
)
[ info ] [ RUN ] think\captcha\CaptchaController->index[ C:\Thankphp\Thinkphp\vendor\topthink\think-captcha\src\CaptchaController.php ]
[ info ] [ SESSION ] INIT array (
  'id' => '',
  'var_session_id' => '',
  'prefix' => 'think',
  'type' => '',
  'auto_start' => true,
)
[ info ] [ LOG ] INIT File
---------------------------------------------------------------
[ 2018-04-01T15:23:04+08:00 ] 127.0.0.1 127.0.0.1 POST /
[ info ] www.blog.wang.com/ [运行时间：0.604034s][吞吐率：1.66req/s] [内存消耗：2,863.11kb] [文件加载：64]
[ info ] [ LANG ] C:\Thankphp\Thinkphp\thinkphp\lang\zh-cn.php
[ info ] [ ROUTE ] array (
  'type' => 'module',
  'module' => 
  array (
    0 => '',
    1 => NULL,
    2 => NULL,
  ),
)
[ info ] [ HEADER ] array (
  'cookie' => 'Hm_lvt_bf5b4f36371b120b4279881e456bad4a=1512214604,1513077412; XDEBUG_SESSION=XDEBUG_ECLIPSE; Hm_lvt_bf5b4f36371b120b4279881e456bad4a=1522293783; PHPSESSID=mseikjv0f5q92868buuavn58h0',
  'accept-language' => 'zh-CN,zh;q=0.9',
  'accept-encoding' => 'gzip, deflate',
  'referer' => 'http://www.blog.wang.com/',
  'accept' => 'text/html,application/xhtml+xml,application/xml;q=0.9,image/webp,image/apng,*/*;q=0.8',
  'user-agent' => 'Mozilla/5.0 (Windows NT 6.1; Win64; x64) AppleWebKit/537.36 (KHTML, like Gecko) Chrome/64.0.3282.119 Safari/537.36',
  'content-type' => 'application/x-www-form-urlencoded',
  'upgrade-insecure-requests' => '1',
  'origin' => 'http://www.blog.wang.com',
  'cache-control' => 'max-age=0',
  'content-length' => '43',
  'connection' => 'close',
  'host' => 'www.blog.wang.com',
)
[ info ] [ PARAM ] array (
  'username' => 'admin',
  'password' => 'admin888',
  'code' => '7cctn',
)
[ info ] [ RUN ] app\admin\controller\LoginController->login[ C:\Thankphp\Thinkphp\application\admin\controller\LoginController.php ]
[ info ] [ DB ] INIT mysql
[ info ] [ SESSION ] INIT array (
  'id' => '',
  'var_session_id' => '',
  'prefix' => 'think',
  'type' => '',
  'auto_start' => true,
)
[ info ] [ VIEW ] C:\Thankphp\Thinkphp\thinkphp\tpl\dispatch_jump.tpl [ array (
  0 => 'code',
  1 => 'msg',
  2 => 'data',
  3 => 'url',
  4 => 'wait',
) ]
[ info ] [ LOG ] INIT File
[ sql ] [ DB ] CONNECT:[ UseTime:0.002000s ] mysql:host=127.0.0.1;dbname=test;charset=utf8
[ sql ] [ SQL ] SHOW COLUMNS FROM `admin` [ RunTime:0.013001s ]
[ sql ] [ SQL ] SELECT * FROM `admin` WHERE  `username` = 'admin'  AND `password` = 'h3vPU8JGuF3VS/uxIpjRSw==' LIMIT 1 [ RunTime:0.002000s ]
---------------------------------------------------------------
[ 2018-04-01T15:23:09+08:00 ] 127.0.0.1 127.0.0.1 GET /admin/entry/adminindex.html
[ info ] www.blog.wang.com/admin/entry/adminindex.html [运行时间：0.561033s][吞吐率：1.78req/s] [内存消耗：1,743.26kb] [文件加载：51]
[ info ] [ LANG ] C:\Thankphp\Thinkphp\thinkphp\lang\zh-cn.php
[ info ] [ ROUTE ] array (
  'type' => 'module',
  'module' => 
  array (
    0 => 'admin',
    1 => 'entry',
    2 => 'adminindex',
  ),
)
[ info ] [ HEADER ] array (
  'cookie' => 'Hm_lvt_bf5b4f36371b120b4279881e456bad4a=1512214604,1513077412; XDEBUG_SESSION=XDEBUG_ECLIPSE; Hm_lvt_bf5b4f36371b120b4279881e456bad4a=1522293783; PHPSESSID=mseikjv0f5q92868buuavn58h0',
  'accept-language' => 'zh-CN,zh;q=0.9',
  'accept-encoding' => 'gzip, deflate',
  'referer' => 'http://www.blog.wang.com/',
  'accept' => 'text/html,application/xhtml+xml,application/xml;q=0.9,image/webp,image/apng,*/*;q=0.8',
  'user-agent' => 'Mozilla/5.0 (Windows NT 6.1; Win64; x64) AppleWebKit/537.36 (KHTML, like Gecko) Chrome/64.0.3282.119 Safari/537.36',
  'upgrade-insecure-requests' => '1',
  'connection' => 'close',
  'host' => 'www.blog.wang.com',
)
[ info ] [ PARAM ] array (
)
[ info ] [ SESSION ] INIT array (
  'id' => '',
  'var_session_id' => '',
  'prefix' => 'think',
  'type' => '',
  'auto_start' => true,
)
[ info ] [ RUN ] app\admin\controller\EntryController->adminindex[ C:\Thankphp\Thinkphp\application\admin\controller\EntryController.php ]
[ info ] [ VIEW ] C:\Thankphp\Thinkphp\public/../application/admin\view\entry\adminindex.html [ array (
) ]
[ info ] [ LOG ] INIT File
---------------------------------------------------------------
[ 2018-04-01T15:26:59+08:00 ] 127.0.0.1 127.0.0.1 GET /admin/entry/adminindex.html
[ info ] www.blog.wang.com/admin/entry/adminindex.html [运行时间：0.577033s][吞吐率：1.73req/s] [内存消耗：1,900.48kb] [文件加载：53]
[ info ] [ LANG ] C:\Thankphp\Thinkphp\thinkphp\lang\zh-cn.php
[ info ] [ ROUTE ] array (
  'type' => 'module',
  'module' => 
  array (
    0 => 'admin',
    1 => 'entry',
    2 => 'adminindex',
  ),
)
[ info ] [ HEADER ] array (
  'cookie' => 'Hm_lvt_bf5b4f36371b120b4279881e456bad4a=1512214604,1513077412; XDEBUG_SESSION=XDEBUG_ECLIPSE; Hm_lvt_bf5b4f36371b120b4279881e456bad4a=1522293783; PHPSESSID=mseikjv0f5q92868buuavn58h0',
  'accept-language' => 'zh-CN,zh;q=0.9',
  'accept-encoding' => 'gzip, deflate',
  'referer' => 'http://www.blog.wang.com/',
  'accept' => 'text/html,application/xhtml+xml,application/xml;q=0.9,image/webp,image/apng,*/*;q=0.8',
  'user-agent' => 'Mozilla/5.0 (Windows NT 6.1; Win64; x64) AppleWebKit/537.36 (KHTML, like Gecko) Chrome/64.0.3282.119 Safari/537.36',
  'upgrade-insecure-requests' => '1',
  'cache-control' => 'max-age=0',
  'connection' => 'close',
  'host' => 'www.blog.wang.com',
)
[ info ] [ PARAM ] array (
)
[ info ] [ SESSION ] INIT array (
  'id' => '',
  'var_session_id' => '',
  'prefix' => 'think',
  'type' => '',
  'auto_start' => true,
)
[ info ] [ RUN ] app\admin\controller\EntryController->adminindex[ C:\Thankphp\Thinkphp\application\admin\controller\EntryController.php ]
[ info ] [ VIEW ] C:\Thankphp\Thinkphp\public/../application/admin\view\entry\adminindex.html [ array (
) ]
[ info ] [ LOG ] INIT File
---------------------------------------------------------------
[ 2018-04-01T15:27:06+08:00 ] 127.0.0.1 127.0.0.1 GET /admin/entry/adminindex.html
[ info ] www.blog.wang.com/admin/entry/adminindex.html [运行时间：0.569032s][吞吐率：1.76req/s] [内存消耗：1,743.29kb] [文件加载：51]
[ info ] [ LANG ] C:\Thankphp\Thinkphp\thinkphp\lang\zh-cn.php
[ info ] [ ROUTE ] array (
  'type' => 'module',
  'module' => 
  array (
    0 => 'admin',
    1 => 'entry',
    2 => 'adminindex',
  ),
)
[ info ] [ HEADER ] array (
  'cookie' => 'Hm_lvt_bf5b4f36371b120b4279881e456bad4a=1512214604,1513077412; XDEBUG_SESSION=XDEBUG_ECLIPSE; Hm_lvt_bf5b4f36371b120b4279881e456bad4a=1522293783; PHPSESSID=mseikjv0f5q92868buuavn58h0',
  'accept-language' => 'zh-CN,zh;q=0.9',
  'accept-encoding' => 'gzip, deflate',
  'referer' => 'http://www.blog.wang.com/admin/entry/adminindex.html',
  'accept' => 'text/html,application/xhtml+xml,application/xml;q=0.9,image/webp,image/apng,*/*;q=0.8',
  'user-agent' => 'Mozilla/5.0 (Windows NT 6.1; Win64; x64) AppleWebKit/537.36 (KHTML, like Gecko) Chrome/64.0.3282.119 Safari/537.36',
  'upgrade-insecure-requests' => '1',
  'connection' => 'close',
  'host' => 'www.blog.wang.com',
)
[ info ] [ PARAM ] array (
)
[ info ] [ SESSION ] INIT array (
  'id' => '',
  'var_session_id' => '',
  'prefix' => 'think',
  'type' => '',
  'auto_start' => true,
)
[ info ] [ RUN ] app\admin\controller\EntryController->adminindex[ C:\Thankphp\Thinkphp\application\admin\controller\EntryController.php ]
[ info ] [ VIEW ] C:\Thankphp\Thinkphp\public/../application/admin\view\entry\adminindex.html [ array (
) ]
[ info ] [ LOG ] INIT File
---------------------------------------------------------------
[ 2018-04-01T15:28:26+08:00 ] 127.0.0.1 127.0.0.1 GET /admin/entry/adminindex.html
[ info ] www.blog.wang.com/admin/entry/adminindex.html [运行时间：0.578033s][吞吐率：1.73req/s] [内存消耗：1,900.48kb] [文件加载：53]
[ info ] [ LANG ] C:\Thankphp\Thinkphp\thinkphp\lang\zh-cn.php
[ info ] [ ROUTE ] array (
  'type' => 'module',
  'module' => 
  array (
    0 => 'admin',
    1 => 'entry',
    2 => 'adminindex',
  ),
)
[ info ] [ HEADER ] array (
  'cookie' => 'Hm_lvt_bf5b4f36371b120b4279881e456bad4a=1512214604,1513077412; XDEBUG_SESSION=XDEBUG_ECLIPSE; Hm_lvt_bf5b4f36371b120b4279881e456bad4a=1522293783; PHPSESSID=mseikjv0f5q92868buuavn58h0',
  'accept-language' => 'zh-CN,zh;q=0.9',
  'accept-encoding' => 'gzip, deflate',
  'referer' => 'http://www.blog.wang.com/',
  'accept' => 'text/html,application/xhtml+xml,application/xml;q=0.9,image/webp,image/apng,*/*;q=0.8',
  'user-agent' => 'Mozilla/5.0 (Windows NT 6.1; Win64; x64) AppleWebKit/537.36 (KHTML, like Gecko) Chrome/64.0.3282.119 Safari/537.36',
  'upgrade-insecure-requests' => '1',
  'cache-control' => 'max-age=0',
  'connection' => 'close',
  'host' => 'www.blog.wang.com',
)
[ info ] [ PARAM ] array (
)
[ info ] [ SESSION ] INIT array (
  'id' => '',
  'var_session_id' => '',
  'prefix' => 'think',
  'type' => '',
  'auto_start' => true,
)
[ info ] [ RUN ] app\admin\controller\EntryController->adminindex[ C:\Thankphp\Thinkphp\application\admin\controller\EntryController.php ]
[ info ] [ VIEW ] C:\Thankphp\Thinkphp\public/../application/admin\view\entry\adminindex.html [ array (
) ]
[ info ] [ LOG ] INIT File
---------------------------------------------------------------
[ 2018-04-01T15:28:30+08:00 ] 127.0.0.1 127.0.0.1 GET /admin/entry/adminindex.html
[ info ] www.blog.wang.com/admin/entry/adminindex.html [运行时间：0.550031s][吞吐率：1.82req/s] [内存消耗：1,743.32kb] [文件加载：51]
[ info ] [ LANG ] C:\Thankphp\Thinkphp\thinkphp\lang\zh-cn.php
[ info ] [ ROUTE ] array (
  'type' => 'module',
  'module' => 
  array (
    0 => 'admin',
    1 => 'entry',
    2 => 'adminindex',
  ),
)
[ info ] [ HEADER ] array (
  'cookie' => 'Hm_lvt_bf5b4f36371b120b4279881e456bad4a=1512214604,1513077412; XDEBUG_SESSION=XDEBUG_ECLIPSE; Hm_lvt_bf5b4f36371b120b4279881e456bad4a=1522293783; PHPSESSID=mseikjv0f5q92868buuavn58h0',
  'accept-language' => 'zh-CN,zh;q=0.9',
  'accept-encoding' => 'gzip, deflate',
  'referer' => 'http://www.blog.wang.com/',
  'accept' => 'text/html,application/xhtml+xml,application/xml;q=0.9,image/webp,image/apng,*/*;q=0.8',
  'user-agent' => 'Mozilla/5.0 (Windows NT 6.1; Win64; x64) AppleWebKit/537.36 (KHTML, like Gecko) Chrome/64.0.3282.119 Safari/537.36',
  'upgrade-insecure-requests' => '1',
  'cache-control' => 'max-age=0',
  'connection' => 'close',
  'host' => 'www.blog.wang.com',
)
[ info ] [ PARAM ] array (
)
[ info ] [ SESSION ] INIT array (
  'id' => '',
  'var_session_id' => '',
  'prefix' => 'think',
  'type' => '',
  'auto_start' => true,
)
[ info ] [ RUN ] app\admin\controller\EntryController->adminindex[ C:\Thankphp\Thinkphp\application\admin\controller\EntryController.php ]
[ info ] [ VIEW ] C:\Thankphp\Thinkphp\public/../application/admin\view\entry\adminindex.html [ array (
) ]
[ info ] [ LOG ] INIT File
---------------------------------------------------------------
[ 2018-04-01T15:30:02+08:00 ] 127.0.0.1 127.0.0.1 GET /admin/entry/adminindex.html
[ info ] www.blog.wang.com/admin/entry/adminindex.html [运行时间：0.603035s][吞吐率：1.66req/s] [内存消耗：1,900.48kb] [文件加载：53]
[ info ] [ LANG ] C:\Thankphp\Thinkphp\thinkphp\lang\zh-cn.php
[ info ] [ ROUTE ] array (
  'type' => 'module',
  'module' => 
  array (
    0 => 'admin',
    1 => 'entry',
    2 => 'adminindex',
  ),
)
[ info ] [ HEADER ] array (
  'cookie' => 'Hm_lvt_bf5b4f36371b120b4279881e456bad4a=1512214604,1513077412; XDEBUG_SESSION=XDEBUG_ECLIPSE; Hm_lvt_bf5b4f36371b120b4279881e456bad4a=1522293783; PHPSESSID=mseikjv0f5q92868buuavn58h0',
  'accept-language' => 'zh-CN,zh;q=0.9',
  'accept-encoding' => 'gzip, deflate',
  'referer' => 'http://www.blog.wang.com/',
  'accept' => 'text/html,application/xhtml+xml,application/xml;q=0.9,image/webp,image/apng,*/*;q=0.8',
  'user-agent' => 'Mozilla/5.0 (Windows NT 6.1; Win64; x64) AppleWebKit/537.36 (KHTML, like Gecko) Chrome/64.0.3282.119 Safari/537.36',
  'upgrade-insecure-requests' => '1',
  'cache-control' => 'max-age=0',
  'connection' => 'close',
  'host' => 'www.blog.wang.com',
)
[ info ] [ PARAM ] array (
)
[ info ] [ SESSION ] INIT array (
  'id' => '',
  'var_session_id' => '',
  'prefix' => 'think',
  'type' => '',
  'auto_start' => true,
)
[ info ] [ RUN ] app\admin\controller\EntryController->adminindex[ C:\Thankphp\Thinkphp\application\admin\controller\EntryController.php ]
[ info ] [ VIEW ] C:\Thankphp\Thinkphp\public/../application/admin\view\entry\adminindex.html [ array (
) ]
[ info ] [ LOG ] INIT File
---------------------------------------------------------------
[ 2018-04-01T15:38:59+08:00 ] 127.0.0.1 127.0.0.1 GET /admin/entry/adminindex.html
[ info ] www.blog.wang.com/admin/entry/adminindex.html [运行时间：0.587033s][吞吐率：1.70req/s] [内存消耗：1,900.48kb] [文件加载：53]
[ info ] [ LANG ] C:\Thankphp\Thinkphp\thinkphp\lang\zh-cn.php
[ info ] [ ROUTE ] array (
  'type' => 'module',
  'module' => 
  array (
    0 => 'admin',
    1 => 'entry',
    2 => 'adminindex',
  ),
)
[ info ] [ HEADER ] array (
  'cookie' => 'Hm_lvt_bf5b4f36371b120b4279881e456bad4a=1512214604,1513077412; XDEBUG_SESSION=XDEBUG_ECLIPSE; Hm_lvt_bf5b4f36371b120b4279881e456bad4a=1522293783; PHPSESSID=mseikjv0f5q92868buuavn58h0',
  'accept-language' => 'zh-CN,zh;q=0.9',
  'accept-encoding' => 'gzip, deflate',
  'referer' => 'http://www.blog.wang.com/',
  'accept' => 'text/html,application/xhtml+xml,application/xml;q=0.9,image/webp,image/apng,*/*;q=0.8',
  'user-agent' => 'Mozilla/5.0 (Windows NT 6.1; Win64; x64) AppleWebKit/537.36 (KHTML, like Gecko) Chrome/64.0.3282.119 Safari/537.36',
  'upgrade-insecure-requests' => '1',
  'cache-control' => 'max-age=0',
  'connection' => 'close',
  'host' => 'www.blog.wang.com',
)
[ info ] [ PARAM ] array (
)
[ info ] [ SESSION ] INIT array (
  'id' => '',
  'var_session_id' => '',
  'prefix' => 'think',
  'type' => '',
  'auto_start' => true,
)
[ info ] [ RUN ] app\admin\controller\EntryController->adminindex[ C:\Thankphp\Thinkphp\application\admin\controller\EntryController.php ]
[ info ] [ VIEW ] C:\Thankphp\Thinkphp\public/../application/admin\view\entry\adminindex.html [ array (
) ]
[ info ] [ LOG ] INIT File
---------------------------------------------------------------
[ 2018-04-01T15:48:45+08:00 ] 127.0.0.1 127.0.0.1 GET /admin/entry/adminindex.html
[ info ] www.blog.wang.com/admin/entry/adminindex.html [运行时间：0.584033s][吞吐率：1.71req/s] [内存消耗：1,900.48kb] [文件加载：53]
[ info ] [ LANG ] C:\Thankphp\Thinkphp\thinkphp\lang\zh-cn.php
[ info ] [ ROUTE ] array (
  'type' => 'module',
  'module' => 
  array (
    0 => 'admin',
    1 => 'entry',
    2 => 'adminindex',
  ),
)
[ info ] [ HEADER ] array (
  'cookie' => 'Hm_lvt_bf5b4f36371b120b4279881e456bad4a=1512214604,1513077412; XDEBUG_SESSION=XDEBUG_ECLIPSE; Hm_lvt_bf5b4f36371b120b4279881e456bad4a=1522293783; PHPSESSID=mseikjv0f5q92868buuavn58h0',
  'accept-language' => 'zh-CN,zh;q=0.9',
  'accept-encoding' => 'gzip, deflate',
  'referer' => 'http://www.blog.wang.com/',
  'accept' => 'text/html,application/xhtml+xml,application/xml;q=0.9,image/webp,image/apng,*/*;q=0.8',
  'user-agent' => 'Mozilla/5.0 (Windows NT 6.1; Win64; x64) AppleWebKit/537.36 (KHTML, like Gecko) Chrome/64.0.3282.119 Safari/537.36',
  'upgrade-insecure-requests' => '1',
  'cache-control' => 'max-age=0',
  'connection' => 'close',
  'host' => 'www.blog.wang.com',
)
[ info ] [ PARAM ] array (
)
[ info ] [ SESSION ] INIT array (
  'id' => '',
  'var_session_id' => '',
  'prefix' => 'think',
  'type' => '',
  'auto_start' => true,
)
[ info ] [ RUN ] app\admin\controller\EntryController->adminindex[ C:\Thankphp\Thinkphp\application\admin\controller\EntryController.php ]
[ info ] [ VIEW ] C:\Thankphp\Thinkphp\public/../application/admin\view\entry\adminindex.html [ array (
) ]
[ info ] [ LOG ] INIT File
---------------------------------------------------------------
[ 2018-04-01T15:48:49+08:00 ] 127.0.0.1 127.0.0.1 GET /admin/category/index.html
[ info ] www.blog.wang.com/admin/category/index.html [运行时间：0.757044s][吞吐率：1.32req/s] [内存消耗：3,057.37kb] [文件加载：63]
[ info ] [ LANG ] C:\Thankphp\Thinkphp\thinkphp\lang\zh-cn.php
[ info ] [ ROUTE ] array (
  'type' => 'module',
  'module' => 
  array (
    0 => 'admin',
    1 => 'category',
    2 => 'index',
  ),
)
[ info ] [ HEADER ] array (
  'cookie' => 'Hm_lvt_bf5b4f36371b120b4279881e456bad4a=1512214604,1513077412; XDEBUG_SESSION=XDEBUG_ECLIPSE; Hm_lvt_bf5b4f36371b120b4279881e456bad4a=1522293783; PHPSESSID=mseikjv0f5q92868buuavn58h0',
  'accept-language' => 'zh-CN,zh;q=0.9',
  'accept-encoding' => 'gzip, deflate',
  'referer' => 'http://www.blog.wang.com/admin/entry/adminindex.html',
  'accept' => 'text/html,application/xhtml+xml,application/xml;q=0.9,image/webp,image/apng,*/*;q=0.8',
  'user-agent' => 'Mozilla/5.0 (Windows NT 6.1; Win64; x64) AppleWebKit/537.36 (KHTML, like Gecko) Chrome/64.0.3282.119 Safari/537.36',
  'upgrade-insecure-requests' => '1',
  'connection' => 'close',
  'host' => 'www.blog.wang.com',
)
[ info ] [ PARAM ] array (
)
[ info ] [ DB ] INIT mysql
[ info ] [ RUN ] app\admin\controller\CategoryController->index[ C:\Thankphp\Thinkphp\application\admin\controller\CategoryController.php ]
[ info ] [ VIEW ] C:\Thankphp\Thinkphp\public/../application/admin\view\category\index.html [ array (
  0 => 'field',
) ]
[ info ] [ SESSION ] INIT array (
  'id' => '',
  'var_session_id' => '',
  'prefix' => 'think',
  'type' => '',
  'auto_start' => true,
)
[ info ] [ LOG ] INIT File
[ sql ] [ DB ] CONNECT:[ UseTime:0.002000s ] mysql:host=127.0.0.1;dbname=test;charset=utf8
[ sql ] [ SQL ] SHOW COLUMNS FROM `cate` [ RunTime:0.013001s ]
[ sql ] [ SQL ] SELECT * FROM `cate` ORDER BY sort desc,id [ RunTime:0.002001s ]
---------------------------------------------------------------
[ 2018-04-01T15:48:51+08:00 ] 127.0.0.1 127.0.0.1 GET /admin/article/index.html
[ info ] www.blog.wang.com/admin/article/index.html [运行时间：0.706041s][吞吐率：1.42req/s] [内存消耗：3,111.66kb] [文件加载：64]
[ info ] [ LANG ] C:\Thankphp\Thinkphp\thinkphp\lang\zh-cn.php
[ info ] [ ROUTE ] array (
  'type' => 'module',
  'module' => 
  array (
    0 => 'admin',
    1 => 'article',
    2 => 'index',
  ),
)
[ info ] [ HEADER ] array (
  'cookie' => 'Hm_lvt_bf5b4f36371b120b4279881e456bad4a=1512214604,1513077412; XDEBUG_SESSION=XDEBUG_ECLIPSE; Hm_lvt_bf5b4f36371b120b4279881e456bad4a=1522293783; PHPSESSID=mseikjv0f5q92868buuavn58h0',
  'accept-language' => 'zh-CN,zh;q=0.9',
  'accept-encoding' => 'gzip, deflate',
  'referer' => 'http://www.blog.wang.com/admin/category/index.html',
  'accept' => 'text/html,application/xhtml+xml,application/xml;q=0.9,image/webp,image/apng,*/*;q=0.8',
  'user-agent' => 'Mozilla/5.0 (Windows NT 6.1; Win64; x64) AppleWebKit/537.36 (KHTML, like Gecko) Chrome/64.0.3282.119 Safari/537.36',
  'upgrade-insecure-requests' => '1',
  'connection' => 'close',
  'host' => 'www.blog.wang.com',
)
[ info ] [ PARAM ] array (
)
[ info ] [ DB ] INIT mysql
[ info ] [ RUN ] app\admin\controller\ArticleController->index[ C:\Thankphp\Thinkphp\application\admin\controller\ArticleController.php ]
[ info ] [ VIEW ] C:\Thankphp\Thinkphp\public/../application/admin\view\article\index.html [ array (
  0 => 'field',
) ]
[ info ] [ SESSION ] INIT array (
  'id' => '',
  'var_session_id' => '',
  'prefix' => 'think',
  'type' => '',
  'auto_start' => true,
)
[ info ] [ LOG ] INIT File
[ sql ] [ DB ] CONNECT:[ UseTime:0.002001s ] mysql:host=127.0.0.1;dbname=test;charset=utf8
[ sql ] [ SQL ] SHOW COLUMNS FROM `article` [ RunTime:0.012000s ]
[ sql ] [ SQL ] SELECT COUNT(*) AS tp_count FROM `article` `a` INNER JOIN `cate` `c` ON `a`.`cate_id`=`c`.`id` WHERE  `a`.`recovery` = 2 LIMIT 1 [ RunTime:0.001000s ]
[ sql ] [ SQL ] SELECT `a`.`articleid`,`a`.`title`,`a`.`author`,`a`.`sort`,`a`.`sendtime`,`a`.`updatetime`,`c`.`name` FROM `article` `a` INNER JOIN `cate` `c` ON `a`.`cate_id`=`c`.`id` WHERE  `a`.`recovery` = 2 ORDER BY a.sort,a.sendtime,a.articleid LIMIT 0,5 [ RunTime:0.002000s ]
---------------------------------------------------------------
[ 2018-04-01T15:48:54+08:00 ] 127.0.0.1 127.0.0.1 GET /admin/article/recycle.html
[ info ] www.blog.wang.com/admin/article/recycle.html [运行时间：0.684039s][吞吐率：1.46req/s] [内存消耗：3,090.48kb] [文件加载：64]
[ info ] [ LANG ] C:\Thankphp\Thinkphp\thinkphp\lang\zh-cn.php
[ info ] [ ROUTE ] array (
  'type' => 'module',
  'module' => 
  array (
    0 => 'admin',
    1 => 'article',
    2 => 'recycle',
  ),
)
[ info ] [ HEADER ] array (
  'cookie' => 'Hm_lvt_bf5b4f36371b120b4279881e456bad4a=1512214604,1513077412; XDEBUG_SESSION=XDEBUG_ECLIPSE; Hm_lvt_bf5b4f36371b120b4279881e456bad4a=1522293783; PHPSESSID=mseikjv0f5q92868buuavn58h0',
  'accept-language' => 'zh-CN,zh;q=0.9',
  'accept-encoding' => 'gzip, deflate',
  'referer' => 'http://www.blog.wang.com/admin/article/index.html',
  'accept' => 'text/html,application/xhtml+xml,application/xml;q=0.9,image/webp,image/apng,*/*;q=0.8',
  'user-agent' => 'Mozilla/5.0 (Windows NT 6.1; Win64; x64) AppleWebKit/537.36 (KHTML, like Gecko) Chrome/64.0.3282.119 Safari/537.36',
  'upgrade-insecure-requests' => '1',
  'connection' => 'close',
  'host' => 'www.blog.wang.com',
)
[ info ] [ PARAM ] array (
)
[ info ] [ DB ] INIT mysql
[ info ] [ RUN ] app\admin\controller\ArticleController->recycle[ C:\Thankphp\Thinkphp\application\admin\controller\ArticleController.php ]
[ info ] [ VIEW ] C:\Thankphp\Thinkphp\public/../application/admin\view\article\recycle.html [ array (
  0 => 'field',
) ]
[ info ] [ SESSION ] INIT array (
  'id' => '',
  'var_session_id' => '',
  'prefix' => 'think',
  'type' => '',
  'auto_start' => true,
)
[ info ] [ LOG ] INIT File
[ sql ] [ DB ] CONNECT:[ UseTime:0.001000s ] mysql:host=127.0.0.1;dbname=test;charset=utf8
[ sql ] [ SQL ] SHOW COLUMNS FROM `article` [ RunTime:0.011001s ]
[ sql ] [ SQL ] SELECT COUNT(*) AS tp_count FROM `article` `a` INNER JOIN `cate` `c` ON `a`.`cate_id`=`c`.`id` WHERE  `a`.`recovery` = 1 LIMIT 1 [ RunTime:0.001000s ]
[ sql ] [ SQL ] SELECT `a`.`articleid`,`a`.`title`,`a`.`author`,`a`.`sort`,`a`.`sendtime`,`a`.`updatetime`,`c`.`name` FROM `article` `a` INNER JOIN `cate` `c` ON `a`.`cate_id`=`c`.`id` WHERE  `a`.`recovery` = 1 ORDER BY a.sort,a.sendtime,a.articleid LIMIT 0,5 [ RunTime:0.002000s ]
---------------------------------------------------------------
[ 2018-04-01T15:49:03+08:00 ] 127.0.0.1 127.0.0.1 GET /admin/webset/index.html
[ info ] www.blog.wang.com/admin/webset/index.html [运行时间：0.641037s][吞吐率：1.56req/s] [内存消耗：3,055.45kb] [文件加载：64]
[ info ] [ LANG ] C:\Thankphp\Thinkphp\thinkphp\lang\zh-cn.php
[ info ] [ ROUTE ] array (
  'type' => 'module',
  'module' => 
  array (
    0 => 'admin',
    1 => 'webset',
    2 => 'index',
  ),
)
[ info ] [ HEADER ] array (
  'cookie' => 'Hm_lvt_bf5b4f36371b120b4279881e456bad4a=1512214604,1513077412; XDEBUG_SESSION=XDEBUG_ECLIPSE; Hm_lvt_bf5b4f36371b120b4279881e456bad4a=1522293783; PHPSESSID=mseikjv0f5q92868buuavn58h0',
  'accept-language' => 'zh-CN,zh;q=0.9',
  'accept-encoding' => 'gzip, deflate',
  'referer' => 'http://www.blog.wang.com/admin/article/recycle.html',
  'accept' => 'text/html,application/xhtml+xml,application/xml;q=0.9,image/webp,image/apng,*/*;q=0.8',
  'user-agent' => 'Mozilla/5.0 (Windows NT 6.1; Win64; x64) AppleWebKit/537.36 (KHTML, like Gecko) Chrome/64.0.3282.119 Safari/537.36',
  'upgrade-insecure-requests' => '1',
  'connection' => 'close',
  'host' => 'www.blog.wang.com',
)
[ info ] [ PARAM ] array (
)
[ info ] [ DB ] INIT mysql
[ info ] [ RUN ] app\admin\controller\WebsetController->index[ C:\Thankphp\Thinkphp\application\admin\controller\WebsetController.php ]
[ info ] [ VIEW ] C:\Thankphp\Thinkphp\public/../application/admin\view\webset\index.html [ array (
  0 => 'field',
) ]
[ info ] [ SESSION ] INIT array (
  'id' => '',
  'var_session_id' => '',
  'prefix' => 'think',
  'type' => '',
  'auto_start' => true,
)
[ info ] [ LOG ] INIT File
[ sql ] [ DB ] CONNECT:[ UseTime:0.002000s ] mysql:host=127.0.0.1;dbname=test;charset=utf8
[ sql ] [ SQL ] SHOW COLUMNS FROM `webset` [ RunTime:0.012001s ]
[ sql ] [ SQL ] SELECT COUNT(*) AS tp_count FROM `webset` LIMIT 1 [ RunTime:0.001000s ]
[ sql ] [ SQL ] SELECT * FROM `webset` LIMIT 0,2 [ RunTime:0.001000s ]
---------------------------------------------------------------
[ 2018-04-01T15:49:08+08:00 ] 127.0.0.1 127.0.0.1 GET /admin/category/index.html
[ info ] www.blog.wang.com/admin/category/index.html [运行时间：0.712041s][吞吐率：1.40req/s] [内存消耗：2,885.97kb] [文件加载：61]
[ info ] [ LANG ] C:\Thankphp\Thinkphp\thinkphp\lang\zh-cn.php
[ info ] [ ROUTE ] array (
  'type' => 'module',
  'module' => 
  array (
    0 => 'admin',
    1 => 'category',
    2 => 'index',
  ),
)
[ info ] [ HEADER ] array (
  'cookie' => 'Hm_lvt_bf5b4f36371b120b4279881e456bad4a=1512214604,1513077412; XDEBUG_SESSION=XDEBUG_ECLIPSE; Hm_lvt_bf5b4f36371b120b4279881e456bad4a=1522293783; PHPSESSID=mseikjv0f5q92868buuavn58h0',
  'accept-language' => 'zh-CN,zh;q=0.9',
  'accept-encoding' => 'gzip, deflate',
  'referer' => 'http://www.blog.wang.com/admin/webset/index.html',
  'accept' => 'text/html,application/xhtml+xml,application/xml;q=0.9,image/webp,image/apng,*/*;q=0.8',
  'user-agent' => 'Mozilla/5.0 (Windows NT 6.1; Win64; x64) AppleWebKit/537.36 (KHTML, like Gecko) Chrome/64.0.3282.119 Safari/537.36',
  'upgrade-insecure-requests' => '1',
  'connection' => 'close',
  'host' => 'www.blog.wang.com',
)
[ info ] [ PARAM ] array (
)
[ info ] [ DB ] INIT mysql
[ info ] [ RUN ] app\admin\controller\CategoryController->index[ C:\Thankphp\Thinkphp\application\admin\controller\CategoryController.php ]
[ info ] [ VIEW ] C:\Thankphp\Thinkphp\public/../application/admin\view\category\index.html [ array (
  0 => 'field',
) ]
[ info ] [ SESSION ] INIT array (
  'id' => '',
  'var_session_id' => '',
  'prefix' => 'think',
  'type' => '',
  'auto_start' => true,
)
[ info ] [ LOG ] INIT File
[ sql ] [ DB ] CONNECT:[ UseTime:0.010001s ] mysql:host=127.0.0.1;dbname=test;charset=utf8
[ sql ] [ SQL ] SHOW COLUMNS FROM `cate` [ RunTime:0.012001s ]
[ sql ] [ SQL ] SELECT * FROM `cate` ORDER BY sort desc,id [ RunTime:0.001000s ]
---------------------------------------------------------------
[ 2018-04-01T15:49:10+08:00 ] 127.0.0.1 127.0.0.1 GET /admin/category/index.html
[ info ] www.blog.wang.com/admin/category/index.html [运行时间：0.711041s][吞吐率：1.41req/s] [内存消耗：2,885.97kb] [文件加载：61]
[ info ] [ LANG ] C:\Thankphp\Thinkphp\thinkphp\lang\zh-cn.php
[ info ] [ ROUTE ] array (
  'type' => 'module',
  'module' => 
  array (
    0 => 'admin',
    1 => 'category',
    2 => 'index',
  ),
)
[ info ] [ HEADER ] array (
  'cookie' => 'Hm_lvt_bf5b4f36371b120b4279881e456bad4a=1512214604,1513077412; XDEBUG_SESSION=XDEBUG_ECLIPSE; Hm_lvt_bf5b4f36371b120b4279881e456bad4a=1522293783; PHPSESSID=mseikjv0f5q92868buuavn58h0',
  'accept-language' => 'zh-CN,zh;q=0.9',
  'accept-encoding' => 'gzip, deflate',
  'referer' => 'http://www.blog.wang.com/admin/category/index.html',
  'accept' => 'text/html,application/xhtml+xml,application/xml;q=0.9,image/webp,image/apng,*/*;q=0.8',
  'user-agent' => 'Mozilla/5.0 (Windows NT 6.1; Win64; x64) AppleWebKit/537.36 (KHTML, like Gecko) Chrome/64.0.3282.119 Safari/537.36',
  'upgrade-insecure-requests' => '1',
  'connection' => 'close',
  'host' => 'www.blog.wang.com',
)
[ info ] [ PARAM ] array (
)
[ info ] [ DB ] INIT mysql
[ info ] [ RUN ] app\admin\controller\CategoryController->index[ C:\Thankphp\Thinkphp\application\admin\controller\CategoryController.php ]
[ info ] [ VIEW ] C:\Thankphp\Thinkphp\public/../application/admin\view\category\index.html [ array (
  0 => 'field',
) ]
[ info ] [ SESSION ] INIT array (
  'id' => '',
  'var_session_id' => '',
  'prefix' => 'think',
  'type' => '',
  'auto_start' => true,
)
[ info ] [ LOG ] INIT File
[ sql ] [ DB ] CONNECT:[ UseTime:0.001000s ] mysql:host=127.0.0.1;dbname=test;charset=utf8
[ sql ] [ SQL ] SHOW COLUMNS FROM `cate` [ RunTime:0.014001s ]
[ sql ] [ SQL ] SELECT * FROM `cate` ORDER BY sort desc,id [ RunTime:0.001000s ]
---------------------------------------------------------------
[ 2018-04-01T15:49:29+08:00 ] 127.0.0.1 127.0.0.1 GET /admin/category/index.html
[ info ] www.blog.wang.com/admin/category/index.html [运行时间：0.713041s][吞吐率：1.40req/s] [内存消耗：2,885.97kb] [文件加载：61]
[ info ] [ LANG ] C:\Thankphp\Thinkphp\thinkphp\lang\zh-cn.php
[ info ] [ ROUTE ] array (
  'type' => 'module',
  'module' => 
  array (
    0 => 'admin',
    1 => 'category',
    2 => 'index',
  ),
)
[ info ] [ HEADER ] array (
  'cookie' => 'Hm_lvt_bf5b4f36371b120b4279881e456bad4a=1512214604,1513077412; XDEBUG_SESSION=XDEBUG_ECLIPSE; Hm_lvt_bf5b4f36371b120b4279881e456bad4a=1522293783; PHPSESSID=mseikjv0f5q92868buuavn58h0',
  'accept-language' => 'zh-CN,zh;q=0.9',
  'accept-encoding' => 'gzip, deflate',
  'referer' => 'http://www.blog.wang.com/admin/category/index.html',
  'accept' => 'text/html,application/xhtml+xml,application/xml;q=0.9,image/webp,image/apng,*/*;q=0.8',
  'user-agent' => 'Mozilla/5.0 (Windows NT 6.1; Win64; x64) AppleWebKit/537.36 (KHTML, like Gecko) Chrome/64.0.3282.119 Safari/537.36',
  'upgrade-insecure-requests' => '1',
  'connection' => 'close',
  'host' => 'www.blog.wang.com',
)
[ info ] [ PARAM ] array (
)
[ info ] [ DB ] INIT mysql
[ info ] [ RUN ] app\admin\controller\CategoryController->index[ C:\Thankphp\Thinkphp\application\admin\controller\CategoryController.php ]
[ info ] [ VIEW ] C:\Thankphp\Thinkphp\public/../application/admin\view\category\index.html [ array (
  0 => 'field',
) ]
[ info ] [ SESSION ] INIT array (
  'id' => '',
  'var_session_id' => '',
  'prefix' => 'think',
  'type' => '',
  'auto_start' => true,
)
[ info ] [ LOG ] INIT File
[ sql ] [ DB ] CONNECT:[ UseTime:0.011000s ] mysql:host=127.0.0.1;dbname=test;charset=utf8
[ sql ] [ SQL ] SHOW COLUMNS FROM `cate` [ RunTime:0.012001s ]
[ sql ] [ SQL ] SELECT * FROM `cate` ORDER BY sort desc,id [ RunTime:0.001000s ]
---------------------------------------------------------------
[ 2018-04-01T15:49:36+08:00 ] 127.0.0.1 127.0.0.1 GET /admin/category/store.html
[ info ] www.blog.wang.com/admin/category/store.html [运行时间：0.612035s][吞吐率：1.63req/s] [内存消耗：2,885.35kb] [文件加载：60]
[ info ] [ LANG ] C:\Thankphp\Thinkphp\thinkphp\lang\zh-cn.php
[ info ] [ ROUTE ] array (
  'type' => 'module',
  'module' => 
  array (
    0 => 'admin',
    1 => 'category',
    2 => 'store',
  ),
)
[ info ] [ HEADER ] array (
  'cookie' => 'Hm_lvt_bf5b4f36371b120b4279881e456bad4a=1512214604,1513077412; XDEBUG_SESSION=XDEBUG_ECLIPSE; Hm_lvt_bf5b4f36371b120b4279881e456bad4a=1522293783; PHPSESSID=mseikjv0f5q92868buuavn58h0',
  'accept-language' => 'zh-CN,zh;q=0.9',
  'accept-encoding' => 'gzip, deflate',
  'referer' => 'http://www.blog.wang.com/admin/category/index.html',
  'accept' => 'text/html,application/xhtml+xml,application/xml;q=0.9,image/webp,image/apng,*/*;q=0.8',
  'user-agent' => 'Mozilla/5.0 (Windows NT 6.1; Win64; x64) AppleWebKit/537.36 (KHTML, like Gecko) Chrome/64.0.3282.119 Safari/537.36',
  'upgrade-insecure-requests' => '1',
  'connection' => 'close',
  'host' => 'www.blog.wang.com',
)
[ info ] [ PARAM ] array (
)
[ info ] [ DB ] INIT mysql
[ info ] [ RUN ] app\admin\controller\CategoryController->store[ C:\Thankphp\Thinkphp\application\admin\controller\CategoryController.php ]
[ info ] [ VIEW ] C:\Thankphp\Thinkphp\public/../application/admin\view\category\store.html [ array (
) ]
[ info ] [ SESSION ] INIT array (
  'id' => '',
  'var_session_id' => '',
  'prefix' => 'think',
  'type' => '',
  'auto_start' => true,
)
[ info ] [ LOG ] INIT File
---------------------------------------------------------------
[ 2018-04-01T15:49:39+08:00 ] 127.0.0.1 127.0.0.1 GET /admin/category/index.html
[ info ] www.blog.wang.com/admin/category/index.html [运行时间：0.713041s][吞吐率：1.40req/s] [内存消耗：2,885.97kb] [文件加载：61]
[ info ] [ LANG ] C:\Thankphp\Thinkphp\thinkphp\lang\zh-cn.php
[ info ] [ ROUTE ] array (
  'type' => 'module',
  'module' => 
  array (
    0 => 'admin',
    1 => 'category',
    2 => 'index',
  ),
)
[ info ] [ HEADER ] array (
  'cookie' => 'Hm_lvt_bf5b4f36371b120b4279881e456bad4a=1512214604,1513077412; XDEBUG_SESSION=XDEBUG_ECLIPSE; Hm_lvt_bf5b4f36371b120b4279881e456bad4a=1522293783; PHPSESSID=mseikjv0f5q92868buuavn58h0',
  'accept-language' => 'zh-CN,zh;q=0.9',
  'accept-encoding' => 'gzip, deflate',
  'referer' => 'http://www.blog.wang.com/admin/category/store.html',
  'accept' => 'text/html,application/xhtml+xml,application/xml;q=0.9,image/webp,image/apng,*/*;q=0.8',
  'user-agent' => 'Mozilla/5.0 (Windows NT 6.1; Win64; x64) AppleWebKit/537.36 (KHTML, like Gecko) Chrome/64.0.3282.119 Safari/537.36',
  'upgrade-insecure-requests' => '1',
  'connection' => 'close',
  'host' => 'www.blog.wang.com',
)
[ info ] [ PARAM ] array (
)
[ info ] [ DB ] INIT mysql
[ info ] [ RUN ] app\admin\controller\CategoryController->index[ C:\Thankphp\Thinkphp\application\admin\controller\CategoryController.php ]
[ info ] [ VIEW ] C:\Thankphp\Thinkphp\public/../application/admin\view\category\index.html [ array (
  0 => 'field',
) ]
[ info ] [ SESSION ] INIT array (
  'id' => '',
  'var_session_id' => '',
  'prefix' => 'think',
  'type' => '',
  'auto_start' => true,
)
[ info ] [ LOG ] INIT File
[ sql ] [ DB ] CONNECT:[ UseTime:0.001000s ] mysql:host=127.0.0.1;dbname=test;charset=utf8
[ sql ] [ SQL ] SHOW COLUMNS FROM `cate` [ RunTime:0.011000s ]
[ sql ] [ SQL ] SELECT * FROM `cate` ORDER BY sort desc,id [ RunTime:0.001001s ]
---------------------------------------------------------------
[ 2018-04-01T15:49:44+08:00 ] 127.0.0.1 127.0.0.1 GET /admin/category/store.html
[ info ] www.blog.wang.com/admin/category/store.html [运行时间：0.585034s][吞吐率：1.71req/s] [内存消耗：2,727.26kb] [文件加载：58]
[ info ] [ LANG ] C:\Thankphp\Thinkphp\thinkphp\lang\zh-cn.php
[ info ] [ ROUTE ] array (
  'type' => 'module',
  'module' => 
  array (
    0 => 'admin',
    1 => 'category',
    2 => 'store',
  ),
)
[ info ] [ HEADER ] array (
  'cookie' => 'Hm_lvt_bf5b4f36371b120b4279881e456bad4a=1512214604,1513077412; XDEBUG_SESSION=XDEBUG_ECLIPSE; Hm_lvt_bf5b4f36371b120b4279881e456bad4a=1522293783; PHPSESSID=mseikjv0f5q92868buuavn58h0',
  'accept-language' => 'zh-CN,zh;q=0.9',
  'accept-encoding' => 'gzip, deflate',
  'referer' => 'http://www.blog.wang.com/admin/category/index.html',
  'accept' => 'text/html,application/xhtml+xml,application/xml;q=0.9,image/webp,image/apng,*/*;q=0.8',
  'user-agent' => 'Mozilla/5.0 (Windows NT 6.1; Win64; x64) AppleWebKit/537.36 (KHTML, like Gecko) Chrome/64.0.3282.119 Safari/537.36',
  'upgrade-insecure-requests' => '1',
  'connection' => 'close',
  'host' => 'www.blog.wang.com',
)
[ info ] [ PARAM ] array (
)
[ info ] [ DB ] INIT mysql
[ info ] [ RUN ] app\admin\controller\CategoryController->store[ C:\Thankphp\Thinkphp\application\admin\controller\CategoryController.php ]
[ info ] [ VIEW ] C:\Thankphp\Thinkphp\public/../application/admin\view\category\store.html [ array (
) ]
[ info ] [ SESSION ] INIT array (
  'id' => '',
  'var_session_id' => '',
  'prefix' => 'think',
  'type' => '',
  'auto_start' => true,
)
[ info ] [ LOG ] INIT File
---------------------------------------------------------------
[ 2018-04-01T15:49:46+08:00 ] 127.0.0.1 127.0.0.1 GET /admin/category/index.html
[ info ] www.blog.wang.com/admin/category/index.html [运行时间：0.734042s][吞吐率：1.36req/s] [内存消耗：2,885.97kb] [文件加载：61]
[ info ] [ LANG ] C:\Thankphp\Thinkphp\thinkphp\lang\zh-cn.php
[ info ] [ ROUTE ] array (
  'type' => 'module',
  'module' => 
  array (
    0 => 'admin',
    1 => 'category',
    2 => 'index',
  ),
)
[ info ] [ HEADER ] array (
  'cookie' => 'Hm_lvt_bf5b4f36371b120b4279881e456bad4a=1512214604,1513077412; XDEBUG_SESSION=XDEBUG_ECLIPSE; Hm_lvt_bf5b4f36371b120b4279881e456bad4a=1522293783; PHPSESSID=mseikjv0f5q92868buuavn58h0',
  'accept-language' => 'zh-CN,zh;q=0.9',
  'accept-encoding' => 'gzip, deflate',
  'referer' => 'http://www.blog.wang.com/admin/category/store.html',
  'accept' => 'text/html,application/xhtml+xml,application/xml;q=0.9,image/webp,image/apng,*/*;q=0.8',
  'user-agent' => 'Mozilla/5.0 (Windows NT 6.1; Win64; x64) AppleWebKit/537.36 (KHTML, like Gecko) Chrome/64.0.3282.119 Safari/537.36',
  'upgrade-insecure-requests' => '1',
  'connection' => 'close',
  'host' => 'www.blog.wang.com',
)
[ info ] [ PARAM ] array (
)
[ info ] [ DB ] INIT mysql
[ info ] [ RUN ] app\admin\controller\CategoryController->index[ C:\Thankphp\Thinkphp\application\admin\controller\CategoryController.php ]
[ info ] [ VIEW ] C:\Thankphp\Thinkphp\public/../application/admin\view\category\index.html [ array (
  0 => 'field',
) ]
[ info ] [ SESSION ] INIT array (
  'id' => '',
  'var_session_id' => '',
  'prefix' => 'think',
  'type' => '',
  'auto_start' => true,
)
[ info ] [ LOG ] INIT File
[ sql ] [ DB ] CONNECT:[ UseTime:0.010001s ] mysql:host=127.0.0.1;dbname=test;charset=utf8
[ sql ] [ SQL ] SHOW COLUMNS FROM `cate` [ RunTime:0.011001s ]
[ sql ] [ SQL ] SELECT * FROM `cate` ORDER BY sort desc,id [ RunTime:0.002000s ]
---------------------------------------------------------------
[ 2018-04-01T15:49:50+08:00 ] 127.0.0.1 127.0.0.1 GET /admin/link/index.html
[ info ] www.blog.wang.com/admin/link/index.html [运行时间：0.657037s][吞吐率：1.52req/s] [内存消耗：3,058.05kb] [文件加载：64]
[ info ] [ LANG ] C:\Thankphp\Thinkphp\thinkphp\lang\zh-cn.php
[ info ] [ ROUTE ] array (
  'type' => 'module',
  'module' => 
  array (
    0 => 'admin',
    1 => 'link',
    2 => 'index',
  ),
)
[ info ] [ HEADER ] array (
  'cookie' => 'Hm_lvt_bf5b4f36371b120b4279881e456bad4a=1512214604,1513077412; XDEBUG_SESSION=XDEBUG_ECLIPSE; Hm_lvt_bf5b4f36371b120b4279881e456bad4a=1522293783; PHPSESSID=mseikjv0f5q92868buuavn58h0',
  'accept-language' => 'zh-CN,zh;q=0.9',
  'accept-encoding' => 'gzip, deflate',
  'referer' => 'http://www.blog.wang.com/admin/category/index.html',
  'accept' => 'text/html,application/xhtml+xml,application/xml;q=0.9,image/webp,image/apng,*/*;q=0.8',
  'user-agent' => 'Mozilla/5.0 (Windows NT 6.1; Win64; x64) AppleWebKit/537.36 (KHTML, like Gecko) Chrome/64.0.3282.119 Safari/537.36',
  'upgrade-insecure-requests' => '1',
  'connection' => 'close',
  'host' => 'www.blog.wang.com',
)
[ info ] [ PARAM ] array (
)
[ info ] [ DB ] INIT mysql
[ info ] [ RUN ] app\admin\controller\LinkController->index[ C:\Thankphp\Thinkphp\application\admin\controller\LinkController.php ]
[ info ] [ VIEW ] C:\Thankphp\Thinkphp\public/../application/admin\view\link\index.html [ array (
  0 => 'field',
) ]
[ info ] [ SESSION ] INIT array (
  'id' => '',
  'var_session_id' => '',
  'prefix' => 'think',
  'type' => '',
  'auto_start' => true,
)
[ info ] [ LOG ] INIT File
[ sql ] [ DB ] CONNECT:[ UseTime:0.011001s ] mysql:host=127.0.0.1;dbname=test;charset=utf8
[ sql ] [ SQL ] SHOW COLUMNS FROM `link` [ RunTime:0.011001s ]
[ sql ] [ SQL ] SELECT COUNT(*) AS tp_count FROM `link` LIMIT 1 [ RunTime:0.002000s ]
[ sql ] [ SQL ] SELECT * FROM `link` ORDER BY linkSort desc,linkId desc LIMIT 0,1 [ RunTime:0.001000s ]
---------------------------------------------------------------
[ 2018-04-01T15:49:52+08:00 ] 127.0.0.1 127.0.0.1 GET /admin/category/store.html
[ info ] www.blog.wang.com/admin/category/store.html [运行时间：0.584034s][吞吐率：1.71req/s] [内存消耗：2,727.26kb] [文件加载：58]
[ info ] [ LANG ] C:\Thankphp\Thinkphp\thinkphp\lang\zh-cn.php
[ info ] [ ROUTE ] array (
  'type' => 'module',
  'module' => 
  array (
    0 => 'admin',
    1 => 'category',
    2 => 'store',
  ),
)
[ info ] [ HEADER ] array (
  'cookie' => 'Hm_lvt_bf5b4f36371b120b4279881e456bad4a=1512214604,1513077412; XDEBUG_SESSION=XDEBUG_ECLIPSE; Hm_lvt_bf5b4f36371b120b4279881e456bad4a=1522293783; PHPSESSID=mseikjv0f5q92868buuavn58h0',
  'accept-language' => 'zh-CN,zh;q=0.9',
  'accept-encoding' => 'gzip, deflate',
  'referer' => 'http://www.blog.wang.com/admin/category/index.html',
  'accept' => 'text/html,application/xhtml+xml,application/xml;q=0.9,image/webp,image/apng,*/*;q=0.8',
  'user-agent' => 'Mozilla/5.0 (Windows NT 6.1; Win64; x64) AppleWebKit/537.36 (KHTML, like Gecko) Chrome/64.0.3282.119 Safari/537.36',
  'upgrade-insecure-requests' => '1',
  'connection' => 'close',
  'host' => 'www.blog.wang.com',
)
[ info ] [ PARAM ] array (
)
[ info ] [ DB ] INIT mysql
[ info ] [ RUN ] app\admin\controller\CategoryController->store[ C:\Thankphp\Thinkphp\application\admin\controller\CategoryController.php ]
[ info ] [ VIEW ] C:\Thankphp\Thinkphp\public/../application/admin\view\category\store.html [ array (
) ]
[ info ] [ SESSION ] INIT array (
  'id' => '',
  'var_session_id' => '',
  'prefix' => 'think',
  'type' => '',
  'auto_start' => true,
)
[ info ] [ LOG ] INIT File
---------------------------------------------------------------
[ 2018-04-01T15:50:04+08:00 ] 127.0.0.1 127.0.0.1 GET /admin/tag/index.html
[ info ] www.blog.wang.com/admin/tag/index.html [运行时间：0.652037s][吞吐率：1.53req/s] [内存消耗：3,058.01kb] [文件加载：64]
[ info ] [ LANG ] C:\Thankphp\Thinkphp\thinkphp\lang\zh-cn.php
[ info ] [ ROUTE ] array (
  'type' => 'module',
  'module' => 
  array (
    0 => 'admin',
    1 => 'tag',
    2 => 'index',
  ),
)
[ info ] [ HEADER ] array (
  'cookie' => 'Hm_lvt_bf5b4f36371b120b4279881e456bad4a=1512214604,1513077412; XDEBUG_SESSION=XDEBUG_ECLIPSE; Hm_lvt_bf5b4f36371b120b4279881e456bad4a=1522293783; PHPSESSID=mseikjv0f5q92868buuavn58h0',
  'accept-language' => 'zh-CN,zh;q=0.9',
  'accept-encoding' => 'gzip, deflate',
  'referer' => 'http://www.blog.wang.com/admin/category/store.html',
  'accept' => 'text/html,application/xhtml+xml,application/xml;q=0.9,image/webp,image/apng,*/*;q=0.8',
  'user-agent' => 'Mozilla/5.0 (Windows NT 6.1; Win64; x64) AppleWebKit/537.36 (KHTML, like Gecko) Chrome/64.0.3282.119 Safari/537.36',
  'upgrade-insecure-requests' => '1',
  'connection' => 'close',
  'host' => 'www.blog.wang.com',
)
[ info ] [ PARAM ] array (
)
[ info ] [ DB ] INIT mysql
[ info ] [ RUN ] app\admin\controller\TagController->index[ C:\Thankphp\Thinkphp\application\admin\controller\TagController.php ]
[ info ] [ VIEW ] C:\Thankphp\Thinkphp\public/../application/admin\view\tag\index.html [ array (
  0 => 'field',
  1 => 'page',
) ]
[ info ] [ SESSION ] INIT array (
  'id' => '',
  'var_session_id' => '',
  'prefix' => 'think',
  'type' => '',
  'auto_start' => true,
)
[ info ] [ LOG ] INIT File
[ sql ] [ DB ] CONNECT:[ UseTime:0.001000s ] mysql:host=127.0.0.1;dbname=test;charset=utf8
[ sql ] [ SQL ] SHOW COLUMNS FROM `tag` [ RunTime:0.011001s ]
[ sql ] [ SQL ] SELECT COUNT(*) AS tp_count FROM `tag` LIMIT 1 [ RunTime:0.001000s ]
[ sql ] [ SQL ] SELECT * FROM `tag` LIMIT 0,4 [ RunTime:0.001000s ]
---------------------------------------------------------------
[ 2018-04-01T16:10:53+08:00 ] 127.0.0.1 127.0.0.1 GET /admin/category/index.html
[ info ] www.blog.wang.com/admin/category/index.html [运行时间：0.707041s][吞吐率：1.41req/s] [内存消耗：2,885.95kb] [文件加载：61]
[ info ] [ LANG ] C:\Thankphp\Thinkphp\thinkphp\lang\zh-cn.php
[ info ] [ ROUTE ] array (
  'type' => 'module',
  'module' => 
  array (
    0 => 'admin',
    1 => 'category',
    2 => 'index',
  ),
)
[ info ] [ HEADER ] array (
  'cookie' => 'Hm_lvt_bf5b4f36371b120b4279881e456bad4a=1512214604,1513077412; XDEBUG_SESSION=XDEBUG_ECLIPSE; Hm_lvt_bf5b4f36371b120b4279881e456bad4a=1522293783; PHPSESSID=mseikjv0f5q92868buuavn58h0',
  'accept-language' => 'zh-CN,zh;q=0.9',
  'accept-encoding' => 'gzip, deflate',
  'referer' => 'http://www.blog.wang.com/admin/tag/index.html',
  'accept' => 'text/html,application/xhtml+xml,application/xml;q=0.9,image/webp,image/apng,*/*;q=0.8',
  'user-agent' => 'Mozilla/5.0 (Windows NT 6.1; Win64; x64) AppleWebKit/537.36 (KHTML, like Gecko) Chrome/64.0.3282.119 Safari/537.36',
  'upgrade-insecure-requests' => '1',
  'connection' => 'close',
  'host' => 'www.blog.wang.com',
)
[ info ] [ PARAM ] array (
)
[ info ] [ DB ] INIT mysql
[ info ] [ RUN ] app\admin\controller\CategoryController->index[ C:\Thankphp\Thinkphp\application\admin\controller\CategoryController.php ]
[ info ] [ VIEW ] C:\Thankphp\Thinkphp\public/../application/admin\view\category\index.html [ array (
  0 => 'field',
) ]
[ info ] [ SESSION ] INIT array (
  'id' => '',
  'var_session_id' => '',
  'prefix' => 'think',
  'type' => '',
  'auto_start' => true,
)
[ info ] [ LOG ] INIT File
[ sql ] [ DB ] CONNECT:[ UseTime:0.002000s ] mysql:host=127.0.0.1;dbname=test;charset=utf8
[ sql ] [ SQL ] SHOW COLUMNS FROM `cate` [ RunTime:0.012001s ]
[ sql ] [ SQL ] SELECT * FROM `cate` ORDER BY sort desc,id [ RunTime:0.001000s ]
---------------------------------------------------------------
[ 2018-04-01T16:11:13+08:00 ] 127.0.0.1 127.0.0.1 GET /admin/category/addson/cateid/24.html
[ info ] www.blog.wang.com/admin/category/addson/cateid/24.html [运行时间：0.635037s][吞吐率：1.57req/s] [内存消耗：2,976.34kb] [文件加载：61]
[ info ] [ LANG ] C:\Thankphp\Thinkphp\thinkphp\lang\zh-cn.php
[ info ] [ ROUTE ] array (
  'type' => 'module',
  'module' => 
  array (
    0 => 'admin',
    1 => 'category',
    2 => 'addson',
  ),
)
[ info ] [ HEADER ] array (
  'cookie' => 'Hm_lvt_bf5b4f36371b120b4279881e456bad4a=1512214604,1513077412; XDEBUG_SESSION=XDEBUG_ECLIPSE; Hm_lvt_bf5b4f36371b120b4279881e456bad4a=1522293783; PHPSESSID=mseikjv0f5q92868buuavn58h0',
  'accept-language' => 'zh-CN,zh;q=0.9',
  'accept-encoding' => 'gzip, deflate',
  'referer' => 'http://www.blog.wang.com/admin/category/index.html',
  'accept' => 'text/html,application/xhtml+xml,application/xml;q=0.9,image/webp,image/apng,*/*;q=0.8',
  'user-agent' => 'Mozilla/5.0 (Windows NT 6.1; Win64; x64) AppleWebKit/537.36 (KHTML, like Gecko) Chrome/64.0.3282.119 Safari/537.36',
  'upgrade-insecure-requests' => '1',
  'connection' => 'close',
  'host' => 'www.blog.wang.com',
)
[ info ] [ PARAM ] array (
  'cateid' => '24',
)
[ info ] [ DB ] INIT mysql
[ info ] [ RUN ] app\admin\controller\CategoryController->addSon[ C:\Thankphp\Thinkphp\application\admin\controller\CategoryController.php ]
[ info ] [ VIEW ] C:\Thankphp\Thinkphp\public/../application/admin\view\category\addson.html [ array (
  0 => 'data',
) ]
[ info ] [ SESSION ] INIT array (
  'id' => '',
  'var_session_id' => '',
  'prefix' => 'think',
  'type' => '',
  'auto_start' => true,
)
[ info ] [ LOG ] INIT File
[ sql ] [ DB ] CONNECT:[ UseTime:0.001000s ] mysql:host=127.0.0.1;dbname=test;charset=utf8
[ sql ] [ SQL ] SHOW COLUMNS FROM `cate` [ RunTime:0.013001s ]
[ sql ] [ SQL ] SELECT * FROM `cate` WHERE  `id` = 24 LIMIT 1 [ RunTime:0.001000s ]
---------------------------------------------------------------
[ 2018-04-01T16:11:16+08:00 ] 127.0.0.1 127.0.0.1 GET /admin/category/index.html
[ info ] www.blog.wang.com/admin/category/index.html [运行时间：0.716041s][吞吐率：1.40req/s] [内存消耗：2,885.97kb] [文件加载：61]
[ info ] [ LANG ] C:\Thankphp\Thinkphp\thinkphp\lang\zh-cn.php
[ info ] [ ROUTE ] array (
  'type' => 'module',
  'module' => 
  array (
    0 => 'admin',
    1 => 'category',
    2 => 'index',
  ),
)
[ info ] [ HEADER ] array (
  'cookie' => 'Hm_lvt_bf5b4f36371b120b4279881e456bad4a=1512214604,1513077412; XDEBUG_SESSION=XDEBUG_ECLIPSE; Hm_lvt_bf5b4f36371b120b4279881e456bad4a=1522293783; PHPSESSID=mseikjv0f5q92868buuavn58h0',
  'accept-language' => 'zh-CN,zh;q=0.9',
  'accept-encoding' => 'gzip, deflate',
  'referer' => 'http://www.blog.wang.com/admin/category/addson/cateid/24.html',
  'accept' => 'text/html,application/xhtml+xml,application/xml;q=0.9,image/webp,image/apng,*/*;q=0.8',
  'user-agent' => 'Mozilla/5.0 (Windows NT 6.1; Win64; x64) AppleWebKit/537.36 (KHTML, like Gecko) Chrome/64.0.3282.119 Safari/537.36',
  'upgrade-insecure-requests' => '1',
  'connection' => 'close',
  'host' => 'www.blog.wang.com',
)
[ info ] [ PARAM ] array (
)
[ info ] [ DB ] INIT mysql
[ info ] [ RUN ] app\admin\controller\CategoryController->index[ C:\Thankphp\Thinkphp\application\admin\controller\CategoryController.php ]
[ info ] [ VIEW ] C:\Thankphp\Thinkphp\public/../application/admin\view\category\index.html [ array (
  0 => 'field',
) ]
[ info ] [ SESSION ] INIT array (
  'id' => '',
  'var_session_id' => '',
  'prefix' => 'think',
  'type' => '',
  'auto_start' => true,
)
[ info ] [ LOG ] INIT File
[ sql ] [ DB ] CONNECT:[ UseTime:0.002001s ] mysql:host=127.0.0.1;dbname=test;charset=utf8
[ sql ] [ SQL ] SHOW COLUMNS FROM `cate` [ RunTime:0.012000s ]
[ sql ] [ SQL ] SELECT * FROM `cate` ORDER BY sort desc,id [ RunTime:0.001000s ]
---------------------------------------------------------------
[ 2018-04-01T16:11:19+08:00 ] 127.0.0.1 127.0.0.1 GET /admin/category/store.html
[ info ] www.blog.wang.com/admin/category/store.html [运行时间：0.584033s][吞吐率：1.71req/s] [内存消耗：2,727.26kb] [文件加载：58]
[ info ] [ LANG ] C:\Thankphp\Thinkphp\thinkphp\lang\zh-cn.php
[ info ] [ ROUTE ] array (
  'type' => 'module',
  'module' => 
  array (
    0 => 'admin',
    1 => 'category',
    2 => 'store',
  ),
)
[ info ] [ HEADER ] array (
  'cookie' => 'Hm_lvt_bf5b4f36371b120b4279881e456bad4a=1512214604,1513077412; XDEBUG_SESSION=XDEBUG_ECLIPSE; Hm_lvt_bf5b4f36371b120b4279881e456bad4a=1522293783; PHPSESSID=mseikjv0f5q92868buuavn58h0',
  'accept-language' => 'zh-CN,zh;q=0.9',
  'accept-encoding' => 'gzip, deflate',
  'referer' => 'http://www.blog.wang.com/admin/category/index.html',
  'accept' => 'text/html,application/xhtml+xml,application/xml;q=0.9,image/webp,image/apng,*/*;q=0.8',
  'user-agent' => 'Mozilla/5.0 (Windows NT 6.1; Win64; x64) AppleWebKit/537.36 (KHTML, like Gecko) Chrome/64.0.3282.119 Safari/537.36',
  'upgrade-insecure-requests' => '1',
  'connection' => 'close',
  'host' => 'www.blog.wang.com',
)
[ info ] [ PARAM ] array (
)
[ info ] [ DB ] INIT mysql
[ info ] [ RUN ] app\admin\controller\CategoryController->store[ C:\Thankphp\Thinkphp\application\admin\controller\CategoryController.php ]
[ info ] [ VIEW ] C:\Thankphp\Thinkphp\public/../application/admin\view\category\store.html [ array (
) ]
[ info ] [ SESSION ] INIT array (
  'id' => '',
  'var_session_id' => '',
  'prefix' => 'think',
  'type' => '',
  'auto_start' => true,
)
[ info ] [ LOG ] INIT File
---------------------------------------------------------------
[ 2018-04-01T16:11:21+08:00 ] 127.0.0.1 127.0.0.1 GET /admin/category/index.html
[ info ] www.blog.wang.com/admin/category/index.html [运行时间：0.718041s][吞吐率：1.39req/s] [内存消耗：2,885.97kb] [文件加载：61]
[ info ] [ LANG ] C:\Thankphp\Thinkphp\thinkphp\lang\zh-cn.php
[ info ] [ ROUTE ] array (
  'type' => 'module',
  'module' => 
  array (
    0 => 'admin',
    1 => 'category',
    2 => 'index',
  ),
)
[ info ] [ HEADER ] array (
  'cookie' => 'Hm_lvt_bf5b4f36371b120b4279881e456bad4a=1512214604,1513077412; XDEBUG_SESSION=XDEBUG_ECLIPSE; Hm_lvt_bf5b4f36371b120b4279881e456bad4a=1522293783; PHPSESSID=mseikjv0f5q92868buuavn58h0',
  'accept-language' => 'zh-CN,zh;q=0.9',
  'accept-encoding' => 'gzip, deflate',
  'referer' => 'http://www.blog.wang.com/admin/category/store.html',
  'accept' => 'text/html,application/xhtml+xml,application/xml;q=0.9,image/webp,image/apng,*/*;q=0.8',
  'user-agent' => 'Mozilla/5.0 (Windows NT 6.1; Win64; x64) AppleWebKit/537.36 (KHTML, like Gecko) Chrome/64.0.3282.119 Safari/537.36',
  'upgrade-insecure-requests' => '1',
  'connection' => 'close',
  'host' => 'www.blog.wang.com',
)
[ info ] [ PARAM ] array (
)
[ info ] [ DB ] INIT mysql
[ info ] [ RUN ] app\admin\controller\CategoryController->index[ C:\Thankphp\Thinkphp\application\admin\controller\CategoryController.php ]
[ info ] [ VIEW ] C:\Thankphp\Thinkphp\public/../application/admin\view\category\index.html [ array (
  0 => 'field',
) ]
[ info ] [ SESSION ] INIT array (
  'id' => '',
  'var_session_id' => '',
  'prefix' => 'think',
  'type' => '',
  'auto_start' => true,
)
[ info ] [ LOG ] INIT File
[ sql ] [ DB ] CONNECT:[ UseTime:0.001000s ] mysql:host=127.0.0.1;dbname=test;charset=utf8
[ sql ] [ SQL ] SHOW COLUMNS FROM `cate` [ RunTime:0.012001s ]
[ sql ] [ SQL ] SELECT * FROM `cate` ORDER BY sort desc,id [ RunTime:0.001000s ]
