---------------------------------------------------------------
[ 2018-02-08T15:19:08+08:00 ] 127.0.0.1 127.0.0.1 GET /
[ info ] www.blog.wang.com/ [运行时间：0.265015s][吞吐率：3.77req/s] [内存消耗：1,421.20kb] [文件加载：50]
[ info ] [ LANG ] C:\Thankphp\Thinkphp\thinkphp\lang\zh-cn.php
[ info ] [ ROUTE ] array (
  'type' => 'module',
  'module' => 
  array (
    0 => '',
    1 => NULL,
    2 => NULL,
  ),
)
[ info ] [ HEADER ] array (
  'cookie' => 'Hm_lvt_bf5b4f36371b120b4279881e456bad4a=1512214604,1513077412',
  'accept-language' => 'zh-CN,zh;q=0.9',
  'accept-encoding' => 'gzip, deflate',
  'accept' => 'text/html,application/xhtml+xml,application/xml;q=0.9,image/webp,image/apng,*/*;q=0.8',
  'user-agent' => 'Mozilla/5.0 (Windows NT 6.1; Win64; x64) AppleWebKit/537.36 (KHTML, like Gecko) Chrome/64.0.3282.119 Safari/537.36',
  'upgrade-insecure-requests' => '1',
  'connection' => 'close',
  'host' => 'www.blog.wang.com',
)
[ info ] [ PARAM ] array (
)
[ info ] [ RUN ] app\admin\controller\LoginController->login[ C:\Thankphp\Thinkphp\application\admin\controller\LoginController.php ]
[ info ] [ VIEW ] C:\Thankphp\Thinkphp\public/../application/admin\view\login\index.html [ array (
) ]
[ info ] [ LOG ] INIT File
---------------------------------------------------------------
[ 2018-02-08T15:19:08+08:00 ] 127.0.0.1 127.0.0.1 GET /captcha.html
[ info ] www.blog.wang.com/captcha.html [运行时间：0.060004s][吞吐率：16.67req/s] [内存消耗：1,225.66kb] [文件加载：41]
[ info ] [ LANG ] C:\Thankphp\Thinkphp\thinkphp\lang\zh-cn.php
[ info ] [ ROUTE ] array (
  'type' => 'method',
  'method' => 
  array (
    0 => '\\think\\captcha\\CaptchaController',
    1 => 'index',
  ),
  'var' => 
  array (
  ),
)
[ info ] [ HEADER ] array (
  'cookie' => 'Hm_lvt_bf5b4f36371b120b4279881e456bad4a=1512214604,1513077412',
  'accept-language' => 'zh-CN,zh;q=0.9',
  'accept-encoding' => 'gzip, deflate',
  'referer' => 'http://www.blog.wang.com/',
  'accept' => 'image/webp,image/apng,image/*,*/*;q=0.8',
  'user-agent' => 'Mozilla/5.0 (Windows NT 6.1; Win64; x64) AppleWebKit/537.36 (KHTML, like Gecko) Chrome/64.0.3282.119 Safari/537.36',
  'connection' => 'close',
  'host' => 'www.blog.wang.com',
)
[ info ] [ PARAM ] array (
  'id' => NULL,
)
[ info ] [ RUN ] think\captcha\CaptchaController->index[ C:\Thankphp\Thinkphp\vendor\topthink\think-captcha\src\CaptchaController.php ]
[ info ] [ SESSION ] INIT array (
  'id' => '',
  'var_session_id' => '',
  'prefix' => 'think',
  'type' => '',
  'auto_start' => true,
)
[ info ] [ LOG ] INIT File
