---------------------------------------------------------------
[ 2018-02-26T23:23:15+08:00 ] 127.0.0.1 127.0.0.1 GET /
[ info ] youme.com/ [运行时间：0.812500s][吞吐率：1.23req/s] [内存消耗：1,395.12kb] [文件加载：40]
[ info ] [ LANG ] C:\phpStudy\WWW\Thinkphp\thinkphp\lang\zh-cn.php
[ info ] [ ROUTE ] array (
  'type' => 'module',
  'module' => 
  array (
    0 => '',
    1 => NULL,
    2 => NULL,
  ),
)
[ info ] [ HEADER ] array (
  'host' => 'youme.com',
  'accept' => '*/*',
)
[ info ] [ PARAM ] array (
)
[ info ] [ RUN ] app\index\controller\IndexController->index[ C:\phpStudy\WWW\Thinkphp\application\index\controller\IndexController.php ]
[ info ] [ LOG ] INIT File
---------------------------------------------------------------
[ 2018-02-26T23:23:16+08:00 ] 127.0.0.1 127.0.0.1 GET HTTP://youme.com/
[ info ] youme.comHTTP://youme.com/ [运行时间：0.031250s][吞吐率：32.00req/s] [内存消耗：1,395.43kb] [文件加载：40]
[ info ] [ LANG ] C:\phpStudy\WWW\Thinkphp\thinkphp\lang\zh-cn.php
[ info ] [ ROUTE ] array (
  'type' => 'module',
  'module' => 
  array (
    0 => '',
    1 => NULL,
    2 => NULL,
  ),
)
[ info ] [ HEADER ] array (
  'host' => 'youme.com',
  'accept' => '*/*',
  'proxy-connection' => 'Keep-Alive',
)
[ info ] [ PARAM ] array (
)
[ info ] [ RUN ] app\index\controller\IndexController->index[ C:\phpStudy\WWW\Thinkphp\application\index\controller\IndexController.php ]
[ info ] [ LOG ] INIT File
---------------------------------------------------------------
[ 2018-02-26T23:23:16+08:00 ] 127.0.0.1 127.0.0.1 GET /
[ info ] youme.com/ [运行时间：0.031250s][吞吐率：32.00req/s] [内存消耗：1,395.10kb] [文件加载：40]
[ info ] [ LANG ] C:\phpStudy\WWW\Thinkphp\thinkphp\lang\zh-cn.php
[ info ] [ ROUTE ] array (
  'type' => 'module',
  'module' => 
  array (
    0 => '',
    1 => NULL,
    2 => NULL,
  ),
)
[ info ] [ HEADER ] array (
  'host' => 'youme.com',
  'accept' => '*/*',
)
[ info ] [ PARAM ] array (
)
[ info ] [ RUN ] app\index\controller\IndexController->index[ C:\phpStudy\WWW\Thinkphp\application\index\controller\IndexController.php ]
[ info ] [ LOG ] INIT File
