---------------------------------------------------------------
[ 2017-12-12T19:17:26+08:00 ] 127.0.0.1 127.0.0.1 GET /
[ info ] www.blog.wang.com/ [运行时间：0.095005s][吞吐率：10.53req/s] [内存消耗：1,413.87kb] [文件加载：50]
[ info ] [ LANG ] C:\Thankphp\Thinkphp\thinkphp\lang\zh-cn.php
[ info ] [ ROUTE ] array (
  'type' => 'module',
  'module' => 
  array (
    0 => '',
    1 => NULL,
    2 => NULL,
  ),
)
[ info ] [ HEADER ] array (
  'cookie' => 'Hm_lvt_bf5b4f36371b120b4279881e456bad4a=1512214604,1513077412',
  'accept-language' => 'zh-CN,zh;q=0.9',
  'accept-encoding' => 'gzip, deflate',
  'accept' => 'text/html,application/xhtml+xml,application/xml;q=0.9,image/webp,image/apng,*/*;q=0.8',
  'upgrade-insecure-requests' => '1',
  'user-agent' => 'Mozilla/5.0 (Windows NT 6.1; Win64; x64) AppleWebKit/537.36 (KHTML, like Gecko) Chrome/62.0.3202.75 Safari/537.36',
  'connection' => 'close',
  'host' => 'www.blog.wang.com',
)
[ info ] [ PARAM ] array (
)
[ info ] [ RUN ] app\admin\controller\LoginController->login[ C:\Thankphp\Thinkphp\application\admin\controller\LoginController.php ]
[ info ] [ VIEW ] C:\Thankphp\Thinkphp\public/../application/admin\view\login\index.html [ array (
) ]
[ info ] [ LOG ] INIT File
---------------------------------------------------------------
[ 2017-12-12T19:17:26+08:00 ] 127.0.0.1 127.0.0.1 GET /static/admin/admin.ui/js/slimscroll/jquery.slimscroll.min.js
[ info ] www.blog.wang.com/static/admin/admin.ui/js/slimscroll/jquery.slimscroll.min.js [运行时间：0.042003s][吞吐率：23.81req/s] [内存消耗：1,198.95kb] [文件加载：42]
[ info ] [ LANG ] C:\Thankphp\Thinkphp\thinkphp\lang\zh-cn.php
[ info ] [ ROUTE ] array (
  'type' => 'module',
  'module' => 
  array (
    0 => 'static',
    1 => 'admin',
    2 => 'admin.ui',
  ),
)
[ info ] [ HEADER ] array (
  'cookie' => 'Hm_lvt_bf5b4f36371b120b4279881e456bad4a=1512214604,1513077412',
  'accept-language' => 'zh-CN,zh;q=0.9',
  'accept-encoding' => 'gzip, deflate',
  'referer' => 'http://www.blog.wang.com/',
  'accept' => '*/*',
  'user-agent' => 'Mozilla/5.0 (Windows NT 6.1; Win64; x64) AppleWebKit/537.36 (KHTML, like Gecko) Chrome/62.0.3202.75 Safari/537.36',
  'connection' => 'close',
  'host' => 'www.blog.wang.com',
)
[ info ] [ PARAM ] array (
  'js' => 'slimscroll',
)
[ info ] [ LOG ] INIT File
---------------------------------------------------------------
[ 2017-12-12T19:17:27+08:00 ] 127.0.0.1 127.0.0.1 GET /captcha.html
[ info ] www.blog.wang.com/captcha.html [运行时间：0.049003s][吞吐率：20.41req/s] [内存消耗：1,218.33kb] [文件加载：41]
[ info ] [ LANG ] C:\Thankphp\Thinkphp\thinkphp\lang\zh-cn.php
[ info ] [ ROUTE ] array (
  'type' => 'method',
  'method' => 
  array (
    0 => '\\think\\captcha\\CaptchaController',
    1 => 'index',
  ),
  'var' => 
  array (
  ),
)
[ info ] [ HEADER ] array (
  'cookie' => 'Hm_lvt_bf5b4f36371b120b4279881e456bad4a=1512214604,1513077412',
  'accept-language' => 'zh-CN,zh;q=0.9',
  'accept-encoding' => 'gzip, deflate',
  'referer' => 'http://www.blog.wang.com/',
  'accept' => 'image/webp,image/apng,image/*,*/*;q=0.8',
  'user-agent' => 'Mozilla/5.0 (Windows NT 6.1; Win64; x64) AppleWebKit/537.36 (KHTML, like Gecko) Chrome/62.0.3202.75 Safari/537.36',
  'connection' => 'close',
  'host' => 'www.blog.wang.com',
)
[ info ] [ PARAM ] array (
  'id' => NULL,
)
[ info ] [ RUN ] think\captcha\CaptchaController->index[ C:\Thankphp\Thinkphp\vendor\topthink\think-captcha\src\CaptchaController.php ]
[ info ] [ SESSION ] INIT array (
  'id' => '',
  'var_session_id' => '',
  'prefix' => 'think',
  'type' => '',
  'auto_start' => true,
)
[ info ] [ LOG ] INIT File
---------------------------------------------------------------
[ 2017-12-12T19:17:34+08:00 ] 127.0.0.1 127.0.0.1 POST /
[ info ] www.blog.wang.com/ [运行时间：0.087005s][吞吐率：11.49req/s] [内存消耗：2,323.35kb] [文件加载：64]
[ info ] [ LANG ] C:\Thankphp\Thinkphp\thinkphp\lang\zh-cn.php
[ info ] [ ROUTE ] array (
  'type' => 'module',
  'module' => 
  array (
    0 => '',
    1 => NULL,
    2 => NULL,
  ),
)
[ info ] [ HEADER ] array (
  'cookie' => 'Hm_lvt_bf5b4f36371b120b4279881e456bad4a=1512214604,1513077412; PHPSESSID=vkije9bgt003t58060p9qabb04',
  'accept-language' => 'zh-CN,zh;q=0.9',
  'accept-encoding' => 'gzip, deflate',
  'referer' => 'http://www.blog.wang.com/',
  'accept' => 'text/html,application/xhtml+xml,application/xml;q=0.9,image/webp,image/apng,*/*;q=0.8',
  'user-agent' => 'Mozilla/5.0 (Windows NT 6.1; Win64; x64) AppleWebKit/537.36 (KHTML, like Gecko) Chrome/62.0.3202.75 Safari/537.36',
  'content-type' => 'application/x-www-form-urlencoded',
  'upgrade-insecure-requests' => '1',
  'origin' => 'http://www.blog.wang.com',
  'cache-control' => 'max-age=0',
  'content-length' => '43',
  'connection' => 'close',
  'host' => 'www.blog.wang.com',
)
[ info ] [ PARAM ] array (
  'username' => 'admin',
  'password' => 'admin888',
  'code' => 'ahfmn',
)
[ info ] [ RUN ] app\admin\controller\LoginController->login[ C:\Thankphp\Thinkphp\application\admin\controller\LoginController.php ]
[ info ] [ DB ] INIT mysql
[ info ] [ SESSION ] INIT array (
  'id' => '',
  'var_session_id' => '',
  'prefix' => 'think',
  'type' => '',
  'auto_start' => true,
)
[ info ] [ VIEW ] C:\Thankphp\Thinkphp\thinkphp\tpl\dispatch_jump.tpl [ array (
  0 => 'code',
  1 => 'msg',
  2 => 'data',
  3 => 'url',
  4 => 'wait',
) ]
[ info ] [ LOG ] INIT File
[ sql ] [ DB ] CONNECT:[ UseTime:0.005000s ] mysql:host=127.0.0.1;dbname=test;charset=utf8
[ sql ] [ SQL ] SHOW COLUMNS FROM `admin` [ RunTime:0.019001s ]
[ sql ] [ SQL ] SELECT * FROM `admin` WHERE  `username` = 'admin'  AND `password` = 'h3vPU8JGuF3VS/uxIpjRSw==' LIMIT 1 [ RunTime:0.003000s ]
---------------------------------------------------------------
[ 2017-12-12T19:17:36+08:00 ] 127.0.0.1 127.0.0.1 GET /admin/entry/adminindex.html
[ info ] www.blog.wang.com/admin/entry/adminindex.html [运行时间：0.037002s][吞吐率：27.03req/s] [内存消耗：1,429.68kb] [文件加载：51]
[ info ] [ LANG ] C:\Thankphp\Thinkphp\thinkphp\lang\zh-cn.php
[ info ] [ ROUTE ] array (
  'type' => 'module',
  'module' => 
  array (
    0 => 'admin',
    1 => 'entry',
    2 => 'adminindex',
  ),
)
[ info ] [ HEADER ] array (
  'cookie' => 'Hm_lvt_bf5b4f36371b120b4279881e456bad4a=1512214604,1513077412; PHPSESSID=vkije9bgt003t58060p9qabb04',
  'accept-language' => 'zh-CN,zh;q=0.9',
  'accept-encoding' => 'gzip, deflate',
  'referer' => 'http://www.blog.wang.com/',
  'accept' => 'text/html,application/xhtml+xml,application/xml;q=0.9,image/webp,image/apng,*/*;q=0.8',
  'user-agent' => 'Mozilla/5.0 (Windows NT 6.1; Win64; x64) AppleWebKit/537.36 (KHTML, like Gecko) Chrome/62.0.3202.75 Safari/537.36',
  'upgrade-insecure-requests' => '1',
  'connection' => 'close',
  'host' => 'www.blog.wang.com',
)
[ info ] [ PARAM ] array (
)
[ info ] [ SESSION ] INIT array (
  'id' => '',
  'var_session_id' => '',
  'prefix' => 'think',
  'type' => '',
  'auto_start' => true,
)
[ info ] [ RUN ] app\admin\controller\EntryController->adminindex[ C:\Thankphp\Thinkphp\application\admin\controller\EntryController.php ]
[ info ] [ VIEW ] C:\Thankphp\Thinkphp\public/../application/admin\view\entry\adminindex.html [ array (
) ]
[ info ] [ LOG ] INIT File
---------------------------------------------------------------
[ 2017-12-12T19:17:42+08:00 ] 127.0.0.1 127.0.0.1 GET /admin/article/index.html
[ info ] www.blog.wang.com/admin/article/index.html [运行时间：0.063003s][吞吐率：15.87req/s] [内存消耗：2,187.67kb] [文件加载：58]
[ info ] [ LANG ] C:\Thankphp\Thinkphp\thinkphp\lang\zh-cn.php
[ info ] [ ROUTE ] array (
  'type' => 'module',
  'module' => 
  array (
    0 => 'admin',
    1 => 'article',
    2 => 'index',
  ),
)
[ info ] [ HEADER ] array (
  'cookie' => 'Hm_lvt_bf5b4f36371b120b4279881e456bad4a=1512214604,1513077412; PHPSESSID=vkije9bgt003t58060p9qabb04',
  'accept-language' => 'zh-CN,zh;q=0.9',
  'accept-encoding' => 'gzip, deflate',
  'referer' => 'http://www.blog.wang.com/admin/entry/adminindex.html',
  'accept' => 'text/html,application/xhtml+xml,application/xml;q=0.9,image/webp,image/apng,*/*;q=0.8',
  'user-agent' => 'Mozilla/5.0 (Windows NT 6.1; Win64; x64) AppleWebKit/537.36 (KHTML, like Gecko) Chrome/62.0.3202.75 Safari/537.36',
  'upgrade-insecure-requests' => '1',
  'connection' => 'close',
  'host' => 'www.blog.wang.com',
)
[ info ] [ PARAM ] array (
)
[ info ] [ DB ] INIT mysql
[ info ] [ RUN ] app\admin\controller\ArticleController->index[ C:\Thankphp\Thinkphp\application\admin\controller\ArticleController.php ]
[ info ] [ VIEW ] C:\Thankphp\Thinkphp\public/../application/admin\view\article\index.html [ array (
) ]
[ info ] [ SESSION ] INIT array (
  'id' => '',
  'var_session_id' => '',
  'prefix' => 'think',
  'type' => '',
  'auto_start' => true,
)
[ info ] [ LOG ] INIT File
---------------------------------------------------------------
[ 2017-12-12T19:17:44+08:00 ] 127.0.0.1 127.0.0.1 GET /admin/article/store.html
[ info ] www.blog.wang.com/admin/article/store.html [运行时间：0.088005s][吞吐率：11.36req/s] [内存消耗：2,344.21kb] [文件加载：63]
[ info ] [ LANG ] C:\Thankphp\Thinkphp\thinkphp\lang\zh-cn.php
[ info ] [ ROUTE ] array (
  'type' => 'module',
  'module' => 
  array (
    0 => 'admin',
    1 => 'article',
    2 => 'store',
  ),
)
[ info ] [ HEADER ] array (
  'cookie' => 'Hm_lvt_bf5b4f36371b120b4279881e456bad4a=1512214604,1513077412; PHPSESSID=vkije9bgt003t58060p9qabb04',
  'accept-language' => 'zh-CN,zh;q=0.9',
  'accept-encoding' => 'gzip, deflate',
  'referer' => 'http://www.blog.wang.com/admin/article/index.html',
  'accept' => 'text/html,application/xhtml+xml,application/xml;q=0.9,image/webp,image/apng,*/*;q=0.8',
  'user-agent' => 'Mozilla/5.0 (Windows NT 6.1; Win64; x64) AppleWebKit/537.36 (KHTML, like Gecko) Chrome/62.0.3202.75 Safari/537.36',
  'upgrade-insecure-requests' => '1',
  'connection' => 'close',
  'host' => 'www.blog.wang.com',
)
[ info ] [ PARAM ] array (
)
[ info ] [ DB ] INIT mysql
[ info ] [ RUN ] app\admin\controller\ArticleController->store[ C:\Thankphp\Thinkphp\application\admin\controller\ArticleController.php ]
[ info ] [ VIEW ] C:\Thankphp\Thinkphp\public/../application/admin\view\article\store.html [ array (
  0 => 'cateDate',
  1 => 'tagDate',
) ]
[ info ] [ SESSION ] INIT array (
  'id' => '',
  'var_session_id' => '',
  'prefix' => 'think',
  'type' => '',
  'auto_start' => true,
)
[ info ] [ LOG ] INIT File
[ sql ] [ DB ] CONNECT:[ UseTime:0.001000s ] mysql:host=127.0.0.1;dbname=test;charset=utf8
[ sql ] [ SQL ] SHOW COLUMNS FROM `cate` [ RunTime:0.013001s ]
[ sql ] [ SQL ] SELECT * FROM `cate` ORDER BY sort desc,id [ RunTime:0.001000s ]
[ sql ] [ SQL ] SHOW COLUMNS FROM `tag` [ RunTime:0.012001s ]
[ sql ] [ SQL ] SELECT * FROM `tag` [ RunTime:0.001000s ]
---------------------------------------------------------------
[ 2017-12-12T19:18:07+08:00 ] 127.0.0.1 127.0.0.1 GET /admin/article/store.html
[ info ] www.blog.wang.com/admin/article/store.html [运行时间：0.091005s][吞吐率：10.99req/s] [内存消耗：2,344.40kb] [文件加载：63]
[ info ] [ LANG ] C:\Thankphp\Thinkphp\thinkphp\lang\zh-cn.php
[ info ] [ ROUTE ] array (
  'type' => 'module',
  'module' => 
  array (
    0 => 'admin',
    1 => 'article',
    2 => 'store',
  ),
)
[ info ] [ HEADER ] array (
  'cookie' => 'Hm_lvt_bf5b4f36371b120b4279881e456bad4a=1512214604,1513077412; PHPSESSID=vkije9bgt003t58060p9qabb04',
  'accept-language' => 'zh-CN,zh;q=0.9',
  'accept-encoding' => 'gzip, deflate',
  'referer' => 'http://www.blog.wang.com/admin/article/index.html',
  'accept' => 'text/html,application/xhtml+xml,application/xml;q=0.9,image/webp,image/apng,*/*;q=0.8',
  'user-agent' => 'Mozilla/5.0 (Windows NT 6.1; Win64; x64) AppleWebKit/537.36 (KHTML, like Gecko) Chrome/62.0.3202.75 Safari/537.36',
  'upgrade-insecure-requests' => '1',
  'cache-control' => 'max-age=0',
  'connection' => 'close',
  'host' => 'www.blog.wang.com',
)
[ info ] [ PARAM ] array (
)
[ info ] [ DB ] INIT mysql
[ info ] [ RUN ] app\admin\controller\ArticleController->store[ C:\Thankphp\Thinkphp\application\admin\controller\ArticleController.php ]
[ info ] [ VIEW ] C:\Thankphp\Thinkphp\public/../application/admin\view\article\store.html [ array (
  0 => 'cateDate',
  1 => 'tagDate',
) ]
[ info ] [ SESSION ] INIT array (
  'id' => '',
  'var_session_id' => '',
  'prefix' => 'think',
  'type' => '',
  'auto_start' => true,
)
[ info ] [ LOG ] INIT File
[ sql ] [ DB ] CONNECT:[ UseTime:0.011000s ] mysql:host=127.0.0.1;dbname=test;charset=utf8
[ sql ] [ SQL ] SHOW COLUMNS FROM `cate` [ RunTime:0.011001s ]
[ sql ] [ SQL ] SELECT * FROM `cate` ORDER BY sort desc,id [ RunTime:0.001000s ]
[ sql ] [ SQL ] SHOW COLUMNS FROM `tag` [ RunTime:0.011001s ]
[ sql ] [ SQL ] SELECT * FROM `tag` [ RunTime:0.001000s ]
---------------------------------------------------------------
[ 2017-12-12T19:18:18+08:00 ] 127.0.0.1 127.0.0.1 GET /admin/article/index.html
[ info ] www.blog.wang.com/admin/article/index.html [运行时间：0.054003s][吞吐率：18.52req/s] [内存消耗：2,187.67kb] [文件加载：58]
[ info ] [ LANG ] C:\Thankphp\Thinkphp\thinkphp\lang\zh-cn.php
[ info ] [ ROUTE ] array (
  'type' => 'module',
  'module' => 
  array (
    0 => 'admin',
    1 => 'article',
    2 => 'index',
  ),
)
[ info ] [ HEADER ] array (
  'cookie' => 'Hm_lvt_bf5b4f36371b120b4279881e456bad4a=1512214604,1513077412; PHPSESSID=vkije9bgt003t58060p9qabb04',
  'accept-language' => 'zh-CN,zh;q=0.9',
  'accept-encoding' => 'gzip, deflate',
  'referer' => 'http://www.blog.wang.com/admin/entry/adminindex.html',
  'accept' => 'text/html,application/xhtml+xml,application/xml;q=0.9,image/webp,image/apng,*/*;q=0.8',
  'upgrade-insecure-requests' => '1',
  'user-agent' => 'Mozilla/5.0 (Windows NT 6.1; Win64; x64) AppleWebKit/537.36 (KHTML, like Gecko) Chrome/62.0.3202.75 Safari/537.36',
  'connection' => 'close',
  'host' => 'www.blog.wang.com',
)
[ info ] [ PARAM ] array (
)
[ info ] [ DB ] INIT mysql
[ info ] [ RUN ] app\admin\controller\ArticleController->index[ C:\Thankphp\Thinkphp\application\admin\controller\ArticleController.php ]
[ info ] [ VIEW ] C:\Thankphp\Thinkphp\public/../application/admin\view\article\index.html [ array (
) ]
[ info ] [ SESSION ] INIT array (
  'id' => '',
  'var_session_id' => '',
  'prefix' => 'think',
  'type' => '',
  'auto_start' => true,
)
[ info ] [ LOG ] INIT File
---------------------------------------------------------------
[ 2017-12-12T19:18:19+08:00 ] 127.0.0.1 127.0.0.1 GET /admin/entry/adminindex.html
[ info ] www.blog.wang.com/admin/entry/adminindex.html [运行时间：0.044003s][吞吐率：22.73req/s] [内存消耗：1,429.68kb] [文件加载：51]
[ info ] [ LANG ] C:\Thankphp\Thinkphp\thinkphp\lang\zh-cn.php
[ info ] [ ROUTE ] array (
  'type' => 'module',
  'module' => 
  array (
    0 => 'admin',
    1 => 'entry',
    2 => 'adminindex',
  ),
)
[ info ] [ HEADER ] array (
  'cookie' => 'Hm_lvt_bf5b4f36371b120b4279881e456bad4a=1512214604,1513077412; PHPSESSID=vkije9bgt003t58060p9qabb04',
  'accept-language' => 'zh-CN,zh;q=0.9',
  'accept-encoding' => 'gzip, deflate',
  'referer' => 'http://www.blog.wang.com/',
  'accept' => 'text/html,application/xhtml+xml,application/xml;q=0.9,image/webp,image/apng,*/*;q=0.8',
  'upgrade-insecure-requests' => '1',
  'user-agent' => 'Mozilla/5.0 (Windows NT 6.1; Win64; x64) AppleWebKit/537.36 (KHTML, like Gecko) Chrome/62.0.3202.75 Safari/537.36',
  'connection' => 'close',
  'host' => 'www.blog.wang.com',
)
[ info ] [ PARAM ] array (
)
[ info ] [ SESSION ] INIT array (
  'id' => '',
  'var_session_id' => '',
  'prefix' => 'think',
  'type' => '',
  'auto_start' => true,
)
[ info ] [ RUN ] app\admin\controller\EntryController->adminindex[ C:\Thankphp\Thinkphp\application\admin\controller\EntryController.php ]
[ info ] [ VIEW ] C:\Thankphp\Thinkphp\public/../application/admin\view\entry\adminindex.html [ array (
) ]
[ info ] [ LOG ] INIT File
---------------------------------------------------------------
[ 2017-12-12T19:18:22+08:00 ] 127.0.0.1 127.0.0.1 GET /
[ info ] www.blog.wang.com/ [运行时间：0.037002s][吞吐率：27.03req/s] [内存消耗：1,413.92kb] [文件加载：50]
[ info ] [ LANG ] C:\Thankphp\Thinkphp\thinkphp\lang\zh-cn.php
[ info ] [ ROUTE ] array (
  'type' => 'module',
  'module' => 
  array (
    0 => '',
    1 => NULL,
    2 => NULL,
  ),
)
[ info ] [ HEADER ] array (
  'cookie' => 'Hm_lvt_bf5b4f36371b120b4279881e456bad4a=1512214604,1513077412; PHPSESSID=vkije9bgt003t58060p9qabb04',
  'accept-language' => 'zh-CN,zh;q=0.9',
  'accept-encoding' => 'gzip, deflate',
  'accept' => 'text/html,application/xhtml+xml,application/xml;q=0.9,image/webp,image/apng,*/*;q=0.8',
  'upgrade-insecure-requests' => '1',
  'user-agent' => 'Mozilla/5.0 (Windows NT 6.1; Win64; x64) AppleWebKit/537.36 (KHTML, like Gecko) Chrome/62.0.3202.75 Safari/537.36',
  'connection' => 'close',
  'host' => 'www.blog.wang.com',
)
[ info ] [ PARAM ] array (
)
[ info ] [ RUN ] app\admin\controller\LoginController->login[ C:\Thankphp\Thinkphp\application\admin\controller\LoginController.php ]
[ info ] [ VIEW ] C:\Thankphp\Thinkphp\public/../application/admin\view\login\index.html [ array (
) ]
[ info ] [ LOG ] INIT File
---------------------------------------------------------------
[ 2017-12-12T19:18:22+08:00 ] 127.0.0.1 127.0.0.1 GET /captcha.html
[ info ] www.blog.wang.com/captcha.html [运行时间：0.072005s][吞吐率：13.89req/s] [内存消耗：1,219.16kb] [文件加载：41]
[ info ] [ LANG ] C:\Thankphp\Thinkphp\thinkphp\lang\zh-cn.php
[ info ] [ ROUTE ] array (
  'type' => 'method',
  'method' => 
  array (
    0 => '\\think\\captcha\\CaptchaController',
    1 => 'index',
  ),
  'var' => 
  array (
  ),
)
[ info ] [ HEADER ] array (
  'cookie' => 'Hm_lvt_bf5b4f36371b120b4279881e456bad4a=1512214604,1513077412; PHPSESSID=vkije9bgt003t58060p9qabb04',
  'accept-language' => 'zh-CN,zh;q=0.9',
  'accept-encoding' => 'gzip, deflate',
  'referer' => 'http://www.blog.wang.com/',
  'accept' => 'image/webp,image/apng,image/*,*/*;q=0.8',
  'user-agent' => 'Mozilla/5.0 (Windows NT 6.1; Win64; x64) AppleWebKit/537.36 (KHTML, like Gecko) Chrome/62.0.3202.75 Safari/537.36',
  'connection' => 'close',
  'host' => 'www.blog.wang.com',
)
[ info ] [ PARAM ] array (
  'id' => NULL,
)
[ info ] [ RUN ] think\captcha\CaptchaController->index[ C:\Thankphp\Thinkphp\vendor\topthink\think-captcha\src\CaptchaController.php ]
[ info ] [ SESSION ] INIT array (
  'id' => '',
  'var_session_id' => '',
  'prefix' => 'think',
  'type' => '',
  'auto_start' => true,
)
[ info ] [ LOG ] INIT File
---------------------------------------------------------------
[ 2017-12-12T19:18:37+08:00 ] 127.0.0.1 127.0.0.1 GET /
[ info ] www.blog.wang.com/ [运行时间：0.050003s][吞吐率：20.00req/s] [内存消耗：1,413.88kb] [文件加载：50]
[ info ] [ LANG ] C:\Thankphp\Thinkphp\thinkphp\lang\zh-cn.php
[ info ] [ ROUTE ] array (
  'type' => 'module',
  'module' => 
  array (
    0 => '',
    1 => NULL,
    2 => NULL,
  ),
)
[ info ] [ HEADER ] array (
  'cookie' => 'Hm_lvt_bf5b4f36371b120b4279881e456bad4a=1512214604,1513077412',
  'accept-language' => 'zh-CN,zh;q=0.9',
  'accept-encoding' => 'gzip, deflate',
  'accept' => 'text/html,application/xhtml+xml,application/xml;q=0.9,image/webp,image/apng,*/*;q=0.8',
  'upgrade-insecure-requests' => '1',
  'user-agent' => 'Mozilla/5.0 (Windows NT 6.1; Win64; x64) AppleWebKit/537.36 (KHTML, like Gecko) Chrome/62.0.3202.75 Safari/537.36',
  'connection' => 'close',
  'host' => 'www.blog.wang.com',
)
[ info ] [ PARAM ] array (
)
[ info ] [ RUN ] app\admin\controller\LoginController->login[ C:\Thankphp\Thinkphp\application\admin\controller\LoginController.php ]
[ info ] [ VIEW ] C:\Thankphp\Thinkphp\public/../application/admin\view\login\index.html [ array (
) ]
[ info ] [ LOG ] INIT File
---------------------------------------------------------------
[ 2017-12-12T19:18:37+08:00 ] 127.0.0.1 127.0.0.1 GET /captcha.html
[ info ] www.blog.wang.com/captcha.html [运行时间：0.070004s][吞吐率：14.28req/s] [内存消耗：1,218.33kb] [文件加载：41]
[ info ] [ LANG ] C:\Thankphp\Thinkphp\thinkphp\lang\zh-cn.php
[ info ] [ ROUTE ] array (
  'type' => 'method',
  'method' => 
  array (
    0 => '\\think\\captcha\\CaptchaController',
    1 => 'index',
  ),
  'var' => 
  array (
  ),
)
[ info ] [ HEADER ] array (
  'cookie' => 'Hm_lvt_bf5b4f36371b120b4279881e456bad4a=1512214604,1513077412',
  'accept-language' => 'zh-CN,zh;q=0.9',
  'accept-encoding' => 'gzip, deflate',
  'referer' => 'http://www.blog.wang.com/',
  'accept' => 'image/webp,image/apng,image/*,*/*;q=0.8',
  'user-agent' => 'Mozilla/5.0 (Windows NT 6.1; Win64; x64) AppleWebKit/537.36 (KHTML, like Gecko) Chrome/62.0.3202.75 Safari/537.36',
  'connection' => 'close',
  'host' => 'www.blog.wang.com',
)
[ info ] [ PARAM ] array (
  'id' => NULL,
)
[ info ] [ RUN ] think\captcha\CaptchaController->index[ C:\Thankphp\Thinkphp\vendor\topthink\think-captcha\src\CaptchaController.php ]
[ info ] [ SESSION ] INIT array (
  'id' => '',
  'var_session_id' => '',
  'prefix' => 'think',
  'type' => '',
  'auto_start' => true,
)
[ info ] [ LOG ] INIT File
---------------------------------------------------------------
[ 2017-12-12T19:18:38+08:00 ] 127.0.0.1 127.0.0.1 GET /static/admin/admin.ui/js/slimscroll/jquery.slimscroll.min.js
[ info ] www.blog.wang.com/static/admin/admin.ui/js/slimscroll/jquery.slimscroll.min.js [运行时间：0.040002s][吞吐率：25.00req/s] [内存消耗：1,198.95kb] [文件加载：42]
[ info ] [ LANG ] C:\Thankphp\Thinkphp\thinkphp\lang\zh-cn.php
[ info ] [ ROUTE ] array (
  'type' => 'module',
  'module' => 
  array (
    0 => 'static',
    1 => 'admin',
    2 => 'admin.ui',
  ),
)
[ info ] [ HEADER ] array (
  'cookie' => 'Hm_lvt_bf5b4f36371b120b4279881e456bad4a=1512214604,1513077412',
  'accept-language' => 'zh-CN,zh;q=0.9',
  'accept-encoding' => 'gzip, deflate',
  'referer' => 'http://www.blog.wang.com/',
  'accept' => '*/*',
  'user-agent' => 'Mozilla/5.0 (Windows NT 6.1; Win64; x64) AppleWebKit/537.36 (KHTML, like Gecko) Chrome/62.0.3202.75 Safari/537.36',
  'connection' => 'close',
  'host' => 'www.blog.wang.com',
)
[ info ] [ PARAM ] array (
  'js' => 'slimscroll',
)
[ info ] [ LOG ] INIT File
---------------------------------------------------------------
[ 2017-12-12T19:19:02+08:00 ] 127.0.0.1 127.0.0.1 GET /
[ info ] www.blog.wang.com/ [运行时间：0.043003s][吞吐率：23.25req/s] [内存消耗：1,414.20kb] [文件加载：50]
[ info ] [ LANG ] C:\Thankphp\Thinkphp\thinkphp\lang\zh-cn.php
[ info ] [ ROUTE ] array (
  'type' => 'module',
  'module' => 
  array (
    0 => '',
    1 => NULL,
    2 => NULL,
  ),
)
[ info ] [ HEADER ] array (
  'cookie' => 'Hm_lvt_bf5b4f36371b120b4279881e456bad4a=1512214604,1513077412; PHPSESSID=rtn1colqo1r38p2v632j404v92',
  'accept-language' => 'zh-CN,zh;q=0.9',
  'accept-encoding' => 'gzip, deflate',
  'accept' => 'text/html,application/xhtml+xml,application/xml;q=0.9,image/webp,image/apng,*/*;q=0.8',
  'user-agent' => 'Mozilla/5.0 (Windows NT 6.1; Win64; x64) AppleWebKit/537.36 (KHTML, like Gecko) Chrome/62.0.3202.75 Safari/537.36',
  'upgrade-insecure-requests' => '1',
  'cache-control' => 'max-age=0',
  'connection' => 'close',
  'host' => 'www.blog.wang.com',
)
[ info ] [ PARAM ] array (
)
[ info ] [ RUN ] app\admin\controller\LoginController->login[ C:\Thankphp\Thinkphp\application\admin\controller\LoginController.php ]
[ info ] [ VIEW ] C:\Thankphp\Thinkphp\public/../application/admin\view\login\index.html [ array (
) ]
[ info ] [ LOG ] INIT File
---------------------------------------------------------------
[ 2017-12-12T19:19:02+08:00 ] 127.0.0.1 127.0.0.1 GET /captcha.html
[ info ] www.blog.wang.com/captcha.html [运行时间：0.079004s][吞吐率：12.66req/s] [内存消耗：1,218.56kb] [文件加载：41]
[ info ] [ LANG ] C:\Thankphp\Thinkphp\thinkphp\lang\zh-cn.php
[ info ] [ ROUTE ] array (
  'type' => 'method',
  'method' => 
  array (
    0 => '\\think\\captcha\\CaptchaController',
    1 => 'index',
  ),
  'var' => 
  array (
  ),
)
[ info ] [ HEADER ] array (
  'cookie' => 'Hm_lvt_bf5b4f36371b120b4279881e456bad4a=1512214604,1513077412; PHPSESSID=rtn1colqo1r38p2v632j404v92',
  'accept-language' => 'zh-CN,zh;q=0.9',
  'accept-encoding' => 'gzip, deflate',
  'referer' => 'http://www.blog.wang.com/',
  'accept' => 'image/webp,image/apng,image/*,*/*;q=0.8',
  'user-agent' => 'Mozilla/5.0 (Windows NT 6.1; Win64; x64) AppleWebKit/537.36 (KHTML, like Gecko) Chrome/62.0.3202.75 Safari/537.36',
  'connection' => 'close',
  'host' => 'www.blog.wang.com',
)
[ info ] [ PARAM ] array (
  'id' => NULL,
)
[ info ] [ RUN ] think\captcha\CaptchaController->index[ C:\Thankphp\Thinkphp\vendor\topthink\think-captcha\src\CaptchaController.php ]
[ info ] [ SESSION ] INIT array (
  'id' => '',
  'var_session_id' => '',
  'prefix' => 'think',
  'type' => '',
  'auto_start' => true,
)
[ info ] [ LOG ] INIT File
---------------------------------------------------------------
[ 2017-12-12T19:19:03+08:00 ] 127.0.0.1 127.0.0.1 GET /static/admin/admin.ui/js/slimscroll/jquery.slimscroll.min.js
[ info ] www.blog.wang.com/static/admin/admin.ui/js/slimscroll/jquery.slimscroll.min.js [运行时间：0.035002s][吞吐率：28.57req/s] [内存消耗：1,199.25kb] [文件加载：42]
[ info ] [ LANG ] C:\Thankphp\Thinkphp\thinkphp\lang\zh-cn.php
[ info ] [ ROUTE ] array (
  'type' => 'module',
  'module' => 
  array (
    0 => 'static',
    1 => 'admin',
    2 => 'admin.ui',
  ),
)
[ info ] [ HEADER ] array (
  'cookie' => 'Hm_lvt_bf5b4f36371b120b4279881e456bad4a=1512214604,1513077412; PHPSESSID=rtn1colqo1r38p2v632j404v92',
  'accept-language' => 'zh-CN,zh;q=0.9',
  'accept-encoding' => 'gzip, deflate',
  'referer' => 'http://www.blog.wang.com/',
  'accept' => '*/*',
  'user-agent' => 'Mozilla/5.0 (Windows NT 6.1; Win64; x64) AppleWebKit/537.36 (KHTML, like Gecko) Chrome/62.0.3202.75 Safari/537.36',
  'connection' => 'close',
  'host' => 'www.blog.wang.com',
)
[ info ] [ PARAM ] array (
  'js' => 'slimscroll',
)
[ info ] [ LOG ] INIT File
---------------------------------------------------------------
[ 2017-12-12T19:23:28+08:00 ] 127.0.0.1 127.0.0.1 GET /
[ info ] www.blog.wang.com/ [运行时间：0.062003s][吞吐率：16.13req/s] [内存消耗：1,529.13kb] [文件加载：52]
[ info ] [ LANG ] C:\Thankphp\Thinkphp\thinkphp\lang\zh-cn.php
[ info ] [ ROUTE ] array (
  'type' => 'module',
  'module' => 
  array (
    0 => '',
    1 => NULL,
    2 => NULL,
  ),
)
[ info ] [ HEADER ] array (
  'cookie' => 'Hm_lvt_bf5b4f36371b120b4279881e456bad4a=1512214604,1513077412; PHPSESSID=rtn1colqo1r38p2v632j404v92',
  'accept-language' => 'zh-CN,zh;q=0.9',
  'accept-encoding' => 'gzip, deflate',
  'accept' => 'text/html,application/xhtml+xml,application/xml;q=0.9,image/webp,image/apng,*/*;q=0.8',
  'user-agent' => 'Mozilla/5.0 (Windows NT 6.1; Win64; x64) AppleWebKit/537.36 (KHTML, like Gecko) Chrome/62.0.3202.75 Safari/537.36',
  'upgrade-insecure-requests' => '1',
  'cache-control' => 'max-age=0',
  'connection' => 'close',
  'host' => 'www.blog.wang.com',
)
[ info ] [ PARAM ] array (
)
[ info ] [ RUN ] app\admin\controller\LoginController->login[ C:\Thankphp\Thinkphp\application\admin\controller\LoginController.php ]
[ info ] [ VIEW ] C:\Thankphp\Thinkphp\public/../application/admin\view\login\index.html [ array (
) ]
[ info ] [ LOG ] INIT File
---------------------------------------------------------------
[ 2017-12-12T19:23:28+08:00 ] 127.0.0.1 127.0.0.1 GET /captcha.html
[ info ] www.blog.wang.com/captcha.html [运行时间：0.052003s][吞吐率：19.23req/s] [内存消耗：1,218.56kb] [文件加载：41]
[ info ] [ LANG ] C:\Thankphp\Thinkphp\thinkphp\lang\zh-cn.php
[ info ] [ ROUTE ] array (
  'type' => 'method',
  'method' => 
  array (
    0 => '\\think\\captcha\\CaptchaController',
    1 => 'index',
  ),
  'var' => 
  array (
  ),
)
[ info ] [ HEADER ] array (
  'cookie' => 'Hm_lvt_bf5b4f36371b120b4279881e456bad4a=1512214604,1513077412; PHPSESSID=rtn1colqo1r38p2v632j404v92',
  'accept-language' => 'zh-CN,zh;q=0.9',
  'accept-encoding' => 'gzip, deflate',
  'referer' => 'http://www.blog.wang.com/',
  'accept' => 'image/webp,image/apng,image/*,*/*;q=0.8',
  'user-agent' => 'Mozilla/5.0 (Windows NT 6.1; Win64; x64) AppleWebKit/537.36 (KHTML, like Gecko) Chrome/62.0.3202.75 Safari/537.36',
  'connection' => 'close',
  'host' => 'www.blog.wang.com',
)
[ info ] [ PARAM ] array (
  'id' => NULL,
)
[ info ] [ RUN ] think\captcha\CaptchaController->index[ C:\Thankphp\Thinkphp\vendor\topthink\think-captcha\src\CaptchaController.php ]
[ info ] [ SESSION ] INIT array (
  'id' => '',
  'var_session_id' => '',
  'prefix' => 'think',
  'type' => '',
  'auto_start' => true,
)
[ info ] [ LOG ] INIT File
---------------------------------------------------------------
[ 2017-12-12T19:23:38+08:00 ] 127.0.0.1 127.0.0.1 POST /
[ info ] www.blog.wang.com/ [运行时间：0.080005s][吞吐率：12.50req/s] [内存消耗：2,323.35kb] [文件加载：64]
[ info ] [ LANG ] C:\Thankphp\Thinkphp\thinkphp\lang\zh-cn.php
[ info ] [ ROUTE ] array (
  'type' => 'module',
  'module' => 
  array (
    0 => '',
    1 => NULL,
    2 => NULL,
  ),
)
[ info ] [ HEADER ] array (
  'cookie' => 'Hm_lvt_bf5b4f36371b120b4279881e456bad4a=1512214604,1513077412; PHPSESSID=rtn1colqo1r38p2v632j404v92',
  'accept-language' => 'zh-CN,zh;q=0.9',
  'accept-encoding' => 'gzip, deflate',
  'referer' => 'http://www.blog.wang.com/',
  'accept' => 'text/html,application/xhtml+xml,application/xml;q=0.9,image/webp,image/apng,*/*;q=0.8',
  'user-agent' => 'Mozilla/5.0 (Windows NT 6.1; Win64; x64) AppleWebKit/537.36 (KHTML, like Gecko) Chrome/62.0.3202.75 Safari/537.36',
  'content-type' => 'application/x-www-form-urlencoded',
  'upgrade-insecure-requests' => '1',
  'origin' => 'http://www.blog.wang.com',
  'cache-control' => 'max-age=0',
  'content-length' => '43',
  'connection' => 'close',
  'host' => 'www.blog.wang.com',
)
[ info ] [ PARAM ] array (
  'username' => 'admin',
  'password' => 'admin888',
  'code' => 'juntp',
)
[ info ] [ RUN ] app\admin\controller\LoginController->login[ C:\Thankphp\Thinkphp\application\admin\controller\LoginController.php ]
[ info ] [ DB ] INIT mysql
[ info ] [ SESSION ] INIT array (
  'id' => '',
  'var_session_id' => '',
  'prefix' => 'think',
  'type' => '',
  'auto_start' => true,
)
[ info ] [ VIEW ] C:\Thankphp\Thinkphp\thinkphp\tpl\dispatch_jump.tpl [ array (
  0 => 'code',
  1 => 'msg',
  2 => 'data',
  3 => 'url',
  4 => 'wait',
) ]
[ info ] [ LOG ] INIT File
[ sql ] [ DB ] CONNECT:[ UseTime:0.001000s ] mysql:host=127.0.0.1;dbname=test;charset=utf8
[ sql ] [ SQL ] SHOW COLUMNS FROM `admin` [ RunTime:0.011001s ]
[ sql ] [ SQL ] SELECT * FROM `admin` WHERE  `username` = 'admin'  AND `password` = 'h3vPU8JGuF3VS/uxIpjRSw==' LIMIT 1 [ RunTime:0.001000s ]
---------------------------------------------------------------
[ 2017-12-12T19:23:41+08:00 ] 127.0.0.1 127.0.0.1 GET /admin/entry/adminindex.html
[ info ] www.blog.wang.com/admin/entry/adminindex.html [运行时间：0.043002s][吞吐率：23.25req/s] [内存消耗：1,429.68kb] [文件加载：51]
[ info ] [ LANG ] C:\Thankphp\Thinkphp\thinkphp\lang\zh-cn.php
[ info ] [ ROUTE ] array (
  'type' => 'module',
  'module' => 
  array (
    0 => 'admin',
    1 => 'entry',
    2 => 'adminindex',
  ),
)
[ info ] [ HEADER ] array (
  'cookie' => 'Hm_lvt_bf5b4f36371b120b4279881e456bad4a=1512214604,1513077412; PHPSESSID=rtn1colqo1r38p2v632j404v92',
  'accept-language' => 'zh-CN,zh;q=0.9',
  'accept-encoding' => 'gzip, deflate',
  'referer' => 'http://www.blog.wang.com/',
  'accept' => 'text/html,application/xhtml+xml,application/xml;q=0.9,image/webp,image/apng,*/*;q=0.8',
  'user-agent' => 'Mozilla/5.0 (Windows NT 6.1; Win64; x64) AppleWebKit/537.36 (KHTML, like Gecko) Chrome/62.0.3202.75 Safari/537.36',
  'upgrade-insecure-requests' => '1',
  'connection' => 'close',
  'host' => 'www.blog.wang.com',
)
[ info ] [ PARAM ] array (
)
[ info ] [ SESSION ] INIT array (
  'id' => '',
  'var_session_id' => '',
  'prefix' => 'think',
  'type' => '',
  'auto_start' => true,
)
[ info ] [ RUN ] app\admin\controller\EntryController->adminindex[ C:\Thankphp\Thinkphp\application\admin\controller\EntryController.php ]
[ info ] [ VIEW ] C:\Thankphp\Thinkphp\public/../application/admin\view\entry\adminindex.html [ array (
) ]
[ info ] [ LOG ] INIT File
---------------------------------------------------------------
[ 2017-12-12T19:26:40+08:00 ] 127.0.0.1 127.0.0.1 GET /admin/article/index.html
[ info ] www.blog.wang.com/admin/article/index.html [运行时间：0.057003s][吞吐率：17.54req/s] [内存消耗：2,187.67kb] [文件加载：58]
[ info ] [ LANG ] C:\Thankphp\Thinkphp\thinkphp\lang\zh-cn.php
[ info ] [ ROUTE ] array (
  'type' => 'module',
  'module' => 
  array (
    0 => 'admin',
    1 => 'article',
    2 => 'index',
  ),
)
[ info ] [ HEADER ] array (
  'cookie' => 'Hm_lvt_bf5b4f36371b120b4279881e456bad4a=1512214604,1513077412; PHPSESSID=rtn1colqo1r38p2v632j404v92',
  'accept-language' => 'zh-CN,zh;q=0.9',
  'accept-encoding' => 'gzip, deflate',
  'referer' => 'http://www.blog.wang.com/admin/entry/adminindex.html',
  'accept' => 'text/html,application/xhtml+xml,application/xml;q=0.9,image/webp,image/apng,*/*;q=0.8',
  'user-agent' => 'Mozilla/5.0 (Windows NT 6.1; Win64; x64) AppleWebKit/537.36 (KHTML, like Gecko) Chrome/62.0.3202.75 Safari/537.36',
  'upgrade-insecure-requests' => '1',
  'connection' => 'close',
  'host' => 'www.blog.wang.com',
)
[ info ] [ PARAM ] array (
)
[ info ] [ DB ] INIT mysql
[ info ] [ RUN ] app\admin\controller\ArticleController->index[ C:\Thankphp\Thinkphp\application\admin\controller\ArticleController.php ]
[ info ] [ VIEW ] C:\Thankphp\Thinkphp\public/../application/admin\view\article\index.html [ array (
) ]
[ info ] [ SESSION ] INIT array (
  'id' => '',
  'var_session_id' => '',
  'prefix' => 'think',
  'type' => '',
  'auto_start' => true,
)
[ info ] [ LOG ] INIT File
---------------------------------------------------------------
[ 2017-12-12T19:26:45+08:00 ] 127.0.0.1 127.0.0.1 GET /admin/article/store.html
[ info ] www.blog.wang.com/admin/article/store.html [运行时间：0.086005s][吞吐率：11.63req/s] [内存消耗：2,344.21kb] [文件加载：63]
[ info ] [ LANG ] C:\Thankphp\Thinkphp\thinkphp\lang\zh-cn.php
[ info ] [ ROUTE ] array (
  'type' => 'module',
  'module' => 
  array (
    0 => 'admin',
    1 => 'article',
    2 => 'store',
  ),
)
[ info ] [ HEADER ] array (
  'cookie' => 'Hm_lvt_bf5b4f36371b120b4279881e456bad4a=1512214604,1513077412; PHPSESSID=rtn1colqo1r38p2v632j404v92',
  'accept-language' => 'zh-CN,zh;q=0.9',
  'accept-encoding' => 'gzip, deflate',
  'referer' => 'http://www.blog.wang.com/admin/article/index.html',
  'accept' => 'text/html,application/xhtml+xml,application/xml;q=0.9,image/webp,image/apng,*/*;q=0.8',
  'user-agent' => 'Mozilla/5.0 (Windows NT 6.1; Win64; x64) AppleWebKit/537.36 (KHTML, like Gecko) Chrome/62.0.3202.75 Safari/537.36',
  'upgrade-insecure-requests' => '1',
  'connection' => 'close',
  'host' => 'www.blog.wang.com',
)
[ info ] [ PARAM ] array (
)
[ info ] [ DB ] INIT mysql
[ info ] [ RUN ] app\admin\controller\ArticleController->store[ C:\Thankphp\Thinkphp\application\admin\controller\ArticleController.php ]
[ info ] [ VIEW ] C:\Thankphp\Thinkphp\public/../application/admin\view\article\store.html [ array (
  0 => 'cateDate',
  1 => 'tagDate',
) ]
[ info ] [ SESSION ] INIT array (
  'id' => '',
  'var_session_id' => '',
  'prefix' => 'think',
  'type' => '',
  'auto_start' => true,
)
[ info ] [ LOG ] INIT File
[ sql ] [ DB ] CONNECT:[ UseTime:0.005001s ] mysql:host=127.0.0.1;dbname=test;charset=utf8
[ sql ] [ SQL ] SHOW COLUMNS FROM `cate` [ RunTime:0.012000s ]
[ sql ] [ SQL ] SELECT * FROM `cate` ORDER BY sort desc,id [ RunTime:0.000000s ]
[ sql ] [ SQL ] SHOW COLUMNS FROM `tag` [ RunTime:0.010000s ]
[ sql ] [ SQL ] SELECT * FROM `tag` [ RunTime:0.000000s ]
---------------------------------------------------------------
[ 2017-12-12T19:27:19+08:00 ] 127.0.0.1 127.0.0.1 GET /admin/article/index.html
[ info ] www.blog.wang.com/admin/article/index.html [运行时间：0.053003s][吞吐率：18.87req/s] [内存消耗：2,187.55kb] [文件加载：58]
[ info ] [ LANG ] C:\Thankphp\Thinkphp\thinkphp\lang\zh-cn.php
[ info ] [ ROUTE ] array (
  'type' => 'module',
  'module' => 
  array (
    0 => 'admin',
    1 => 'article',
    2 => 'index',
  ),
)
[ info ] [ HEADER ] array (
  'cookie' => 'Hm_lvt_bf5b4f36371b120b4279881e456bad4a=1512214604,1513077412; PHPSESSID=rtn1colqo1r38p2v632j404v92',
  'accept-language' => 'zh-CN,zh;q=0.9',
  'accept-encoding' => 'gzip, deflate',
  'referer' => 'http://www.blog.wang.com/admin/article/store.html',
  'accept' => 'text/html,application/xhtml+xml,application/xml;q=0.9,image/webp,image/apng,*/*;q=0.8',
  'user-agent' => 'Mozilla/5.0 (Windows NT 6.1; Win64; x64) AppleWebKit/537.36 (KHTML, like Gecko) Chrome/62.0.3202.75 Safari/537.36',
  'upgrade-insecure-requests' => '1',
  'connection' => 'close',
  'host' => 'www.blog.wang.com',
)
[ info ] [ PARAM ] array (
)
[ info ] [ DB ] INIT mysql
[ info ] [ RUN ] app\admin\controller\ArticleController->index[ C:\Thankphp\Thinkphp\application\admin\controller\ArticleController.php ]
[ info ] [ VIEW ] C:\Thankphp\Thinkphp\public/../application/admin\view\article\index.html [ array (
) ]
[ info ] [ SESSION ] INIT array (
  'id' => '',
  'var_session_id' => '',
  'prefix' => 'think',
  'type' => '',
  'auto_start' => true,
)
[ info ] [ LOG ] INIT File
---------------------------------------------------------------
[ 2017-12-12T19:27:23+08:00 ] 127.0.0.1 127.0.0.1 GET /admin/category/index.html
[ info ] www.blog.wang.com/admin/category/index.html [运行时间：0.088005s][吞吐率：11.36req/s] [内存消耗：2,338.98kb] [文件加载：61]
[ info ] [ LANG ] C:\Thankphp\Thinkphp\thinkphp\lang\zh-cn.php
[ info ] [ ROUTE ] array (
  'type' => 'module',
  'module' => 
  array (
    0 => 'admin',
    1 => 'category',
    2 => 'index',
  ),
)
[ info ] [ HEADER ] array (
  'cookie' => 'Hm_lvt_bf5b4f36371b120b4279881e456bad4a=1512214604,1513077412; PHPSESSID=rtn1colqo1r38p2v632j404v92',
  'accept-language' => 'zh-CN,zh;q=0.9',
  'accept-encoding' => 'gzip, deflate',
  'referer' => 'http://www.blog.wang.com/admin/article/index.html',
  'accept' => 'text/html,application/xhtml+xml,application/xml;q=0.9,image/webp,image/apng,*/*;q=0.8',
  'user-agent' => 'Mozilla/5.0 (Windows NT 6.1; Win64; x64) AppleWebKit/537.36 (KHTML, like Gecko) Chrome/62.0.3202.75 Safari/537.36',
  'upgrade-insecure-requests' => '1',
  'connection' => 'close',
  'host' => 'www.blog.wang.com',
)
[ info ] [ PARAM ] array (
)
[ info ] [ DB ] INIT mysql
[ info ] [ RUN ] app\admin\controller\CategoryController->index[ C:\Thankphp\Thinkphp\application\admin\controller\CategoryController.php ]
[ info ] [ VIEW ] C:\Thankphp\Thinkphp\public/../application/admin\view\category\index.html [ array (
  0 => 'field',
) ]
[ info ] [ SESSION ] INIT array (
  'id' => '',
  'var_session_id' => '',
  'prefix' => 'think',
  'type' => '',
  'auto_start' => true,
)
[ info ] [ LOG ] INIT File
[ sql ] [ DB ] CONNECT:[ UseTime:0.011001s ] mysql:host=127.0.0.1;dbname=test;charset=utf8
[ sql ] [ SQL ] SHOW COLUMNS FROM `cate` [ RunTime:0.013000s ]
[ sql ] [ SQL ] SELECT * FROM `cate` ORDER BY sort desc,id [ RunTime:0.001000s ]
---------------------------------------------------------------
[ 2017-12-12T19:27:26+08:00 ] 127.0.0.1 127.0.0.1 GET /admin/category/store.html
[ info ] www.blog.wang.com/admin/category/store.html [运行时间：0.052003s][吞吐率：19.23req/s] [内存消耗：2,197.08kb] [文件加载：58]
[ info ] [ LANG ] C:\Thankphp\Thinkphp\thinkphp\lang\zh-cn.php
[ info ] [ ROUTE ] array (
  'type' => 'module',
  'module' => 
  array (
    0 => 'admin',
    1 => 'category',
    2 => 'store',
  ),
)
[ info ] [ HEADER ] array (
  'cookie' => 'Hm_lvt_bf5b4f36371b120b4279881e456bad4a=1512214604,1513077412; PHPSESSID=rtn1colqo1r38p2v632j404v92',
  'accept-language' => 'zh-CN,zh;q=0.9',
  'accept-encoding' => 'gzip, deflate',
  'referer' => 'http://www.blog.wang.com/admin/category/index.html',
  'accept' => 'text/html,application/xhtml+xml,application/xml;q=0.9,image/webp,image/apng,*/*;q=0.8',
  'user-agent' => 'Mozilla/5.0 (Windows NT 6.1; Win64; x64) AppleWebKit/537.36 (KHTML, like Gecko) Chrome/62.0.3202.75 Safari/537.36',
  'upgrade-insecure-requests' => '1',
  'connection' => 'close',
  'host' => 'www.blog.wang.com',
)
[ info ] [ PARAM ] array (
)
[ info ] [ DB ] INIT mysql
[ info ] [ RUN ] app\admin\controller\CategoryController->store[ C:\Thankphp\Thinkphp\application\admin\controller\CategoryController.php ]
[ info ] [ VIEW ] C:\Thankphp\Thinkphp\public/../application/admin\view\category\store.html [ array (
) ]
[ info ] [ SESSION ] INIT array (
  'id' => '',
  'var_session_id' => '',
  'prefix' => 'think',
  'type' => '',
  'auto_start' => true,
)
[ info ] [ LOG ] INIT File
---------------------------------------------------------------
[ 2017-12-12T19:27:30+08:00 ] 127.0.0.1 127.0.0.1 GET /admin/category/index.html
[ info ] www.blog.wang.com/admin/category/index.html [运行时间：0.072004s][吞吐率：13.89req/s] [内存消耗：2,338.98kb] [文件加载：61]
[ info ] [ LANG ] C:\Thankphp\Thinkphp\thinkphp\lang\zh-cn.php
[ info ] [ ROUTE ] array (
  'type' => 'module',
  'module' => 
  array (
    0 => 'admin',
    1 => 'category',
    2 => 'index',
  ),
)
[ info ] [ HEADER ] array (
  'cookie' => 'Hm_lvt_bf5b4f36371b120b4279881e456bad4a=1512214604,1513077412; PHPSESSID=rtn1colqo1r38p2v632j404v92',
  'accept-language' => 'zh-CN,zh;q=0.9',
  'accept-encoding' => 'gzip, deflate',
  'referer' => 'http://www.blog.wang.com/admin/category/store.html',
  'accept' => 'text/html,application/xhtml+xml,application/xml;q=0.9,image/webp,image/apng,*/*;q=0.8',
  'user-agent' => 'Mozilla/5.0 (Windows NT 6.1; Win64; x64) AppleWebKit/537.36 (KHTML, like Gecko) Chrome/62.0.3202.75 Safari/537.36',
  'upgrade-insecure-requests' => '1',
  'connection' => 'close',
  'host' => 'www.blog.wang.com',
)
[ info ] [ PARAM ] array (
)
[ info ] [ DB ] INIT mysql
[ info ] [ RUN ] app\admin\controller\CategoryController->index[ C:\Thankphp\Thinkphp\application\admin\controller\CategoryController.php ]
[ info ] [ VIEW ] C:\Thankphp\Thinkphp\public/../application/admin\view\category\index.html [ array (
  0 => 'field',
) ]
[ info ] [ SESSION ] INIT array (
  'id' => '',
  'var_session_id' => '',
  'prefix' => 'think',
  'type' => '',
  'auto_start' => true,
)
[ info ] [ LOG ] INIT File
[ sql ] [ DB ] CONNECT:[ UseTime:0.002000s ] mysql:host=127.0.0.1;dbname=test;charset=utf8
[ sql ] [ SQL ] SHOW COLUMNS FROM `cate` [ RunTime:0.011001s ]
[ sql ] [ SQL ] SELECT * FROM `cate` ORDER BY sort desc,id [ RunTime:0.000000s ]
---------------------------------------------------------------
[ 2017-12-12T19:27:31+08:00 ] 127.0.0.1 127.0.0.1 GET /admin/article/index.html
[ info ] www.blog.wang.com/admin/article/index.html [运行时间：0.051003s][吞吐率：19.61req/s] [内存消耗：2,187.55kb] [文件加载：58]
[ info ] [ LANG ] C:\Thankphp\Thinkphp\thinkphp\lang\zh-cn.php
[ info ] [ ROUTE ] array (
  'type' => 'module',
  'module' => 
  array (
    0 => 'admin',
    1 => 'article',
    2 => 'index',
  ),
)
[ info ] [ HEADER ] array (
  'cookie' => 'Hm_lvt_bf5b4f36371b120b4279881e456bad4a=1512214604,1513077412; PHPSESSID=rtn1colqo1r38p2v632j404v92',
  'accept-language' => 'zh-CN,zh;q=0.9',
  'accept-encoding' => 'gzip, deflate',
  'referer' => 'http://www.blog.wang.com/admin/category/index.html',
  'accept' => 'text/html,application/xhtml+xml,application/xml;q=0.9,image/webp,image/apng,*/*;q=0.8',
  'user-agent' => 'Mozilla/5.0 (Windows NT 6.1; Win64; x64) AppleWebKit/537.36 (KHTML, like Gecko) Chrome/62.0.3202.75 Safari/537.36',
  'upgrade-insecure-requests' => '1',
  'connection' => 'close',
  'host' => 'www.blog.wang.com',
)
[ info ] [ PARAM ] array (
)
[ info ] [ DB ] INIT mysql
[ info ] [ RUN ] app\admin\controller\ArticleController->index[ C:\Thankphp\Thinkphp\application\admin\controller\ArticleController.php ]
[ info ] [ VIEW ] C:\Thankphp\Thinkphp\public/../application/admin\view\article\index.html [ array (
) ]
[ info ] [ SESSION ] INIT array (
  'id' => '',
  'var_session_id' => '',
  'prefix' => 'think',
  'type' => '',
  'auto_start' => true,
)
[ info ] [ LOG ] INIT File
---------------------------------------------------------------
[ 2017-12-12T19:27:35+08:00 ] 127.0.0.1 127.0.0.1 GET /admin/article/store.html
[ info ] www.blog.wang.com/admin/article/store.html [运行时间：0.094005s][吞吐率：10.64req/s] [内存消耗：2,344.21kb] [文件加载：63]
[ info ] [ LANG ] C:\Thankphp\Thinkphp\thinkphp\lang\zh-cn.php
[ info ] [ ROUTE ] array (
  'type' => 'module',
  'module' => 
  array (
    0 => 'admin',
    1 => 'article',
    2 => 'store',
  ),
)
[ info ] [ HEADER ] array (
  'cookie' => 'Hm_lvt_bf5b4f36371b120b4279881e456bad4a=1512214604,1513077412; PHPSESSID=rtn1colqo1r38p2v632j404v92',
  'accept-language' => 'zh-CN,zh;q=0.9',
  'accept-encoding' => 'gzip, deflate',
  'referer' => 'http://www.blog.wang.com/admin/article/index.html',
  'accept' => 'text/html,application/xhtml+xml,application/xml;q=0.9,image/webp,image/apng,*/*;q=0.8',
  'user-agent' => 'Mozilla/5.0 (Windows NT 6.1; Win64; x64) AppleWebKit/537.36 (KHTML, like Gecko) Chrome/62.0.3202.75 Safari/537.36',
  'upgrade-insecure-requests' => '1',
  'connection' => 'close',
  'host' => 'www.blog.wang.com',
)
[ info ] [ PARAM ] array (
)
[ info ] [ DB ] INIT mysql
[ info ] [ RUN ] app\admin\controller\ArticleController->store[ C:\Thankphp\Thinkphp\application\admin\controller\ArticleController.php ]
[ info ] [ VIEW ] C:\Thankphp\Thinkphp\public/../application/admin\view\article\store.html [ array (
  0 => 'cateDate',
  1 => 'tagDate',
) ]
[ info ] [ SESSION ] INIT array (
  'id' => '',
  'var_session_id' => '',
  'prefix' => 'think',
  'type' => '',
  'auto_start' => true,
)
[ info ] [ LOG ] INIT File
[ sql ] [ DB ] CONNECT:[ UseTime:0.011001s ] mysql:host=127.0.0.1;dbname=test;charset=utf8
[ sql ] [ SQL ] SHOW COLUMNS FROM `cate` [ RunTime:0.012001s ]
[ sql ] [ SQL ] SELECT * FROM `cate` ORDER BY sort desc,id [ RunTime:0.001000s ]
[ sql ] [ SQL ] SHOW COLUMNS FROM `tag` [ RunTime:0.013001s ]
[ sql ] [ SQL ] SELECT * FROM `tag` [ RunTime:0.001000s ]
---------------------------------------------------------------
[ 2017-12-12T19:28:25+08:00 ] 127.0.0.1 127.0.0.1 GET /
[ info ] www.blog.wang.com/ [运行时间：0.047003s][吞吐率：21.28req/s] [内存消耗：1,413.87kb] [文件加载：50]
[ info ] [ LANG ] C:\Thankphp\Thinkphp\thinkphp\lang\zh-cn.php
[ info ] [ ROUTE ] array (
  'type' => 'module',
  'module' => 
  array (
    0 => '',
    1 => NULL,
    2 => NULL,
  ),
)
[ info ] [ HEADER ] array (
  'cookie' => 'Hm_lvt_bf5b4f36371b120b4279881e456bad4a=1512644392',
  'accept-language' => 'zh-CN,zh;q=0.8',
  'accept-encoding' => 'gzip, deflate, sdch',
  'user-agent' => 'Mozilla/5.0 (Windows NT 6.1; WOW64) AppleWebKit/537.36 (KHTML, like Gecko) Chrome/49.0.2623.221 Safari/537.36 SE 2.X MetaSr 1.0',
  'upgrade-insecure-requests' => '1',
  'accept' => 'text/html,application/xhtml+xml,application/xml;q=0.9,image/webp,*/*;q=0.8',
  'connection' => 'close',
  'host' => 'www.blog.wang.com',
)
[ info ] [ PARAM ] array (
)
[ info ] [ RUN ] app\admin\controller\LoginController->login[ C:\Thankphp\Thinkphp\application\admin\controller\LoginController.php ]
[ info ] [ VIEW ] C:\Thankphp\Thinkphp\public/../application/admin\view\login\index.html [ array (
) ]
[ info ] [ LOG ] INIT File
---------------------------------------------------------------
[ 2017-12-12T19:28:25+08:00 ] 127.0.0.1 127.0.0.1 GET /captcha.html
[ info ] www.blog.wang.com/captcha.html [运行时间：0.060004s][吞吐率：16.67req/s] [内存消耗：1,218.33kb] [文件加载：41]
[ info ] [ LANG ] C:\Thankphp\Thinkphp\thinkphp\lang\zh-cn.php
[ info ] [ ROUTE ] array (
  'type' => 'method',
  'method' => 
  array (
    0 => '\\think\\captcha\\CaptchaController',
    1 => 'index',
  ),
  'var' => 
  array (
  ),
)
[ info ] [ HEADER ] array (
  'cookie' => 'Hm_lvt_bf5b4f36371b120b4279881e456bad4a=1512644392',
  'accept-language' => 'zh-CN,zh;q=0.8',
  'accept-encoding' => 'gzip, deflate, sdch',
  'referer' => 'http://www.blog.wang.com/',
  'user-agent' => 'Mozilla/5.0 (Windows NT 6.1; WOW64) AppleWebKit/537.36 (KHTML, like Gecko) Chrome/49.0.2623.221 Safari/537.36 SE 2.X MetaSr 1.0',
  'accept' => 'image/webp,image/*,*/*;q=0.8',
  'connection' => 'close',
  'host' => 'www.blog.wang.com',
)
[ info ] [ PARAM ] array (
  'id' => NULL,
)
[ info ] [ RUN ] think\captcha\CaptchaController->index[ C:\Thankphp\Thinkphp\vendor\topthink\think-captcha\src\CaptchaController.php ]
[ info ] [ SESSION ] INIT array (
  'id' => '',
  'var_session_id' => '',
  'prefix' => 'think',
  'type' => '',
  'auto_start' => true,
)
[ info ] [ LOG ] INIT File
---------------------------------------------------------------
[ 2017-12-12T19:29:54+08:00 ] 127.0.0.1 127.0.0.1 GET /admin/article/index.html
[ info ] www.blog.wang.com/admin/article/index.html [运行时间：0.068004s][吞吐率：14.70req/s] [内存消耗：2,187.80kb] [文件加载：58]
[ info ] [ LANG ] C:\Thankphp\Thinkphp\thinkphp\lang\zh-cn.php
[ info ] [ ROUTE ] array (
  'type' => 'module',
  'module' => 
  array (
    0 => 'admin',
    1 => 'article',
    2 => 'index',
  ),
)
[ info ] [ HEADER ] array (
  'cookie' => 'Hm_lvt_bf5b4f36371b120b4279881e456bad4a=1512214604,1513077412; PHPSESSID=rtn1colqo1r38p2v632j404v92',
  'accept-language' => 'zh-CN,zh;q=0.9',
  'accept-encoding' => 'gzip, deflate',
  'referer' => 'http://www.blog.wang.com/admin/article/store.html',
  'accept' => 'text/html,application/xhtml+xml,application/xml;q=0.9,image/webp,image/apng,*/*;q=0.8',
  'user-agent' => 'Mozilla/5.0 (Windows NT 6.1; Win64; x64) AppleWebKit/537.36 (KHTML, like Gecko) Chrome/62.0.3202.75 Safari/537.36',
  'upgrade-insecure-requests' => '1',
  'connection' => 'close',
  'host' => 'www.blog.wang.com',
)
[ info ] [ PARAM ] array (
)
[ info ] [ DB ] INIT mysql
[ info ] [ RUN ] app\admin\controller\ArticleController->index[ C:\Thankphp\Thinkphp\application\admin\controller\ArticleController.php ]
[ info ] [ VIEW ] C:\Thankphp\Thinkphp\public/../application/admin\view\article\index.html [ array (
) ]
[ info ] [ SESSION ] INIT array (
  'id' => '',
  'var_session_id' => '',
  'prefix' => 'think',
  'type' => '',
  'auto_start' => true,
)
[ info ] [ LOG ] INIT File
---------------------------------------------------------------
[ 2017-12-12T19:30:21+08:00 ] 127.0.0.1 127.0.0.1 GET /admin/article/store.html
[ info ] www.blog.wang.com/admin/article/store.html [运行时间：0.110007s][吞吐率：9.09req/s] [内存消耗：2,344.47kb] [文件加载：63]
[ info ] [ LANG ] C:\Thankphp\Thinkphp\thinkphp\lang\zh-cn.php
[ info ] [ ROUTE ] array (
  'type' => 'module',
  'module' => 
  array (
    0 => 'admin',
    1 => 'article',
    2 => 'store',
  ),
)
[ info ] [ HEADER ] array (
  'cookie' => 'Hm_lvt_bf5b4f36371b120b4279881e456bad4a=1512214604,1513077412; PHPSESSID=rtn1colqo1r38p2v632j404v92',
  'accept-language' => 'zh-CN,zh;q=0.9',
  'accept-encoding' => 'gzip, deflate',
  'referer' => 'http://www.blog.wang.com/admin/article/index.html',
  'accept' => 'text/html,application/xhtml+xml,application/xml;q=0.9,image/webp,image/apng,*/*;q=0.8',
  'user-agent' => 'Mozilla/5.0 (Windows NT 6.1; Win64; x64) AppleWebKit/537.36 (KHTML, like Gecko) Chrome/62.0.3202.75 Safari/537.36',
  'upgrade-insecure-requests' => '1',
  'connection' => 'close',
  'host' => 'www.blog.wang.com',
)
[ info ] [ PARAM ] array (
)
[ info ] [ DB ] INIT mysql
[ info ] [ RUN ] app\admin\controller\ArticleController->store[ C:\Thankphp\Thinkphp\application\admin\controller\ArticleController.php ]
[ info ] [ VIEW ] C:\Thankphp\Thinkphp\public/../application/admin\view\article\store.html [ array (
  0 => 'cateDate',
  1 => 'tagDate',
) ]
[ info ] [ SESSION ] INIT array (
  'id' => '',
  'var_session_id' => '',
  'prefix' => 'think',
  'type' => '',
  'auto_start' => true,
)
[ info ] [ LOG ] INIT File
[ sql ] [ DB ] CONNECT:[ UseTime:0.011001s ] mysql:host=127.0.0.1;dbname=test;charset=utf8
[ sql ] [ SQL ] SHOW COLUMNS FROM `cate` [ RunTime:0.013001s ]
[ sql ] [ SQL ] SELECT * FROM `cate` ORDER BY sort desc,id [ RunTime:0.001000s ]
[ sql ] [ SQL ] SHOW COLUMNS FROM `tag` [ RunTime:0.019001s ]
[ sql ] [ SQL ] SELECT * FROM `tag` [ RunTime:0.001000s ]
---------------------------------------------------------------
[ 2017-12-12T19:30:34+08:00 ] 127.0.0.1 127.0.0.1 POST /system/component/fileslists.html?&type=image
[ info ] www.blog.wang.com/system/component/fileslists.html?&type=image [运行时间：0.131007s][吞吐率：7.63req/s] [内存消耗：2,083.38kb] [文件加载：56]
[ info ] [ LANG ] C:\Thankphp\Thinkphp\thinkphp\lang\zh-cn.php
[ info ] [ ROUTE ] array (
  'type' => 'module',
  'module' => 
  array (
    0 => 'system',
    1 => 'component',
    2 => 'fileslists',
  ),
)
[ info ] [ HEADER ] array (
  'cookie' => 'Hm_lvt_bf5b4f36371b120b4279881e456bad4a=1512214604,1513077412; PHPSESSID=rtn1colqo1r38p2v632j404v92',
  'accept-language' => 'zh-CN,zh;q=0.9',
  'accept-encoding' => 'gzip, deflate',
  'referer' => 'http://www.blog.wang.com/admin/article/store.html',
  'content-type' => 'application/x-www-form-urlencoded; charset=UTF-8',
  'user-agent' => 'Mozilla/5.0 (Windows NT 6.1; Win64; x64) AppleWebKit/537.36 (KHTML, like Gecko) Chrome/62.0.3202.75 Safari/537.36',
  'x-requested-with' => 'XMLHttpRequest',
  'origin' => 'http://www.blog.wang.com',
  'accept' => 'application/json, text/javascript, */*; q=0.01',
  'content-length' => '33',
  'connection' => 'close',
  'host' => 'www.blog.wang.com',
)
[ info ] [ PARAM ] array (
  'type' => 'image',
  'extensions' => 'gif,jpg,jpeg,png',
)
[ info ] [ RUN ] app\system\controller\ComponentController->filesLists[ C:\Thankphp\Thinkphp\application\system\controller\ComponentController.php ]
[ info ] [ DB ] INIT mysql
[ info ] [ LOG ] INIT File
[ sql ] [ DB ] CONNECT:[ UseTime:0.014001s ] mysql:host=127.0.0.1;dbname=test;charset=utf8
[ sql ] [ SQL ] SHOW COLUMNS FROM `attachment` [ RunTime:0.025001s ]
[ sql ] [ SQL ] SELECT COUNT(*) AS tp_count FROM `attachment` WHERE  `extensions` IN ('gif','jpg','jpeg','png') LIMIT 1 [ RunTime:0.002000s ]
[ sql ] [ SQL ] SELECT * FROM `attachment` WHERE  `extensions` IN ('gif','jpg','jpeg','png') ORDER BY id desc LIMIT 0,5 [ RunTime:0.002000s ]
---------------------------------------------------------------
[ 2017-12-12T19:30:42+08:00 ] 127.0.0.1 127.0.0.1 POST /admin/article/store.html
[ info ] www.blog.wang.com/admin/article/store.html [运行时间：0.051003s][吞吐率：19.61req/s] [内存消耗：2,149.92kb] [文件加载：58]
[ info ] [ LANG ] C:\Thankphp\Thinkphp\thinkphp\lang\zh-cn.php
[ info ] [ ROUTE ] array (
  'type' => 'module',
  'module' => 
  array (
    0 => 'admin',
    1 => 'article',
    2 => 'store',
  ),
)
[ info ] [ HEADER ] array (
  'cookie' => 'Hm_lvt_bf5b4f36371b120b4279881e456bad4a=1512214604,1513077412; PHPSESSID=rtn1colqo1r38p2v632j404v92',
  'accept-language' => 'zh-CN,zh;q=0.9',
  'accept-encoding' => 'gzip, deflate',
  'referer' => 'http://www.blog.wang.com/admin/article/store.html',
  'accept' => 'text/html,application/xhtml+xml,application/xml;q=0.9,image/webp,image/apng,*/*;q=0.8',
  'user-agent' => 'Mozilla/5.0 (Windows NT 6.1; Win64; x64) AppleWebKit/537.36 (KHTML, like Gecko) Chrome/62.0.3202.75 Safari/537.36',
  'content-type' => 'application/x-www-form-urlencoded',
  'upgrade-insecure-requests' => '1',
  'origin' => 'http://www.blog.wang.com',
  'cache-control' => 'max-age=0',
  'content-length' => '173',
  'connection' => 'close',
  'host' => 'www.blog.wang.com',
)
[ info ] [ PARAM ] array (
  'title' => 'aw',
  'author' => 'sad',
  'sort' => '100',
  'cate_id' => '0',
  'tag' => 
  array (
    0 => '20',
    1 => '21',
  ),
  'thumb' => '/uploads/20171209/b238c872031402b905f3b0310f4c61e1.jpg',
  'abstract' => 'asd',
  'content' => '<p>asd</p>',
)
[ info ] [ DB ] INIT mysql
[ info ] [ RUN ] app\admin\controller\ArticleController->store[ C:\Thankphp\Thinkphp\application\admin\controller\ArticleController.php ]
[ info ] [ LOG ] INIT File
---------------------------------------------------------------
[ 2017-12-12T19:55:26+08:00 ] 127.0.0.1 127.0.0.1 GET /admin/article/store.html
[ info ] www.blog.wang.com/admin/article/store.html [运行时间：0.103005s][吞吐率：9.71req/s] [内存消耗：2,344.98kb] [文件加载：63]
[ info ] [ LANG ] C:\Thankphp\Thinkphp\thinkphp\lang\zh-cn.php
[ info ] [ ROUTE ] array (
  'type' => 'module',
  'module' => 
  array (
    0 => 'admin',
    1 => 'article',
    2 => 'store',
  ),
)
[ info ] [ HEADER ] array (
  'cookie' => 'Hm_lvt_bf5b4f36371b120b4279881e456bad4a=1512214604,1513077412; PHPSESSID=rtn1colqo1r38p2v632j404v92',
  'accept-language' => 'zh-CN,zh;q=0.9',
  'accept-encoding' => 'gzip, deflate',
  'referer' => 'http://www.blog.wang.com/admin/article/index.html',
  'accept' => 'text/html,application/xhtml+xml,application/xml;q=0.9,image/webp,image/apng,*/*;q=0.8',
  'upgrade-insecure-requests' => '1',
  'user-agent' => 'Mozilla/5.0 (Windows NT 6.1; Win64; x64) AppleWebKit/537.36 (KHTML, like Gecko) Chrome/62.0.3202.75 Safari/537.36',
  'connection' => 'close',
  'host' => 'www.blog.wang.com',
)
[ info ] [ PARAM ] array (
)
[ info ] [ DB ] INIT mysql
[ info ] [ RUN ] app\admin\controller\ArticleController->store[ C:\Thankphp\Thinkphp\application\admin\controller\ArticleController.php ]
[ info ] [ VIEW ] C:\Thankphp\Thinkphp\public/../application/admin\view\article\store.html [ array (
  0 => 'cateDate',
  1 => 'tagDate',
) ]
[ info ] [ SESSION ] INIT array (
  'id' => '',
  'var_session_id' => '',
  'prefix' => 'think',
  'type' => '',
  'auto_start' => true,
)
[ info ] [ LOG ] INIT File
[ sql ] [ DB ] CONNECT:[ UseTime:0.003000s ] mysql:host=127.0.0.1;dbname=test;charset=utf8
[ sql ] [ SQL ] SHOW COLUMNS FROM `cate` [ RunTime:0.014001s ]
[ sql ] [ SQL ] SELECT * FROM `cate` ORDER BY sort desc,id [ RunTime:0.000000s ]
[ sql ] [ SQL ] SHOW COLUMNS FROM `tag` [ RunTime:0.013001s ]
[ sql ] [ SQL ] SELECT * FROM `tag` [ RunTime:0.001000s ]
---------------------------------------------------------------
[ 2017-12-12T19:55:33+08:00 ] 127.0.0.1 127.0.0.1 POST /admin/article/store.html
[ info ] www.blog.wang.com/admin/article/store.html [运行时间：0.049003s][吞吐率：20.41req/s] [内存消耗：2,136.17kb] [文件加载：59]
[ info ] [ LANG ] C:\Thankphp\Thinkphp\thinkphp\lang\zh-cn.php
[ info ] [ ROUTE ] array (
  'type' => 'module',
  'module' => 
  array (
    0 => 'admin',
    1 => 'article',
    2 => 'store',
  ),
)
[ info ] [ HEADER ] array (
  'cookie' => 'Hm_lvt_bf5b4f36371b120b4279881e456bad4a=1512214604,1513077412; PHPSESSID=rtn1colqo1r38p2v632j404v92',
  'accept-language' => 'zh-CN,zh;q=0.9',
  'accept-encoding' => 'gzip, deflate',
  'referer' => 'http://www.blog.wang.com/admin/article/store.html',
  'accept' => 'text/html,application/xhtml+xml,application/xml;q=0.9,image/webp,image/apng,*/*;q=0.8',
  'user-agent' => 'Mozilla/5.0 (Windows NT 6.1; Win64; x64) AppleWebKit/537.36 (KHTML, like Gecko) Chrome/62.0.3202.75 Safari/537.36',
  'content-type' => 'application/x-www-form-urlencoded',
  'upgrade-insecure-requests' => '1',
  'origin' => 'http://www.blog.wang.com',
  'cache-control' => 'max-age=0',
  'content-length' => '173',
  'connection' => 'close',
  'host' => 'www.blog.wang.com',
)
[ info ] [ PARAM ] array (
  'title' => 'aw',
  'author' => 'sad',
  'sort' => '100',
  'cate_id' => '0',
  'tag' => 
  array (
    0 => '20',
    1 => '21',
  ),
  'thumb' => '/uploads/20171209/b238c872031402b905f3b0310f4c61e1.jpg',
  'abstract' => 'asd',
  'content' => '<p>asd</p>',
)
[ info ] [ DB ] INIT mysql
[ info ] [ RUN ] app\admin\controller\ArticleController->store[ C:\Thankphp\Thinkphp\application\admin\controller\ArticleController.php ]
[ info ] [ VIEW ] C:\Thankphp\Thinkphp\thinkphp\tpl\dispatch_jump.tpl [ array (
  0 => 'code',
  1 => 'msg',
  2 => 'data',
  3 => 'url',
  4 => 'wait',
) ]
[ info ] [ LOG ] INIT File
---------------------------------------------------------------
[ 2017-12-12T19:55:35+08:00 ] 127.0.0.1 127.0.0.1 GET /admin/article/store.html
[ info ] www.blog.wang.com/admin/article/store.html [运行时间：0.104006s][吞吐率：9.61req/s] [内存消耗：2,344.98kb] [文件加载：63]
[ info ] [ LANG ] C:\Thankphp\Thinkphp\thinkphp\lang\zh-cn.php
[ info ] [ ROUTE ] array (
  'type' => 'module',
  'module' => 
  array (
    0 => 'admin',
    1 => 'article',
    2 => 'store',
  ),
)
[ info ] [ HEADER ] array (
  'cookie' => 'Hm_lvt_bf5b4f36371b120b4279881e456bad4a=1512214604,1513077412; PHPSESSID=rtn1colqo1r38p2v632j404v92',
  'accept-language' => 'zh-CN,zh;q=0.9',
  'accept-encoding' => 'gzip, deflate',
  'referer' => 'http://www.blog.wang.com/admin/article/index.html',
  'accept' => 'text/html,application/xhtml+xml,application/xml;q=0.9,image/webp,image/apng,*/*;q=0.8',
  'upgrade-insecure-requests' => '1',
  'user-agent' => 'Mozilla/5.0 (Windows NT 6.1; Win64; x64) AppleWebKit/537.36 (KHTML, like Gecko) Chrome/62.0.3202.75 Safari/537.36',
  'connection' => 'close',
  'host' => 'www.blog.wang.com',
)
[ info ] [ PARAM ] array (
)
[ info ] [ DB ] INIT mysql
[ info ] [ RUN ] app\admin\controller\ArticleController->store[ C:\Thankphp\Thinkphp\application\admin\controller\ArticleController.php ]
[ info ] [ VIEW ] C:\Thankphp\Thinkphp\public/../application/admin\view\article\store.html [ array (
  0 => 'cateDate',
  1 => 'tagDate',
) ]
[ info ] [ SESSION ] INIT array (
  'id' => '',
  'var_session_id' => '',
  'prefix' => 'think',
  'type' => '',
  'auto_start' => true,
)
[ info ] [ LOG ] INIT File
[ sql ] [ DB ] CONNECT:[ UseTime:0.011001s ] mysql:host=127.0.0.1;dbname=test;charset=utf8
[ sql ] [ SQL ] SHOW COLUMNS FROM `cate` [ RunTime:0.013000s ]
[ sql ] [ SQL ] SELECT * FROM `cate` ORDER BY sort desc,id [ RunTime:0.001000s ]
[ sql ] [ SQL ] SHOW COLUMNS FROM `tag` [ RunTime:0.012000s ]
[ sql ] [ SQL ] SELECT * FROM `tag` [ RunTime:0.001000s ]
---------------------------------------------------------------
[ 2017-12-12T19:57:14+08:00 ] 127.0.0.1 127.0.0.1 POST /admin/article/store.html
[ info ] www.blog.wang.com/admin/article/store.html [运行时间：0.077004s][吞吐率：12.99req/s] [内存消耗：2,255.08kb] [文件加载：61]
[ info ] [ LANG ] C:\Thankphp\Thinkphp\thinkphp\lang\zh-cn.php
[ info ] [ ROUTE ] array (
  'type' => 'module',
  'module' => 
  array (
    0 => 'admin',
    1 => 'article',
    2 => 'store',
  ),
)
[ info ] [ HEADER ] array (
  'cookie' => 'Hm_lvt_bf5b4f36371b120b4279881e456bad4a=1512214604,1513077412; PHPSESSID=rtn1colqo1r38p2v632j404v92',
  'accept-language' => 'zh-CN,zh;q=0.9',
  'accept-encoding' => 'gzip, deflate',
  'referer' => 'http://www.blog.wang.com/admin/article/store.html',
  'accept' => 'text/html,application/xhtml+xml,application/xml;q=0.9,image/webp,image/apng,*/*;q=0.8',
  'user-agent' => 'Mozilla/5.0 (Windows NT 6.1; Win64; x64) AppleWebKit/537.36 (KHTML, like Gecko) Chrome/62.0.3202.75 Safari/537.36',
  'content-type' => 'application/x-www-form-urlencoded',
  'upgrade-insecure-requests' => '1',
  'origin' => 'http://www.blog.wang.com',
  'cache-control' => 'max-age=0',
  'content-length' => '174',
  'connection' => 'close',
  'host' => 'www.blog.wang.com',
)
[ info ] [ PARAM ] array (
  'title' => 'aw',
  'author' => 'sad',
  'sort' => '100',
  'cate_id' => '21',
  'tag' => 
  array (
    0 => '20',
    1 => '21',
  ),
  'thumb' => '/uploads/20171209/b238c872031402b905f3b0310f4c61e1.jpg',
  'abstract' => 'asd',
  'content' => '<p>asd</p>',
)
[ info ] [ DB ] INIT mysql
[ info ] [ RUN ] app\admin\controller\ArticleController->store[ C:\Thankphp\Thinkphp\application\admin\controller\ArticleController.php ]
[ info ] [ SESSION ] INIT array (
  'id' => '',
  'var_session_id' => '',
  'prefix' => 'think',
  'type' => '',
  'auto_start' => true,
)
[ info ] [ LOG ] INIT File
[ sql ] [ DB ] CONNECT:[ UseTime:0.002000s ] mysql:host=127.0.0.1;dbname=test;charset=utf8
[ sql ] [ SQL ] SHOW COLUMNS FROM `article` [ RunTime:0.016001s ]
[ error ] [0]数据表字段不存在:[tag][C:\Thankphp\Thinkphp\thinkphp\library\think\db\Builder.php:109]
---------------------------------------------------------------
[ 2017-12-12T19:57:20+08:00 ] 127.0.0.1 127.0.0.1 GET /admin/article/store.html
[ info ] www.blog.wang.com/admin/article/store.html [运行时间：0.099006s][吞吐率：10.10req/s] [内存消耗：2,344.98kb] [文件加载：63]
[ info ] [ LANG ] C:\Thankphp\Thinkphp\thinkphp\lang\zh-cn.php
[ info ] [ ROUTE ] array (
  'type' => 'module',
  'module' => 
  array (
    0 => 'admin',
    1 => 'article',
    2 => 'store',
  ),
)
[ info ] [ HEADER ] array (
  'cookie' => 'Hm_lvt_bf5b4f36371b120b4279881e456bad4a=1512214604,1513077412; PHPSESSID=rtn1colqo1r38p2v632j404v92',
  'accept-language' => 'zh-CN,zh;q=0.9',
  'accept-encoding' => 'gzip, deflate',
  'referer' => 'http://www.blog.wang.com/admin/article/index.html',
  'accept' => 'text/html,application/xhtml+xml,application/xml;q=0.9,image/webp,image/apng,*/*;q=0.8',
  'upgrade-insecure-requests' => '1',
  'user-agent' => 'Mozilla/5.0 (Windows NT 6.1; Win64; x64) AppleWebKit/537.36 (KHTML, like Gecko) Chrome/62.0.3202.75 Safari/537.36',
  'connection' => 'close',
  'host' => 'www.blog.wang.com',
)
[ info ] [ PARAM ] array (
)
[ info ] [ DB ] INIT mysql
[ info ] [ RUN ] app\admin\controller\ArticleController->store[ C:\Thankphp\Thinkphp\application\admin\controller\ArticleController.php ]
[ info ] [ VIEW ] C:\Thankphp\Thinkphp\public/../application/admin\view\article\store.html [ array (
  0 => 'cateDate',
  1 => 'tagDate',
) ]
[ info ] [ SESSION ] INIT array (
  'id' => '',
  'var_session_id' => '',
  'prefix' => 'think',
  'type' => '',
  'auto_start' => true,
)
[ info ] [ LOG ] INIT File
[ sql ] [ DB ] CONNECT:[ UseTime:0.001000s ] mysql:host=127.0.0.1;dbname=test;charset=utf8
[ sql ] [ SQL ] SHOW COLUMNS FROM `cate` [ RunTime:0.017001s ]
[ sql ] [ SQL ] SELECT * FROM `cate` ORDER BY sort desc,id [ RunTime:0.000000s ]
[ sql ] [ SQL ] SHOW COLUMNS FROM `tag` [ RunTime:0.013001s ]
[ sql ] [ SQL ] SELECT * FROM `tag` [ RunTime:0.001000s ]
---------------------------------------------------------------
[ 2017-12-12T19:59:33+08:00 ] 127.0.0.1 127.0.0.1 POST /admin/article/store.html
[ info ] www.blog.wang.com/admin/article/store.html [运行时间：0.078004s][吞吐率：12.82req/s] [内存消耗：2,255.08kb] [文件加载：61]
[ info ] [ LANG ] C:\Thankphp\Thinkphp\thinkphp\lang\zh-cn.php
[ info ] [ ROUTE ] array (
  'type' => 'module',
  'module' => 
  array (
    0 => 'admin',
    1 => 'article',
    2 => 'store',
  ),
)
[ info ] [ HEADER ] array (
  'cookie' => 'Hm_lvt_bf5b4f36371b120b4279881e456bad4a=1512214604,1513077412; PHPSESSID=rtn1colqo1r38p2v632j404v92',
  'accept-language' => 'zh-CN,zh;q=0.9',
  'accept-encoding' => 'gzip, deflate',
  'referer' => 'http://www.blog.wang.com/admin/article/store.html',
  'accept' => 'text/html,application/xhtml+xml,application/xml;q=0.9,image/webp,image/apng,*/*;q=0.8',
  'user-agent' => 'Mozilla/5.0 (Windows NT 6.1; Win64; x64) AppleWebKit/537.36 (KHTML, like Gecko) Chrome/62.0.3202.75 Safari/537.36',
  'content-type' => 'application/x-www-form-urlencoded',
  'upgrade-insecure-requests' => '1',
  'origin' => 'http://www.blog.wang.com',
  'cache-control' => 'max-age=0',
  'content-length' => '174',
  'connection' => 'close',
  'host' => 'www.blog.wang.com',
)
[ info ] [ PARAM ] array (
  'title' => 'aw',
  'author' => 'sad',
  'sort' => '100',
  'cate_id' => '21',
  'tag' => 
  array (
    0 => '20',
    1 => '21',
  ),
  'thumb' => '/uploads/20171209/b238c872031402b905f3b0310f4c61e1.jpg',
  'abstract' => 'asd',
  'content' => '<p>asd</p>',
)
[ info ] [ DB ] INIT mysql
[ info ] [ RUN ] app\admin\controller\ArticleController->store[ C:\Thankphp\Thinkphp\application\admin\controller\ArticleController.php ]
[ info ] [ SESSION ] INIT array (
  'id' => '',
  'var_session_id' => '',
  'prefix' => 'think',
  'type' => '',
  'auto_start' => true,
)
[ info ] [ LOG ] INIT File
[ sql ] [ DB ] CONNECT:[ UseTime:0.011000s ] mysql:host=127.0.0.1;dbname=test;charset=utf8
[ sql ] [ SQL ] SHOW COLUMNS FROM `article` [ RunTime:0.011001s ]
[ error ] [0]数据表字段不存在:[tag][C:\Thankphp\Thinkphp\thinkphp\library\think\db\Builder.php:109]
---------------------------------------------------------------
[ 2017-12-12T19:59:39+08:00 ] 127.0.0.1 127.0.0.1 GET /admin/article/store.html
[ info ] www.blog.wang.com/admin/article/store.html [运行时间：0.093005s][吞吐率：10.75req/s] [内存消耗：2,344.98kb] [文件加载：63]
[ info ] [ LANG ] C:\Thankphp\Thinkphp\thinkphp\lang\zh-cn.php
[ info ] [ ROUTE ] array (
  'type' => 'module',
  'module' => 
  array (
    0 => 'admin',
    1 => 'article',
    2 => 'store',
  ),
)
[ info ] [ HEADER ] array (
  'cookie' => 'Hm_lvt_bf5b4f36371b120b4279881e456bad4a=1512214604,1513077412; PHPSESSID=rtn1colqo1r38p2v632j404v92',
  'accept-language' => 'zh-CN,zh;q=0.9',
  'accept-encoding' => 'gzip, deflate',
  'referer' => 'http://www.blog.wang.com/admin/article/index.html',
  'accept' => 'text/html,application/xhtml+xml,application/xml;q=0.9,image/webp,image/apng,*/*;q=0.8',
  'upgrade-insecure-requests' => '1',
  'user-agent' => 'Mozilla/5.0 (Windows NT 6.1; Win64; x64) AppleWebKit/537.36 (KHTML, like Gecko) Chrome/62.0.3202.75 Safari/537.36',
  'connection' => 'close',
  'host' => 'www.blog.wang.com',
)
[ info ] [ PARAM ] array (
)
[ info ] [ DB ] INIT mysql
[ info ] [ RUN ] app\admin\controller\ArticleController->store[ C:\Thankphp\Thinkphp\application\admin\controller\ArticleController.php ]
[ info ] [ VIEW ] C:\Thankphp\Thinkphp\public/../application/admin\view\article\store.html [ array (
  0 => 'cateDate',
  1 => 'tagDate',
) ]
[ info ] [ SESSION ] INIT array (
  'id' => '',
  'var_session_id' => '',
  'prefix' => 'think',
  'type' => '',
  'auto_start' => true,
)
[ info ] [ LOG ] INIT File
[ sql ] [ DB ] CONNECT:[ UseTime:0.002000s ] mysql:host=127.0.0.1;dbname=test;charset=utf8
[ sql ] [ SQL ] SHOW COLUMNS FROM `cate` [ RunTime:0.011001s ]
[ sql ] [ SQL ] SELECT * FROM `cate` ORDER BY sort desc,id [ RunTime:0.001000s ]
[ sql ] [ SQL ] SHOW COLUMNS FROM `tag` [ RunTime:0.010000s ]
[ sql ] [ SQL ] SELECT * FROM `tag` [ RunTime:0.000000s ]
---------------------------------------------------------------
[ 2017-12-12T20:05:04+08:00 ] 127.0.0.1 127.0.0.1 POST /admin/article/store.html
[ info ] www.blog.wang.com/admin/article/store.html [运行时间：0.104006s][吞吐率：9.61req/s] [内存消耗：2,243.71kb] [文件加载：62]
[ info ] [ LANG ] C:\Thankphp\Thinkphp\thinkphp\lang\zh-cn.php
[ info ] [ ROUTE ] array (
  'type' => 'module',
  'module' => 
  array (
    0 => 'admin',
    1 => 'article',
    2 => 'store',
  ),
)
[ info ] [ HEADER ] array (
  'cookie' => 'Hm_lvt_bf5b4f36371b120b4279881e456bad4a=1512214604,1513077412; PHPSESSID=rtn1colqo1r38p2v632j404v92',
  'accept-language' => 'zh-CN,zh;q=0.9',
  'accept-encoding' => 'gzip, deflate',
  'referer' => 'http://www.blog.wang.com/admin/article/store.html',
  'accept' => 'text/html,application/xhtml+xml,application/xml;q=0.9,image/webp,image/apng,*/*;q=0.8',
  'user-agent' => 'Mozilla/5.0 (Windows NT 6.1; Win64; x64) AppleWebKit/537.36 (KHTML, like Gecko) Chrome/62.0.3202.75 Safari/537.36',
  'content-type' => 'application/x-www-form-urlencoded',
  'upgrade-insecure-requests' => '1',
  'origin' => 'http://www.blog.wang.com',
  'cache-control' => 'max-age=0',
  'content-length' => '174',
  'connection' => 'close',
  'host' => 'www.blog.wang.com',
)
[ info ] [ PARAM ] array (
  'title' => 'aw',
  'author' => 'sad',
  'sort' => '100',
  'cate_id' => '21',
  'tag' => 
  array (
    0 => '20',
    1 => '21',
  ),
  'thumb' => '/uploads/20171209/b238c872031402b905f3b0310f4c61e1.jpg',
  'abstract' => 'asd',
  'content' => '<p>asd</p>',
)
[ info ] [ DB ] INIT mysql
[ info ] [ RUN ] app\admin\controller\ArticleController->store[ C:\Thankphp\Thinkphp\application\admin\controller\ArticleController.php ]
[ info ] [ SESSION ] INIT array (
  'id' => '',
  'var_session_id' => '',
  'prefix' => 'think',
  'type' => '',
  'auto_start' => true,
)
[ info ] [ VIEW ] C:\Thankphp\Thinkphp\thinkphp\tpl\dispatch_jump.tpl [ array (
  0 => 'code',
  1 => 'msg',
  2 => 'data',
  3 => 'url',
  4 => 'wait',
) ]
[ info ] [ LOG ] INIT File
[ sql ] [ DB ] CONNECT:[ UseTime:0.003000s ] mysql:host=127.0.0.1;dbname=test;charset=utf8
[ sql ] [ SQL ] SHOW COLUMNS FROM `article` [ RunTime:0.011001s ]
[ sql ] [ SQL ] INSERT INTO `article` (`title` , `author` , `sort` , `cate_id` , `thumb` , `abstract` , `content` , `admin_id` , `sendtime`) VALUES ('aw' , 'sad' , 100 , 21 , '/uploads/20171209/b238c872031402b905f3b0310f4c61e1.jpg' , 'asd' , '<p>asd</p>' , 3 , '2017-12-12') [ RunTime:0.004000s ]
[ sql ] [ SQL ] SHOW COLUMNS FROM `arc_tag` [ RunTime:0.015001s ]
[ sql ] [ SQL ] INSERT INTO `arc_tag` (`tag_tagid` , `article_articleid`) VALUES (20 , 6) [ RunTime:0.000000s ]
[ sql ] [ SQL ] INSERT INTO `arc_tag` (`tag_tagid` , `article_articleid`) VALUES (21 , 6) [ RunTime:0.000000s ]
---------------------------------------------------------------
[ 2017-12-12T20:05:05+08:00 ] 127.0.0.1 127.0.0.1 GET /admin/article/index.html
[ info ] www.blog.wang.com/admin/article/index.html [运行时间：0.054003s][吞吐率：18.52req/s] [内存消耗：2,188.63kb] [文件加载：58]
[ info ] [ LANG ] C:\Thankphp\Thinkphp\thinkphp\lang\zh-cn.php
[ info ] [ ROUTE ] array (
  'type' => 'module',
  'module' => 
  array (
    0 => 'admin',
    1 => 'article',
    2 => 'index',
  ),
)
[ info ] [ HEADER ] array (
  'cookie' => 'Hm_lvt_bf5b4f36371b120b4279881e456bad4a=1512214604,1513077412; PHPSESSID=rtn1colqo1r38p2v632j404v92',
  'accept-language' => 'zh-CN,zh;q=0.9',
  'accept-encoding' => 'gzip, deflate',
  'referer' => 'http://www.blog.wang.com/admin/article/store.html',
  'accept' => 'text/html,application/xhtml+xml,application/xml;q=0.9,image/webp,image/apng,*/*;q=0.8',
  'user-agent' => 'Mozilla/5.0 (Windows NT 6.1; Win64; x64) AppleWebKit/537.36 (KHTML, like Gecko) Chrome/62.0.3202.75 Safari/537.36',
  'upgrade-insecure-requests' => '1',
  'connection' => 'close',
  'host' => 'www.blog.wang.com',
)
[ info ] [ PARAM ] array (
)
[ info ] [ DB ] INIT mysql
[ info ] [ RUN ] app\admin\controller\ArticleController->index[ C:\Thankphp\Thinkphp\application\admin\controller\ArticleController.php ]
[ info ] [ VIEW ] C:\Thankphp\Thinkphp\public/../application/admin\view\article\index.html [ array (
) ]
[ info ] [ SESSION ] INIT array (
  'id' => '',
  'var_session_id' => '',
  'prefix' => 'think',
  'type' => '',
  'auto_start' => true,
)
[ info ] [ LOG ] INIT File
---------------------------------------------------------------
[ 2017-12-12T20:09:41+08:00 ] 127.0.0.1 127.0.0.1 GET /admin/tag/index.html
[ info ] www.blog.wang.com/admin/tag/index.html [运行时间：0.076004s][吞吐率：13.16req/s] [内存消耗：2,338.33kb] [文件加载：62]
[ info ] [ LANG ] C:\Thankphp\Thinkphp\thinkphp\lang\zh-cn.php
[ info ] [ ROUTE ] array (
  'type' => 'module',
  'module' => 
  array (
    0 => 'admin',
    1 => 'tag',
    2 => 'index',
  ),
)
[ info ] [ HEADER ] array (
  'cookie' => 'Hm_lvt_bf5b4f36371b120b4279881e456bad4a=1512214604,1513077412; PHPSESSID=rtn1colqo1r38p2v632j404v92',
  'accept-language' => 'zh-CN,zh;q=0.9',
  'accept-encoding' => 'gzip, deflate',
  'referer' => 'http://www.blog.wang.com/admin/article/index.html',
  'accept' => 'text/html,application/xhtml+xml,application/xml;q=0.9,image/webp,image/apng,*/*;q=0.8',
  'user-agent' => 'Mozilla/5.0 (Windows NT 6.1; Win64; x64) AppleWebKit/537.36 (KHTML, like Gecko) Chrome/62.0.3202.75 Safari/537.36',
  'upgrade-insecure-requests' => '1',
  'connection' => 'close',
  'host' => 'www.blog.wang.com',
)
[ info ] [ PARAM ] array (
)
[ info ] [ DB ] INIT mysql
[ info ] [ RUN ] app\admin\controller\TagController->index[ C:\Thankphp\Thinkphp\application\admin\controller\TagController.php ]
[ info ] [ VIEW ] C:\Thankphp\Thinkphp\public/../application/admin\view\tag\index.html [ array (
  0 => 'field',
  1 => 'page',
) ]
[ info ] [ SESSION ] INIT array (
  'id' => '',
  'var_session_id' => '',
  'prefix' => 'think',
  'type' => '',
  'auto_start' => true,
)
[ info ] [ LOG ] INIT File
[ sql ] [ DB ] CONNECT:[ UseTime:0.001000s ] mysql:host=127.0.0.1;dbname=test;charset=utf8
[ sql ] [ SQL ] SHOW COLUMNS FROM `tag` [ RunTime:0.010001s ]
[ sql ] [ SQL ] SELECT COUNT(*) AS tp_count FROM `tag` LIMIT 1 [ RunTime:0.000000s ]
[ sql ] [ SQL ] SELECT * FROM `tag` LIMIT 0,4 [ RunTime:0.002000s ]
---------------------------------------------------------------
[ 2017-12-12T20:09:44+08:00 ] 127.0.0.1 127.0.0.1 GET /admin/article/index.html
[ info ] www.blog.wang.com/admin/article/index.html [运行时间：0.063003s][吞吐率：15.87req/s] [内存消耗：2,333.32kb] [文件加载：60]
[ info ] [ LANG ] C:\Thankphp\Thinkphp\thinkphp\lang\zh-cn.php
[ info ] [ ROUTE ] array (
  'type' => 'module',
  'module' => 
  array (
    0 => 'admin',
    1 => 'article',
    2 => 'index',
  ),
)
[ info ] [ HEADER ] array (
  'cookie' => 'Hm_lvt_bf5b4f36371b120b4279881e456bad4a=1512214604,1513077412; PHPSESSID=rtn1colqo1r38p2v632j404v92',
  'accept-language' => 'zh-CN,zh;q=0.9',
  'accept-encoding' => 'gzip, deflate',
  'referer' => 'http://www.blog.wang.com/admin/tag/index.html',
  'accept' => 'text/html,application/xhtml+xml,application/xml;q=0.9,image/webp,image/apng,*/*;q=0.8',
  'user-agent' => 'Mozilla/5.0 (Windows NT 6.1; Win64; x64) AppleWebKit/537.36 (KHTML, like Gecko) Chrome/62.0.3202.75 Safari/537.36',
  'upgrade-insecure-requests' => '1',
  'connection' => 'close',
  'host' => 'www.blog.wang.com',
)
[ info ] [ PARAM ] array (
)
[ info ] [ DB ] INIT mysql
[ info ] [ RUN ] app\admin\controller\ArticleController->index[ C:\Thankphp\Thinkphp\application\admin\controller\ArticleController.php ]
[ info ] [ VIEW ] C:\Thankphp\Thinkphp\public/../application/admin\view\article\index.html [ array (
) ]
[ info ] [ SESSION ] INIT array (
  'id' => '',
  'var_session_id' => '',
  'prefix' => 'think',
  'type' => '',
  'auto_start' => true,
)
[ info ] [ LOG ] INIT File
