---------------------------------------------------------------
[ 2017-12-20T15:32:07+08:00 ] 172.17.129.168 218.205.55.112 GET /Thinkphp/public/
[ info ] 101.201.236.33/Thinkphp/public/ [运行时间：0.031250s][吞吐率：32.00req/s] [内存消耗：1,397.06kb] [文件加载：40]
[ info ] [ LANG ] C:\phpStudy\WWW\Thinkphp\thinkphp\lang\zh-cn.php
[ info ] [ ROUTE ] array (
  'type' => 'module',
  'module' => 
  array (
    0 => '',
    1 => NULL,
    2 => NULL,
  ),
)
[ info ] [ HEADER ] array (
  'host' => '101.201.236.33',
  'connection' => 'keep-alive',
  'accept' => 'text/html,application/xhtml+xml,application/xml;q=0.9,image/webp,*/*;q=0.8',
  'upgrade-insecure-requests' => '1',
  'user-agent' => 'Mozilla/5.0 (Windows NT 6.1; WOW64) AppleWebKit/537.36 (KHTML, like Gecko) Chrome/49.0.2623.221 Safari/537.36 SE 2.X MetaSr 1.0',
  'accept-encoding' => 'gzip, deflate, sdch',
  'accept-language' => 'zh-CN,zh;q=0.8',
)
[ info ] [ PARAM ] array (
)
[ info ] [ RUN ] app\index\controller\IndexController->index[ C:\phpStudy\WWW\Thinkphp\application\index\controller\IndexController.php ]
[ info ] [ LOG ] INIT File
